ARM GAS  /tmp/ccwJuiNc.s 			page 1


   1              		.syntax unified
   2              		.cpu cortex-m3
   3              		.fpu softvfp
   4              		.eabi_attribute 20, 1
   5              		.eabi_attribute 21, 1
   6              		.eabi_attribute 23, 3
   7              		.eabi_attribute 24, 1
   8              		.eabi_attribute 25, 1
   9              		.eabi_attribute 26, 1
  10              		.eabi_attribute 30, 1
  11              		.eabi_attribute 34, 1
  12              		.eabi_attribute 18, 4
  13              		.thumb
  14              		.file	"exosd.c"
  15              		.text
  16              	.Ltext0:
  17              		.cfi_sections	.debug_frame
  18              		.global	UserDefineFont1
  19              		.section	.rodata.UserDefineFont1,"a",%progbits
  20              		.align	2
  23              	UserDefineFont1:
  24 0000 00       		.byte	0
  25 0001 1F       		.byte	31
  26 0002 00       		.byte	0
  27 0003 3F       		.byte	63
  28 0004 00       		.byte	0
  29 0005 73       		.byte	115
  30 0006 00       		.byte	0
  31 0007 E3       		.byte	-29
  32 0008 01       		.byte	1
  33 0009 C3       		.byte	-61
  34 000a 03       		.byte	3
  35 000b 83       		.byte	-125
  36 000c FF       		.byte	-1
  37 000d 03       		.byte	3
  38 000e FE       		.byte	-2
  39 000f 03       		.byte	3
  40 0010 C6       		.byte	-58
  41 0011 03       		.byte	3
  42 0012 C6       		.byte	-58
  43 0013 03       		.byte	3
  44 0014 C6       		.byte	-58
  45 0015 03       		.byte	3
  46 0016 C6       		.byte	-58
  47 0017 03       		.byte	3
  48 0018 FE       		.byte	-2
  49 0019 03       		.byte	3
  50 001a FF       		.byte	-1
  51 001b 03       		.byte	3
  52 001c 03       		.byte	3
  53 001d 83       		.byte	-125
  54 001e 01       		.byte	1
  55 001f C3       		.byte	-61
  56 0020 00       		.byte	0
  57 0021 E3       		.byte	-29
  58 0022 00       		.byte	0
  59 0023 73       		.byte	115
ARM GAS  /tmp/ccwJuiNc.s 			page 2


  60 0024 00       		.byte	0
  61 0025 3F       		.byte	63
  62 0026 00       		.byte	0
  63 0027 1F       		.byte	31
  64 0028 06       		.byte	6
  65 0029 00       		.byte	0
  66 002a 07       		.byte	7
  67 002b 00       		.byte	0
  68 002c 07       		.byte	7
  69 002d 80       		.byte	-128
  70 002e 07       		.byte	7
  71 002f C0       		.byte	-64
  72 0030 07       		.byte	7
  73 0031 E0       		.byte	-32
  74 0032 07       		.byte	7
  75 0033 F0       		.byte	-16
  76 0034 FF       		.byte	-1
  77 0035 F8       		.byte	-8
  78 0036 FF       		.byte	-1
  79 0037 FC       		.byte	-4
  80 0038 FF       		.byte	-1
  81 0039 FE       		.byte	-2
  82 003a FF       		.byte	-1
  83 003b FF       		.byte	-1
  84 003c FF       		.byte	-1
  85 003d FF       		.byte	-1
  86 003e FF       		.byte	-1
  87 003f FE       		.byte	-2
  88 0040 FF       		.byte	-1
  89 0041 FC       		.byte	-4
  90 0042 FF       		.byte	-1
  91 0043 F8       		.byte	-8
  92 0044 07       		.byte	7
  93 0045 F0       		.byte	-16
  94 0046 07       		.byte	7
  95 0047 E0       		.byte	-32
  96 0048 07       		.byte	7
  97 0049 C0       		.byte	-64
  98 004a 07       		.byte	7
  99 004b 80       		.byte	-128
 100 004c 07       		.byte	7
 101 004d 00       		.byte	0
 102 004e 06       		.byte	6
 103 004f 00       		.byte	0
 104 0050 00       		.byte	0
 105 0051 60       		.byte	96
 106 0052 00       		.byte	0
 107 0053 E0       		.byte	-32
 108 0054 01       		.byte	1
 109 0055 E0       		.byte	-32
 110 0056 03       		.byte	3
 111 0057 E0       		.byte	-32
 112 0058 07       		.byte	7
 113 0059 E0       		.byte	-32
 114 005a 0F       		.byte	15
 115 005b E0       		.byte	-32
 116 005c 1F       		.byte	31
ARM GAS  /tmp/ccwJuiNc.s 			page 3


 117 005d FF       		.byte	-1
 118 005e 3F       		.byte	63
 119 005f FF       		.byte	-1
 120 0060 7F       		.byte	127
 121 0061 FF       		.byte	-1
 122 0062 FF       		.byte	-1
 123 0063 FF       		.byte	-1
 124 0064 FF       		.byte	-1
 125 0065 FF       		.byte	-1
 126 0066 7F       		.byte	127
 127 0067 FF       		.byte	-1
 128 0068 3F       		.byte	63
 129 0069 FF       		.byte	-1
 130 006a 1F       		.byte	31
 131 006b FF       		.byte	-1
 132 006c 0F       		.byte	15
 133 006d E0       		.byte	-32
 134 006e 07       		.byte	7
 135 006f E0       		.byte	-32
 136 0070 03       		.byte	3
 137 0071 E0       		.byte	-32
 138 0072 01       		.byte	1
 139 0073 E0       		.byte	-32
 140 0074 00       		.byte	0
 141 0075 E0       		.byte	-32
 142 0076 00       		.byte	0
 143 0077 60       		.byte	96
 144 0078 00       		.byte	0
 145 0079 00       		.byte	0
 146 007a 0F       		.byte	15
 147 007b F0       		.byte	-16
 148 007c 0F       		.byte	15
 149 007d F0       		.byte	-16
 150 007e 0F       		.byte	15
 151 007f F0       		.byte	-16
 152 0080 0F       		.byte	15
 153 0081 F0       		.byte	-16
 154 0082 0F       		.byte	15
 155 0083 F0       		.byte	-16
 156 0084 0F       		.byte	15
 157 0085 F0       		.byte	-16
 158 0086 0F       		.byte	15
 159 0087 F0       		.byte	-16
 160 0088 0F       		.byte	15
 161 0089 F0       		.byte	-16
 162 008a 0F       		.byte	15
 163 008b F0       		.byte	-16
 164 008c FF       		.byte	-1
 165 008d FF       		.byte	-1
 166 008e FF       		.byte	-1
 167 008f FF       		.byte	-1
 168 0090 7F       		.byte	127
 169 0091 FE       		.byte	-2
 170 0092 3F       		.byte	63
 171 0093 FC       		.byte	-4
 172 0094 1F       		.byte	31
 173 0095 F8       		.byte	-8
ARM GAS  /tmp/ccwJuiNc.s 			page 4


 174 0096 0F       		.byte	15
 175 0097 F0       		.byte	-16
 176 0098 07       		.byte	7
 177 0099 E0       		.byte	-32
 178 009a 03       		.byte	3
 179 009b C0       		.byte	-64
 180 009c 01       		.byte	1
 181 009d 80       		.byte	-128
 182 009e 00       		.byte	0
 183 009f 00       		.byte	0
 184 00a0 00       		.byte	0
 185 00a1 3C       		.byte	60
 186 00a2 00       		.byte	0
 187 00a3 7C       		.byte	124
 188 00a4 00       		.byte	0
 189 00a5 7C       		.byte	124
 190 00a6 00       		.byte	0
 191 00a7 7C       		.byte	124
 192 00a8 00       		.byte	0
 193 00a9 78       		.byte	120
 194 00aa 00       		.byte	0
 195 00ab F8       		.byte	-8
 196 00ac 00       		.byte	0
 197 00ad F8       		.byte	-8
 198 00ae 00       		.byte	0
 199 00af F8       		.byte	-8
 200 00b0 00       		.byte	0
 201 00b1 F0       		.byte	-16
 202 00b2 01       		.byte	1
 203 00b3 F0       		.byte	-16
 204 00b4 01       		.byte	1
 205 00b5 F0       		.byte	-16
 206 00b6 01       		.byte	1
 207 00b7 F0       		.byte	-16
 208 00b8 01       		.byte	1
 209 00b9 E0       		.byte	-32
 210 00ba 03       		.byte	3
 211 00bb E0       		.byte	-32
 212 00bc 03       		.byte	3
 213 00bd E0       		.byte	-32
 214 00be 03       		.byte	3
 215 00bf E0       		.byte	-32
 216 00c0 03       		.byte	3
 217 00c1 FF       		.byte	-1
 218 00c2 07       		.byte	7
 219 00c3 FF       		.byte	-1
 220 00c4 07       		.byte	7
 221 00c5 FF       		.byte	-1
 222 00c6 07       		.byte	7
 223 00c7 FF       		.byte	-1
 224 00c8 07       		.byte	7
 225 00c9 80       		.byte	-128
 226 00ca 0F       		.byte	15
 227 00cb 80       		.byte	-128
 228 00cc 0F       		.byte	15
 229 00cd 80       		.byte	-128
 230 00ce 0F       		.byte	15
ARM GAS  /tmp/ccwJuiNc.s 			page 5


 231 00cf 80       		.byte	-128
 232 00d0 0F       		.byte	15
 233 00d1 00       		.byte	0
 234 00d2 1F       		.byte	31
 235 00d3 00       		.byte	0
 236 00d4 1F       		.byte	31
 237 00d5 00       		.byte	0
 238 00d6 1F       		.byte	31
 239 00d7 00       		.byte	0
 240 00d8 1E       		.byte	30
 241 00d9 00       		.byte	0
 242 00da 3E       		.byte	62
 243 00db 00       		.byte	0
 244 00dc 3E       		.byte	62
 245 00dd 00       		.byte	0
 246 00de 3E       		.byte	62
 247 00df 00       		.byte	0
 248 00e0 3C       		.byte	60
 249 00e1 00       		.byte	0
 250 00e2 7C       		.byte	124
 251 00e3 00       		.byte	0
 252 00e4 7C       		.byte	124
 253 00e5 00       		.byte	0
 254 00e6 7C       		.byte	124
 255 00e7 00       		.byte	0
 256 00e8 78       		.byte	120
 257 00e9 00       		.byte	0
 258 00ea F8       		.byte	-8
 259 00eb 00       		.byte	0
 260 00ec F8       		.byte	-8
 261 00ed 00       		.byte	0
 262 00ee F8       		.byte	-8
 263 00ef 00       		.byte	0
 264 00f0 00       		.byte	0
 265 00f1 01       		.byte	1
 266 00f2 00       		.byte	0
 267 00f3 01       		.byte	1
 268 00f4 00       		.byte	0
 269 00f5 01       		.byte	1
 270 00f6 00       		.byte	0
 271 00f7 03       		.byte	3
 272 00f8 00       		.byte	0
 273 00f9 03       		.byte	3
 274 00fa 00       		.byte	0
 275 00fb 03       		.byte	3
 276 00fc 00       		.byte	0
 277 00fd 07       		.byte	7
 278 00fe 00       		.byte	0
 279 00ff 07       		.byte	7
 280 0100 00       		.byte	0
 281 0101 07       		.byte	7
 282 0102 00       		.byte	0
 283 0103 07       		.byte	7
 284 0104 00       		.byte	0
 285 0105 0F       		.byte	15
 286 0106 00       		.byte	0
 287 0107 0F       		.byte	15
ARM GAS  /tmp/ccwJuiNc.s 			page 6


 288 0108 00       		.byte	0
 289 0109 0F       		.byte	15
 290 010a 00       		.byte	0
 291 010b 1F       		.byte	31
 292 010c 00       		.byte	0
 293 010d 1F       		.byte	31
 294 010e 00       		.byte	0
 295 010f 1F       		.byte	31
 296 0110 00       		.byte	0
 297 0111 1F       		.byte	31
 298 0112 00       		.byte	0
 299 0113 3F       		.byte	63
 300 0114 00       		.byte	0
 301 0115 3F       		.byte	63
 302 0116 00       		.byte	0
 303 0117 3F       		.byte	63
 304 0118 F0       		.byte	-16
 305 0119 00       		.byte	0
 306 011a F0       		.byte	-16
 307 011b 00       		.byte	0
 308 011c E0       		.byte	-32
 309 011d 00       		.byte	0
 310 011e E0       		.byte	-32
 311 011f 00       		.byte	0
 312 0120 C0       		.byte	-64
 313 0121 00       		.byte	0
 314 0122 C0       		.byte	-64
 315 0123 00       		.byte	0
 316 0124 C0       		.byte	-64
 317 0125 00       		.byte	0
 318 0126 C0       		.byte	-64
 319 0127 00       		.byte	0
 320 0128 C0       		.byte	-64
 321 0129 00       		.byte	0
 322 012a 80       		.byte	-128
 323 012b 00       		.byte	0
 324 012c 80       		.byte	-128
 325 012d 00       		.byte	0
 326 012e 80       		.byte	-128
 327 012f 00       		.byte	0
 328 0130 80       		.byte	-128
 329 0131 00       		.byte	0
 330 0132 00       		.byte	0
 331 0133 00       		.byte	0
 332 0134 00       		.byte	0
 333 0135 00       		.byte	0
 334 0136 00       		.byte	0
 335 0137 00       		.byte	0
 336 0138 FF       		.byte	-1
 337 0139 FF       		.byte	-1
 338 013a FF       		.byte	-1
 339 013b FF       		.byte	-1
 340 013c FF       		.byte	-1
 341 013d FF       		.byte	-1
 342 013e FF       		.byte	-1
 343 013f FF       		.byte	-1
 344 0140 00       		.byte	0
ARM GAS  /tmp/ccwJuiNc.s 			page 7


 345 0141 3C       		.byte	60
 346 0142 00       		.byte	0
 347 0143 7C       		.byte	124
 348 0144 00       		.byte	0
 349 0145 7C       		.byte	124
 350 0146 00       		.byte	0
 351 0147 7C       		.byte	124
 352 0148 00       		.byte	0
 353 0149 78       		.byte	120
 354 014a 00       		.byte	0
 355 014b F8       		.byte	-8
 356 014c 00       		.byte	0
 357 014d F8       		.byte	-8
 358 014e 00       		.byte	0
 359 014f F8       		.byte	-8
 360 0150 00       		.byte	0
 361 0151 F0       		.byte	-16
 362 0152 01       		.byte	1
 363 0153 F0       		.byte	-16
 364 0154 01       		.byte	1
 365 0155 F0       		.byte	-16
 366 0156 01       		.byte	1
 367 0157 F0       		.byte	-16
 368 0158 01       		.byte	1
 369 0159 E0       		.byte	-32
 370 015a 03       		.byte	3
 371 015b E0       		.byte	-32
 372 015c 03       		.byte	3
 373 015d E0       		.byte	-32
 374 015e 03       		.byte	3
 375 015f E0       		.byte	-32
 376 0160 07       		.byte	7
 377 0161 C0       		.byte	-64
 378 0162 07       		.byte	7
 379 0163 C0       		.byte	-64
 380 0164 07       		.byte	7
 381 0165 C0       		.byte	-64
 382 0166 07       		.byte	7
 383 0167 C0       		.byte	-64
 384 0168 0F       		.byte	15
 385 0169 80       		.byte	-128
 386 016a 0F       		.byte	15
 387 016b 80       		.byte	-128
 388 016c 0F       		.byte	15
 389 016d 80       		.byte	-128
 390 016e 0F       		.byte	15
 391 016f 00       		.byte	0
 392 0170 1F       		.byte	31
 393 0171 00       		.byte	0
 394 0172 1F       		.byte	31
 395 0173 00       		.byte	0
 396 0174 1F       		.byte	31
 397 0175 00       		.byte	0
 398 0176 1E       		.byte	30
 399 0177 00       		.byte	0
 400 0178 3E       		.byte	62
 401 0179 00       		.byte	0
ARM GAS  /tmp/ccwJuiNc.s 			page 8


 402 017a 3E       		.byte	62
 403 017b 00       		.byte	0
 404 017c 3E       		.byte	62
 405 017d 00       		.byte	0
 406 017e 3C       		.byte	60
 407 017f 00       		.byte	0
 408 0180 7C       		.byte	124
 409 0181 00       		.byte	0
 410 0182 7C       		.byte	124
 411 0183 00       		.byte	0
 412 0184 7C       		.byte	124
 413 0185 00       		.byte	0
 414 0186 78       		.byte	120
 415 0187 00       		.byte	0
 416 0188 F8       		.byte	-8
 417 0189 00       		.byte	0
 418 018a F8       		.byte	-8
 419 018b 00       		.byte	0
 420 018c F8       		.byte	-8
 421 018d 00       		.byte	0
 422 018e F0       		.byte	-16
 423 018f 00       		.byte	0
 424 0190 00       		.byte	0
 425 0191 01       		.byte	1
 426 0192 00       		.byte	0
 427 0193 01       		.byte	1
 428 0194 00       		.byte	0
 429 0195 01       		.byte	1
 430 0196 00       		.byte	0
 431 0197 03       		.byte	3
 432 0198 00       		.byte	0
 433 0199 03       		.byte	3
 434 019a 00       		.byte	0
 435 019b 03       		.byte	3
 436 019c 00       		.byte	0
 437 019d 03       		.byte	3
 438 019e 00       		.byte	0
 439 019f 07       		.byte	7
 440 01a0 00       		.byte	0
 441 01a1 07       		.byte	7
 442 01a2 00       		.byte	0
 443 01a3 07       		.byte	7
 444 01a4 00       		.byte	0
 445 01a5 07       		.byte	7
 446 01a6 00       		.byte	0
 447 01a7 0F       		.byte	15
 448 01a8 00       		.byte	0
 449 01a9 0F       		.byte	15
 450 01aa 00       		.byte	0
 451 01ab 0F       		.byte	15
 452 01ac 00       		.byte	0
 453 01ad 0F       		.byte	15
 454 01ae 00       		.byte	0
 455 01af 1F       		.byte	31
 456 01b0 00       		.byte	0
 457 01b1 1F       		.byte	31
 458 01b2 00       		.byte	0
ARM GAS  /tmp/ccwJuiNc.s 			page 9


 459 01b3 1F       		.byte	31
 460 01b4 00       		.byte	0
 461 01b5 3E       		.byte	62
 462 01b6 00       		.byte	0
 463 01b7 3E       		.byte	62
 464 01b8 F0       		.byte	-16
 465 01b9 00       		.byte	0
 466 01ba F0       		.byte	-16
 467 01bb 00       		.byte	0
 468 01bc F0       		.byte	-16
 469 01bd 00       		.byte	0
 470 01be E0       		.byte	-32
 471 01bf 00       		.byte	0
 472 01c0 E0       		.byte	-32
 473 01c1 00       		.byte	0
 474 01c2 E0       		.byte	-32
 475 01c3 00       		.byte	0
 476 01c4 E0       		.byte	-32
 477 01c5 00       		.byte	0
 478 01c6 C0       		.byte	-64
 479 01c7 00       		.byte	0
 480 01c8 C0       		.byte	-64
 481 01c9 00       		.byte	0
 482 01ca C0       		.byte	-64
 483 01cb 00       		.byte	0
 484 01cc 80       		.byte	-128
 485 01cd 00       		.byte	0
 486 01ce 80       		.byte	-128
 487 01cf 00       		.byte	0
 488 01d0 80       		.byte	-128
 489 01d1 00       		.byte	0
 490 01d2 80       		.byte	-128
 491 01d3 00       		.byte	0
 492 01d4 00       		.byte	0
 493 01d5 00       		.byte	0
 494 01d6 00       		.byte	0
 495 01d7 00       		.byte	0
 496 01d8 00       		.byte	0
 497 01d9 00       		.byte	0
 498 01da 00       		.byte	0
 499 01db 00       		.byte	0
 500 01dc 00       		.byte	0
 501 01dd 00       		.byte	0
 502 01de 00       		.byte	0
 503 01df 00       		.byte	0
 504 01e0 00       		.byte	0
 505 01e1 3E       		.byte	62
 506 01e2 00       		.byte	0
 507 01e3 3C       		.byte	60
 508 01e4 00       		.byte	0
 509 01e5 7C       		.byte	124
 510 01e6 00       		.byte	0
 511 01e7 7C       		.byte	124
 512 01e8 00       		.byte	0
 513 01e9 7C       		.byte	124
 514 01ea 00       		.byte	0
 515 01eb 78       		.byte	120
ARM GAS  /tmp/ccwJuiNc.s 			page 10


 516 01ec 00       		.byte	0
 517 01ed F8       		.byte	-8
 518 01ee 00       		.byte	0
 519 01ef F8       		.byte	-8
 520 01f0 00       		.byte	0
 521 01f1 F8       		.byte	-8
 522 01f2 00       		.byte	0
 523 01f3 F0       		.byte	-16
 524 01f4 01       		.byte	1
 525 01f5 F0       		.byte	-16
 526 01f6 01       		.byte	1
 527 01f7 F0       		.byte	-16
 528 01f8 01       		.byte	1
 529 01f9 FF       		.byte	-1
 530 01fa 03       		.byte	3
 531 01fb FF       		.byte	-1
 532 01fc 03       		.byte	3
 533 01fd FF       		.byte	-1
 534 01fe 03       		.byte	3
 535 01ff FF       		.byte	-1
 536 0200 03       		.byte	3
 537 0201 E0       		.byte	-32
 538 0202 07       		.byte	7
 539 0203 C0       		.byte	-64
 540 0204 07       		.byte	7
 541 0205 C0       		.byte	-64
 542 0206 07       		.byte	7
 543 0207 C0       		.byte	-64
 544 0208 07       		.byte	7
 545 0209 80       		.byte	-128
 546 020a 0F       		.byte	15
 547 020b 80       		.byte	-128
 548 020c 0F       		.byte	15
 549 020d 80       		.byte	-128
 550 020e 0F       		.byte	15
 551 020f 80       		.byte	-128
 552 0210 0F       		.byte	15
 553 0211 00       		.byte	0
 554 0212 1F       		.byte	31
 555 0213 00       		.byte	0
 556 0214 1F       		.byte	31
 557 0215 00       		.byte	0
 558 0216 1F       		.byte	31
 559 0217 00       		.byte	0
 560 0218 1E       		.byte	30
 561 0219 00       		.byte	0
 562 021a 3E       		.byte	62
 563 021b 00       		.byte	0
 564 021c 3E       		.byte	62
 565 021d 00       		.byte	0
 566 021e 3E       		.byte	62
 567 021f 00       		.byte	0
 568 0220 3C       		.byte	60
 569 0221 00       		.byte	0
 570 0222 7C       		.byte	124
 571 0223 00       		.byte	0
 572 0224 7C       		.byte	124
ARM GAS  /tmp/ccwJuiNc.s 			page 11


 573 0225 00       		.byte	0
 574 0226 7C       		.byte	124
 575 0227 00       		.byte	0
 576 0228 78       		.byte	120
 577 0229 00       		.byte	0
 578 022a F8       		.byte	-8
 579 022b 00       		.byte	0
 580 022c F8       		.byte	-8
 581 022d 00       		.byte	0
 582 022e F8       		.byte	-8
 583 022f 00       		.byte	0
 584 0230 3C       		.byte	60
 585 0231 00       		.byte	0
 586 0232 3E       		.byte	62
 587 0233 00       		.byte	0
 588 0234 3E       		.byte	62
 589 0235 00       		.byte	0
 590 0236 3E       		.byte	62
 591 0237 00       		.byte	0
 592 0238 1E       		.byte	30
 593 0239 00       		.byte	0
 594 023a 1F       		.byte	31
 595 023b 00       		.byte	0
 596 023c 1F       		.byte	31
 597 023d 00       		.byte	0
 598 023e 1F       		.byte	31
 599 023f 00       		.byte	0
 600 0240 0F       		.byte	15
 601 0241 00       		.byte	0
 602 0242 0F       		.byte	15
 603 0243 80       		.byte	-128
 604 0244 0F       		.byte	15
 605 0245 80       		.byte	-128
 606 0246 0F       		.byte	15
 607 0247 80       		.byte	-128
 608 0248 07       		.byte	7
 609 0249 80       		.byte	-128
 610 024a 07       		.byte	7
 611 024b C0       		.byte	-64
 612 024c 07       		.byte	7
 613 024d C0       		.byte	-64
 614 024e 07       		.byte	7
 615 024f C0       		.byte	-64
 616 0250 FF       		.byte	-1
 617 0251 C0       		.byte	-64
 618 0252 FF       		.byte	-1
 619 0253 E0       		.byte	-32
 620 0254 FF       		.byte	-1
 621 0255 E0       		.byte	-32
 622 0256 FF       		.byte	-1
 623 0257 E0       		.byte	-32
 624 0258 01       		.byte	1
 625 0259 E0       		.byte	-32
 626 025a 01       		.byte	1
 627 025b F0       		.byte	-16
 628 025c 01       		.byte	1
 629 025d F0       		.byte	-16
ARM GAS  /tmp/ccwJuiNc.s 			page 12


 630 025e 01       		.byte	1
 631 025f F0       		.byte	-16
 632 0260 00       		.byte	0
 633 0261 F0       		.byte	-16
 634 0262 00       		.byte	0
 635 0263 F8       		.byte	-8
 636 0264 00       		.byte	0
 637 0265 F8       		.byte	-8
 638 0266 00       		.byte	0
 639 0267 F8       		.byte	-8
 640 0268 00       		.byte	0
 641 0269 78       		.byte	120
 642 026a 00       		.byte	0
 643 026b 7C       		.byte	124
 644 026c 00       		.byte	0
 645 026d 7C       		.byte	124
 646 026e 00       		.byte	0
 647 026f 7C       		.byte	124
 648 0270 00       		.byte	0
 649 0271 3C       		.byte	60
 650 0272 00       		.byte	0
 651 0273 3E       		.byte	62
 652 0274 00       		.byte	0
 653 0275 3E       		.byte	62
 654 0276 00       		.byte	0
 655 0277 3E       		.byte	62
 656 0278 00       		.byte	0
 657 0279 1E       		.byte	30
 658 027a 00       		.byte	0
 659 027b 1F       		.byte	31
 660 027c 00       		.byte	0
 661 027d 1F       		.byte	31
 662 027e 00       		.byte	0
 663 027f 1F       		.byte	31
 664 0280 00       		.byte	0
 665 0281 0F       		.byte	15
 666 0282 00       		.byte	0
 667 0283 0F       		.byte	15
 668 0284 00       		.byte	0
 669 0285 07       		.byte	7
 670 0286 00       		.byte	0
 671 0287 07       		.byte	7
 672 0288 00       		.byte	0
 673 0289 03       		.byte	3
 674 028a 00       		.byte	0
 675 028b 03       		.byte	3
 676 028c 00       		.byte	0
 677 028d 03       		.byte	3
 678 028e 00       		.byte	0
 679 028f 03       		.byte	3
 680 0290 00       		.byte	0
 681 0291 03       		.byte	3
 682 0292 00       		.byte	0
 683 0293 01       		.byte	1
 684 0294 00       		.byte	0
 685 0295 01       		.byte	1
 686 0296 00       		.byte	0
ARM GAS  /tmp/ccwJuiNc.s 			page 13


 687 0297 01       		.byte	1
 688 0298 00       		.byte	0
 689 0299 01       		.byte	1
 690 029a 00       		.byte	0
 691 029b 00       		.byte	0
 692 029c 00       		.byte	0
 693 029d 00       		.byte	0
 694 029e 00       		.byte	0
 695 029f 00       		.byte	0
 696 02a0 FF       		.byte	-1
 697 02a1 FF       		.byte	-1
 698 02a2 FF       		.byte	-1
 699 02a3 FF       		.byte	-1
 700 02a4 FF       		.byte	-1
 701 02a5 FF       		.byte	-1
 702 02a6 FF       		.byte	-1
 703 02a7 FF       		.byte	-1
 704 02a8 80       		.byte	-128
 705 02a9 00       		.byte	0
 706 02aa 80       		.byte	-128
 707 02ab 00       		.byte	0
 708 02ac 80       		.byte	-128
 709 02ad 00       		.byte	0
 710 02ae C0       		.byte	-64
 711 02af 00       		.byte	0
 712 02b0 C0       		.byte	-64
 713 02b1 00       		.byte	0
 714 02b2 C0       		.byte	-64
 715 02b3 00       		.byte	0
 716 02b4 E0       		.byte	-32
 717 02b5 00       		.byte	0
 718 02b6 E0       		.byte	-32
 719 02b7 00       		.byte	0
 720 02b8 E0       		.byte	-32
 721 02b9 00       		.byte	0
 722 02ba E0       		.byte	-32
 723 02bb 00       		.byte	0
 724 02bc F0       		.byte	-16
 725 02bd 00       		.byte	0
 726 02be F0       		.byte	-16
 727 02bf 00       		.byte	0
 728 02c0 F0       		.byte	-16
 729 02c1 00       		.byte	0
 730 02c2 F8       		.byte	-8
 731 02c3 00       		.byte	0
 732 02c4 F8       		.byte	-8
 733 02c5 00       		.byte	0
 734 02c6 F8       		.byte	-8
 735 02c7 00       		.byte	0
 736 02c8 F8       		.byte	-8
 737 02c9 00       		.byte	0
 738 02ca FC       		.byte	-4
 739 02cb 00       		.byte	0
 740 02cc FC       		.byte	-4
 741 02cd 00       		.byte	0
 742 02ce FC       		.byte	-4
 743 02cf 00       		.byte	0
ARM GAS  /tmp/ccwJuiNc.s 			page 14


 744 02d0 3C       		.byte	60
 745 02d1 00       		.byte	0
 746 02d2 3E       		.byte	62
 747 02d3 00       		.byte	0
 748 02d4 3E       		.byte	62
 749 02d5 00       		.byte	0
 750 02d6 3E       		.byte	62
 751 02d7 00       		.byte	0
 752 02d8 1E       		.byte	30
 753 02d9 00       		.byte	0
 754 02da 1F       		.byte	31
 755 02db 00       		.byte	0
 756 02dc 1F       		.byte	31
 757 02dd 00       		.byte	0
 758 02de 1F       		.byte	31
 759 02df 00       		.byte	0
 760 02e0 0F       		.byte	15
 761 02e1 00       		.byte	0
 762 02e2 0F       		.byte	15
 763 02e3 80       		.byte	-128
 764 02e4 0F       		.byte	15
 765 02e5 80       		.byte	-128
 766 02e6 0F       		.byte	15
 767 02e7 80       		.byte	-128
 768 02e8 07       		.byte	7
 769 02e9 80       		.byte	-128
 770 02ea 07       		.byte	7
 771 02eb C0       		.byte	-64
 772 02ec 07       		.byte	7
 773 02ed C0       		.byte	-64
 774 02ee 07       		.byte	7
 775 02ef C0       		.byte	-64
 776 02f0 03       		.byte	3
 777 02f1 E0       		.byte	-32
 778 02f2 03       		.byte	3
 779 02f3 E0       		.byte	-32
 780 02f4 03       		.byte	3
 781 02f5 E0       		.byte	-32
 782 02f6 03       		.byte	3
 783 02f7 E0       		.byte	-32
 784 02f8 01       		.byte	1
 785 02f9 F0       		.byte	-16
 786 02fa 01       		.byte	1
 787 02fb F0       		.byte	-16
 788 02fc 01       		.byte	1
 789 02fd F0       		.byte	-16
 790 02fe 00       		.byte	0
 791 02ff F0       		.byte	-16
 792 0300 00       		.byte	0
 793 0301 F8       		.byte	-8
 794 0302 00       		.byte	0
 795 0303 F8       		.byte	-8
 796 0304 00       		.byte	0
 797 0305 F8       		.byte	-8
 798 0306 00       		.byte	0
 799 0307 78       		.byte	120
 800 0308 00       		.byte	0
ARM GAS  /tmp/ccwJuiNc.s 			page 15


 801 0309 7C       		.byte	124
 802 030a 00       		.byte	0
 803 030b 7C       		.byte	124
 804 030c 00       		.byte	0
 805 030d 7C       		.byte	124
 806 030e 00       		.byte	0
 807 030f 3C       		.byte	60
 808 0310 00       		.byte	0
 809 0311 3E       		.byte	62
 810 0312 00       		.byte	0
 811 0313 3E       		.byte	62
 812 0314 00       		.byte	0
 813 0315 3E       		.byte	62
 814 0316 00       		.byte	0
 815 0317 1E       		.byte	30
 816 0318 00       		.byte	0
 817 0319 1F       		.byte	31
 818 031a 00       		.byte	0
 819 031b 1F       		.byte	31
 820 031c 00       		.byte	0
 821 031d 1F       		.byte	31
 822 031e 00       		.byte	0
 823 031f 0F       		.byte	15
 824 0320 00       		.byte	0
 825 0321 0F       		.byte	15
 826 0322 00       		.byte	0
 827 0323 0F       		.byte	15
 828 0324 00       		.byte	0
 829 0325 0F       		.byte	15
 830 0326 00       		.byte	0
 831 0327 07       		.byte	7
 832 0328 00       		.byte	0
 833 0329 07       		.byte	7
 834 032a 00       		.byte	0
 835 032b 07       		.byte	7
 836 032c 00       		.byte	0
 837 032d 07       		.byte	7
 838 032e 00       		.byte	0
 839 032f 03       		.byte	3
 840 0330 00       		.byte	0
 841 0331 03       		.byte	3
 842 0332 00       		.byte	0
 843 0333 03       		.byte	3
 844 0334 00       		.byte	0
 845 0335 01       		.byte	1
 846 0336 00       		.byte	0
 847 0337 01       		.byte	1
 848 0338 00       		.byte	0
 849 0339 01       		.byte	1
 850 033a 00       		.byte	0
 851 033b 01       		.byte	1
 852 033c 00       		.byte	0
 853 033d 00       		.byte	0
 854 033e 00       		.byte	0
 855 033f 00       		.byte	0
 856 0340 00       		.byte	0
 857 0341 00       		.byte	0
ARM GAS  /tmp/ccwJuiNc.s 			page 16


 858 0342 00       		.byte	0
 859 0343 00       		.byte	0
 860 0344 00       		.byte	0
 861 0345 00       		.byte	0
 862 0346 00       		.byte	0
 863 0347 00       		.byte	0
 864 0348 80       		.byte	-128
 865 0349 00       		.byte	0
 866 034a 80       		.byte	-128
 867 034b 00       		.byte	0
 868 034c 80       		.byte	-128
 869 034d 00       		.byte	0
 870 034e C0       		.byte	-64
 871 034f 00       		.byte	0
 872 0350 C0       		.byte	-64
 873 0351 00       		.byte	0
 874 0352 C0       		.byte	-64
 875 0353 00       		.byte	0
 876 0354 C0       		.byte	-64
 877 0355 00       		.byte	0
 878 0356 E0       		.byte	-32
 879 0357 00       		.byte	0
 880 0358 E0       		.byte	-32
 881 0359 00       		.byte	0
 882 035a E0       		.byte	-32
 883 035b 00       		.byte	0
 884 035c E0       		.byte	-32
 885 035d 00       		.byte	0
 886 035e F0       		.byte	-16
 887 035f 00       		.byte	0
 888 0360 F0       		.byte	-16
 889 0361 00       		.byte	0
 890 0362 F0       		.byte	-16
 891 0363 00       		.byte	0
 892 0364 F0       		.byte	-16
 893 0365 00       		.byte	0
 894 0366 F8       		.byte	-8
 895 0367 00       		.byte	0
 896 0368 F8       		.byte	-8
 897 0369 00       		.byte	0
 898 036a F8       		.byte	-8
 899 036b 00       		.byte	0
 900 036c 7C       		.byte	124
 901 036d 00       		.byte	0
 902 036e 7C       		.byte	124
 903 036f 00       		.byte	0
 904 0370 7C       		.byte	124
 905 0371 00       		.byte	0
 906 0372 3C       		.byte	60
 907 0373 00       		.byte	0
 908 0374 3E       		.byte	62
 909 0375 00       		.byte	0
 910 0376 3E       		.byte	62
 911 0377 00       		.byte	0
 912 0378 3E       		.byte	62
 913 0379 00       		.byte	0
 914 037a 1E       		.byte	30
ARM GAS  /tmp/ccwJuiNc.s 			page 17


 915 037b 00       		.byte	0
 916 037c 1F       		.byte	31
 917 037d 00       		.byte	0
 918 037e 1F       		.byte	31
 919 037f 00       		.byte	0
 920 0380 1F       		.byte	31
 921 0381 00       		.byte	0
 922 0382 0F       		.byte	15
 923 0383 00       		.byte	0
 924 0384 0F       		.byte	15
 925 0385 80       		.byte	-128
 926 0386 0F       		.byte	15
 927 0387 80       		.byte	-128
 928 0388 FF       		.byte	-1
 929 0389 80       		.byte	-128
 930 038a FF       		.byte	-1
 931 038b C0       		.byte	-64
 932 038c FF       		.byte	-1
 933 038d C0       		.byte	-64
 934 038e FF       		.byte	-1
 935 038f C0       		.byte	-64
 936 0390 07       		.byte	7
 937 0391 C0       		.byte	-64
 938 0392 03       		.byte	3
 939 0393 E0       		.byte	-32
 940 0394 03       		.byte	3
 941 0395 E0       		.byte	-32
 942 0396 03       		.byte	3
 943 0397 E0       		.byte	-32
 944 0398 01       		.byte	1
 945 0399 E0       		.byte	-32
 946 039a 01       		.byte	1
 947 039b F0       		.byte	-16
 948 039c 01       		.byte	1
 949 039d F0       		.byte	-16
 950 039e 01       		.byte	1
 951 039f F0       		.byte	-16
 952 03a0 00       		.byte	0
 953 03a1 F0       		.byte	-16
 954 03a2 00       		.byte	0
 955 03a3 F8       		.byte	-8
 956 03a4 00       		.byte	0
 957 03a5 F8       		.byte	-8
 958 03a6 00       		.byte	0
 959 03a7 F8       		.byte	-8
 960 03a8 00       		.byte	0
 961 03a9 78       		.byte	120
 962 03aa 00       		.byte	0
 963 03ab 7C       		.byte	124
 964 03ac 00       		.byte	0
 965 03ad 7C       		.byte	124
 966 03ae 00       		.byte	0
 967 03af 7C       		.byte	124
 968 03b0 00       		.byte	0
 969 03b1 3C       		.byte	60
 970 03b2 00       		.byte	0
 971 03b3 3E       		.byte	62
ARM GAS  /tmp/ccwJuiNc.s 			page 18


 972 03b4 00       		.byte	0
 973 03b5 3E       		.byte	62
 974 03b6 00       		.byte	0
 975 03b7 3E       		.byte	62
 976 03b8 00       		.byte	0
 977 03b9 1E       		.byte	30
 978 03ba 00       		.byte	0
 979 03bb 1F       		.byte	31
 980 03bc 00       		.byte	0
 981 03bd 1F       		.byte	31
 982 03be 00       		.byte	0
 983 03bf 1F       		.byte	31
 984 03c0 00       		.byte	0
 985 03c1 00       		.byte	0
 986 03c2 00       		.byte	0
 987 03c3 00       		.byte	0
 988 03c4 00       		.byte	0
 989 03c5 00       		.byte	0
 990 03c6 00       		.byte	0
 991 03c7 00       		.byte	0
 992 03c8 00       		.byte	0
 993 03c9 00       		.byte	0
 994 03ca 00       		.byte	0
 995 03cb 00       		.byte	0
 996 03cc 00       		.byte	0
 997 03cd 00       		.byte	0
 998 03ce 00       		.byte	0
 999 03cf 00       		.byte	0
 1000 03d0 00       		.byte	0
 1001 03d1 00       		.byte	0
 1002 03d2 00       		.byte	0
 1003 03d3 00       		.byte	0
 1004 03d4 00       		.byte	0
 1005 03d5 00       		.byte	0
 1006 03d6 00       		.byte	0
 1007 03d7 00       		.byte	0
 1008 03d8 00       		.byte	0
 1009 03d9 00       		.byte	0
 1010 03da 00       		.byte	0
 1011 03db 00       		.byte	0
 1012 03dc 00       		.byte	0
 1013 03dd 00       		.byte	0
 1014 03de 00       		.byte	0
 1015 03df 00       		.byte	0
 1016 03e0 FF       		.byte	-1
 1017 03e1 FF       		.byte	-1
 1018 03e2 FF       		.byte	-1
 1019 03e3 FF       		.byte	-1
 1020 03e4 FF       		.byte	-1
 1021 03e5 FF       		.byte	-1
 1022 03e6 FF       		.byte	-1
 1023 03e7 FF       		.byte	-1
 1024 03e8 00       		.byte	0
 1025 03e9 00       		.byte	0
 1026 03ea 00       		.byte	0
 1027 03eb 00       		.byte	0
 1028 03ec 00       		.byte	0
ARM GAS  /tmp/ccwJuiNc.s 			page 19


 1029 03ed 00       		.byte	0
 1030 03ee 00       		.byte	0
 1031 03ef 00       		.byte	0
 1032 03f0 00       		.byte	0
 1033 03f1 00       		.byte	0
 1034 03f2 00       		.byte	0
 1035 03f3 00       		.byte	0
 1036 03f4 00       		.byte	0
 1037 03f5 00       		.byte	0
 1038 03f6 00       		.byte	0
 1039 03f7 00       		.byte	0
 1040 03f8 33       		.byte	51
 1041 03f9 03       		.byte	3
 1042 03fa 33       		.byte	51
 1043 03fb 03       		.byte	3
 1044 03fc F3       		.byte	-13
 1045 03fd CF       		.byte	-49
 1046 03fe F3       		.byte	-13
 1047 03ff CF       		.byte	-49
 1048 0400 33       		.byte	51
 1049 0401 FF       		.byte	-1
 1050 0402 33       		.byte	51
 1051 0403 FF       		.byte	-1
 1052 0404 33       		.byte	51
 1053 0405 FF       		.byte	-1
 1054 0406 33       		.byte	51
 1055 0407 33       		.byte	51
 1056 0408 33       		.byte	51
 1057 0409 33       		.byte	51
 1058 040a 33       		.byte	51
 1059 040b 33       		.byte	51
 1060 040c 7B       		.byte	123
 1061 040d 03       		.byte	3
 1062 040e 7B       		.byte	123
 1063 040f 03       		.byte	3
 1064 0410 00       		.byte	0
 1065 0411 00       		.byte	0
 1066 0412 00       		.byte	0
 1067 0413 38       		.byte	56
 1068 0414 00       		.byte	0
 1069 0415 78       		.byte	120
 1070 0416 00       		.byte	0
 1071 0417 F8       		.byte	-8
 1072 0418 01       		.byte	1
 1073 0419 F8       		.byte	-8
 1074 041a 03       		.byte	3
 1075 041b B8       		.byte	-72
 1076 041c 3F       		.byte	63
 1077 041d 38       		.byte	56
 1078 041e 36       		.byte	54
 1079 041f 38       		.byte	56
 1080 0420 36       		.byte	54
 1081 0421 38       		.byte	56
 1082 0422 36       		.byte	54
 1083 0423 38       		.byte	56
 1084 0424 36       		.byte	54
 1085 0425 38       		.byte	56
ARM GAS  /tmp/ccwJuiNc.s 			page 20


 1086 0426 36       		.byte	54
 1087 0427 38       		.byte	56
 1088 0428 36       		.byte	54
 1089 0429 38       		.byte	56
 1090 042a 3F       		.byte	63
 1091 042b 38       		.byte	56
 1092 042c 03       		.byte	3
 1093 042d B8       		.byte	-72
 1094 042e 01       		.byte	1
 1095 042f F8       		.byte	-8
 1096 0430 00       		.byte	0
 1097 0431 F8       		.byte	-8
 1098 0432 00       		.byte	0
 1099 0433 78       		.byte	120
 1100 0434 00       		.byte	0
 1101 0435 38       		.byte	56
 1102 0436 00       		.byte	0
 1103 0437 00       		.byte	0
 1104 0438 00       		.byte	0
 1105 0439 00       		.byte	0
 1106 043a 00       		.byte	0
 1107 043b 00       		.byte	0
 1108 043c 00       		.byte	0
 1109 043d 00       		.byte	0
 1110 043e 00       		.byte	0
 1111 043f 00       		.byte	0
 1112 0440 00       		.byte	0
 1113 0441 00       		.byte	0
 1114 0442 00       		.byte	0
 1115 0443 00       		.byte	0
 1116 0444 00       		.byte	0
 1117 0445 00       		.byte	0
 1118 0446 00       		.byte	0
 1119 0447 00       		.byte	0
 1120 0448 00       		.byte	0
 1121 0449 00       		.byte	0
 1122 044a 00       		.byte	0
 1123 044b 00       		.byte	0
 1124 044c 00       		.byte	0
 1125 044d 00       		.byte	0
 1126 044e 00       		.byte	0
 1127 044f 00       		.byte	0
 1128 0450 FF       		.byte	-1
 1129 0451 FF       		.byte	-1
 1130 0452 FF       		.byte	-1
 1131 0453 FF       		.byte	-1
 1132 0454 FF       		.byte	-1
 1133 0455 FF       		.byte	-1
 1134 0456 FF       		.byte	-1
 1135 0457 FF       		.byte	-1
 1136 0458 00       		.byte	0
 1137 0459 00       		.byte	0
 1138 045a 00       		.byte	0
 1139 045b 00       		.byte	0
 1140 045c 00       		.byte	0
 1141 045d 00       		.byte	0
 1142 045e 00       		.byte	0
ARM GAS  /tmp/ccwJuiNc.s 			page 21


 1143 045f 00       		.byte	0
 1144              		.text
 1145              	.Letext0:
 1146              		.file 1 "VS4210/exosd.c"
ARM GAS  /tmp/ccwJuiNc.s 			page 22


DEFINED SYMBOLS
                            *ABS*:0000000000000000 exosd.c
     /tmp/ccwJuiNc.s:23     .rodata.UserDefineFont1:0000000000000000 UserDefineFont1
     /tmp/ccwJuiNc.s:20     .rodata.UserDefineFont1:0000000000000000 $d

NO UNDEFINED SYMBOLS
