ARM GAS  /tmp/ccElMPUe.s 			page 1


   1              		.syntax unified
   2              		.cpu cortex-m3
   3              		.fpu softvfp
   4              		.eabi_attribute 20, 1
   5              		.eabi_attribute 21, 1
   6              		.eabi_attribute 23, 3
   7              		.eabi_attribute 24, 1
   8              		.eabi_attribute 25, 1
   9              		.eabi_attribute 26, 1
  10              		.eabi_attribute 30, 1
  11              		.eabi_attribute 34, 1
  12              		.eabi_attribute 18, 4
  13              		.thumb
  14              		.file	"stm32f1xx_hal_msp.c"
  15              		.text
  16              	.Ltext0:
  17              		.cfi_sections	.debug_frame
  18              		.section	.text.HAL_MspInit,"ax",%progbits
  19              		.align	2
  20              		.global	HAL_MspInit
  21              		.thumb
  22              		.thumb_func
  24              	HAL_MspInit:
  25              	.LFB65:
  26              		.file 1 "Src/stm32f1xx_hal_msp.c"
   1:Src/stm32f1xx_hal_msp.c **** /* USER CODE BEGIN Header */
   2:Src/stm32f1xx_hal_msp.c **** /**
   3:Src/stm32f1xx_hal_msp.c ****   ******************************************************************************
   4:Src/stm32f1xx_hal_msp.c ****   * File Name          : stm32f1xx_hal_msp.c
   5:Src/stm32f1xx_hal_msp.c ****   * Description        : This file provides code for the MSP Initialization 
   6:Src/stm32f1xx_hal_msp.c ****   *                      and de-Initialization codes.
   7:Src/stm32f1xx_hal_msp.c ****   ******************************************************************************
   8:Src/stm32f1xx_hal_msp.c ****   * @attention
   9:Src/stm32f1xx_hal_msp.c ****   *
  10:Src/stm32f1xx_hal_msp.c ****   * <h2><center>&copy; Copyright (c) 2019 STMicroelectronics.
  11:Src/stm32f1xx_hal_msp.c ****   * All rights reserved.</center></h2>
  12:Src/stm32f1xx_hal_msp.c ****   *
  13:Src/stm32f1xx_hal_msp.c ****   * This software component is licensed by ST under BSD 3-Clause license,
  14:Src/stm32f1xx_hal_msp.c ****   * the "License"; You may not use this file except in compliance with the
  15:Src/stm32f1xx_hal_msp.c ****   * License. You may obtain a copy of the License at:
  16:Src/stm32f1xx_hal_msp.c ****   *                        opensource.org/licenses/BSD-3-Clause
  17:Src/stm32f1xx_hal_msp.c ****   *
  18:Src/stm32f1xx_hal_msp.c ****   ******************************************************************************
  19:Src/stm32f1xx_hal_msp.c ****   */
  20:Src/stm32f1xx_hal_msp.c **** /* USER CODE END Header */
  21:Src/stm32f1xx_hal_msp.c **** 
  22:Src/stm32f1xx_hal_msp.c **** /* Includes ------------------------------------------------------------------*/
  23:Src/stm32f1xx_hal_msp.c **** #include "main.h"
  24:Src/stm32f1xx_hal_msp.c **** /* USER CODE BEGIN Includes */
  25:Src/stm32f1xx_hal_msp.c **** 
  26:Src/stm32f1xx_hal_msp.c **** /* USER CODE END Includes */
  27:Src/stm32f1xx_hal_msp.c **** 
  28:Src/stm32f1xx_hal_msp.c **** /* Private typedef -----------------------------------------------------------*/
  29:Src/stm32f1xx_hal_msp.c **** /* USER CODE BEGIN TD */
  30:Src/stm32f1xx_hal_msp.c **** 
  31:Src/stm32f1xx_hal_msp.c **** /* USER CODE END TD */
  32:Src/stm32f1xx_hal_msp.c **** 
ARM GAS  /tmp/ccElMPUe.s 			page 2


  33:Src/stm32f1xx_hal_msp.c **** /* Private define ------------------------------------------------------------*/
  34:Src/stm32f1xx_hal_msp.c **** /* USER CODE BEGIN Define */
  35:Src/stm32f1xx_hal_msp.c ****  
  36:Src/stm32f1xx_hal_msp.c **** /* USER CODE END Define */
  37:Src/stm32f1xx_hal_msp.c **** 
  38:Src/stm32f1xx_hal_msp.c **** /* Private macro -------------------------------------------------------------*/
  39:Src/stm32f1xx_hal_msp.c **** /* USER CODE BEGIN Macro */
  40:Src/stm32f1xx_hal_msp.c **** 
  41:Src/stm32f1xx_hal_msp.c **** /* USER CODE END Macro */
  42:Src/stm32f1xx_hal_msp.c **** 
  43:Src/stm32f1xx_hal_msp.c **** /* Private variables ---------------------------------------------------------*/
  44:Src/stm32f1xx_hal_msp.c **** /* USER CODE BEGIN PV */
  45:Src/stm32f1xx_hal_msp.c **** 
  46:Src/stm32f1xx_hal_msp.c **** /* USER CODE END PV */
  47:Src/stm32f1xx_hal_msp.c **** 
  48:Src/stm32f1xx_hal_msp.c **** /* Private function prototypes -----------------------------------------------*/
  49:Src/stm32f1xx_hal_msp.c **** /* USER CODE BEGIN PFP */
  50:Src/stm32f1xx_hal_msp.c **** 
  51:Src/stm32f1xx_hal_msp.c **** /* USER CODE END PFP */
  52:Src/stm32f1xx_hal_msp.c **** 
  53:Src/stm32f1xx_hal_msp.c **** /* External functions --------------------------------------------------------*/
  54:Src/stm32f1xx_hal_msp.c **** /* USER CODE BEGIN ExternalFunctions */
  55:Src/stm32f1xx_hal_msp.c **** 
  56:Src/stm32f1xx_hal_msp.c **** /* USER CODE END ExternalFunctions */
  57:Src/stm32f1xx_hal_msp.c **** 
  58:Src/stm32f1xx_hal_msp.c **** /* USER CODE BEGIN 0 */
  59:Src/stm32f1xx_hal_msp.c **** 
  60:Src/stm32f1xx_hal_msp.c **** /* USER CODE END 0 */
  61:Src/stm32f1xx_hal_msp.c **** /**
  62:Src/stm32f1xx_hal_msp.c ****   * Initializes the Global MSP.
  63:Src/stm32f1xx_hal_msp.c ****   */
  64:Src/stm32f1xx_hal_msp.c **** void HAL_MspInit(void)
  65:Src/stm32f1xx_hal_msp.c **** {
  27              		.loc 1 65 0
  28              		.cfi_startproc
  29              		@ args = 0, pretend = 0, frame = 8
  30              		@ frame_needed = 0, uses_anonymous_args = 0
  31              		@ link register save eliminated.
  32 0000 82B0     		sub	sp, sp, #8
  33              	.LCFI0:
  34              		.cfi_def_cfa_offset 8
  35              	.LBB2:
  66:Src/stm32f1xx_hal_msp.c ****   /* USER CODE BEGIN MspInit 0 */
  67:Src/stm32f1xx_hal_msp.c **** 
  68:Src/stm32f1xx_hal_msp.c ****   /* USER CODE END MspInit 0 */
  69:Src/stm32f1xx_hal_msp.c **** 
  70:Src/stm32f1xx_hal_msp.c ****   __HAL_RCC_AFIO_CLK_ENABLE();
  36              		.loc 1 70 0
  37 0002 0E4B     		ldr	r3, .L3
  38 0004 9A69     		ldr	r2, [r3, #24]
  39 0006 42F00102 		orr	r2, r2, #1
  40 000a 9A61     		str	r2, [r3, #24]
  41 000c 9A69     		ldr	r2, [r3, #24]
  42 000e 02F00102 		and	r2, r2, #1
  43 0012 0092     		str	r2, [sp]
  44 0014 009A     		ldr	r2, [sp]
  45              	.LBE2:
ARM GAS  /tmp/ccElMPUe.s 			page 3


  46              	.LBB3:
  71:Src/stm32f1xx_hal_msp.c ****   __HAL_RCC_PWR_CLK_ENABLE();
  47              		.loc 1 71 0
  48 0016 DA69     		ldr	r2, [r3, #28]
  49 0018 42F08052 		orr	r2, r2, #268435456
  50 001c DA61     		str	r2, [r3, #28]
  51 001e DB69     		ldr	r3, [r3, #28]
  52 0020 03F08053 		and	r3, r3, #268435456
  53 0024 0193     		str	r3, [sp, #4]
  54 0026 019B     		ldr	r3, [sp, #4]
  55              	.LBE3:
  56              	.LBB4:
  72:Src/stm32f1xx_hal_msp.c **** 
  73:Src/stm32f1xx_hal_msp.c ****   /* System interrupt init*/
  74:Src/stm32f1xx_hal_msp.c **** 
  75:Src/stm32f1xx_hal_msp.c ****   /** NOJTAG: JTAG-DP Disabled and SW-DP Enabled 
  76:Src/stm32f1xx_hal_msp.c ****   */
  77:Src/stm32f1xx_hal_msp.c ****   __HAL_AFIO_REMAP_SWJ_NOJTAG();
  57              		.loc 1 77 0
  58 0028 054A     		ldr	r2, .L3+4
  59 002a 5368     		ldr	r3, [r2, #4]
  60              	.LVL0:
  61 002c 23F0E063 		bic	r3, r3, #117440512
  62              	.LVL1:
  63 0030 43F00073 		orr	r3, r3, #33554432
  64              	.LVL2:
  65 0034 5360     		str	r3, [r2, #4]
  66              	.LBE4:
  78:Src/stm32f1xx_hal_msp.c **** 
  79:Src/stm32f1xx_hal_msp.c ****   /* USER CODE BEGIN MspInit 1 */
  80:Src/stm32f1xx_hal_msp.c **** 
  81:Src/stm32f1xx_hal_msp.c ****   /* USER CODE END MspInit 1 */
  82:Src/stm32f1xx_hal_msp.c **** }
  67              		.loc 1 82 0
  68 0036 02B0     		add	sp, sp, #8
  69              	.LCFI1:
  70              		.cfi_def_cfa_offset 0
  71              		@ sp needed
  72 0038 7047     		bx	lr
  73              	.L4:
  74 003a 00BF     		.align	2
  75              	.L3:
  76 003c 00100240 		.word	1073876992
  77 0040 00000140 		.word	1073807360
  78              		.cfi_endproc
  79              	.LFE65:
  81              		.section	.text.HAL_TIM_Base_MspInit,"ax",%progbits
  82              		.align	2
  83              		.global	HAL_TIM_Base_MspInit
  84              		.thumb
  85              		.thumb_func
  87              	HAL_TIM_Base_MspInit:
  88              	.LFB66:
  83:Src/stm32f1xx_hal_msp.c **** 
  84:Src/stm32f1xx_hal_msp.c **** /**
  85:Src/stm32f1xx_hal_msp.c **** * @brief TIM_Base MSP Initialization
  86:Src/stm32f1xx_hal_msp.c **** * This function configures the hardware resources used in this example
ARM GAS  /tmp/ccElMPUe.s 			page 4


  87:Src/stm32f1xx_hal_msp.c **** * @param htim_base: TIM_Base handle pointer
  88:Src/stm32f1xx_hal_msp.c **** * @retval None
  89:Src/stm32f1xx_hal_msp.c **** */
  90:Src/stm32f1xx_hal_msp.c **** void HAL_TIM_Base_MspInit(TIM_HandleTypeDef* htim_base)
  91:Src/stm32f1xx_hal_msp.c **** {
  89              		.loc 1 91 0
  90              		.cfi_startproc
  91              		@ args = 0, pretend = 0, frame = 8
  92              		@ frame_needed = 0, uses_anonymous_args = 0
  93              	.LVL3:
  92:Src/stm32f1xx_hal_msp.c ****   if(htim_base->Instance==TIM3)
  94              		.loc 1 92 0
  95 0000 0268     		ldr	r2, [r0]
  96 0002 0E4B     		ldr	r3, .L9
  97 0004 9A42     		cmp	r2, r3
  98 0006 17D1     		bne	.L8
  91:Src/stm32f1xx_hal_msp.c ****   if(htim_base->Instance==TIM3)
  99              		.loc 1 91 0
 100 0008 00B5     		push	{lr}
 101              	.LCFI2:
 102              		.cfi_def_cfa_offset 4
 103              		.cfi_offset 14, -4
 104 000a 83B0     		sub	sp, sp, #12
 105              	.LCFI3:
 106              		.cfi_def_cfa_offset 16
 107              	.LBB5:
  93:Src/stm32f1xx_hal_msp.c ****   {
  94:Src/stm32f1xx_hal_msp.c ****   /* USER CODE BEGIN TIM3_MspInit 0 */
  95:Src/stm32f1xx_hal_msp.c **** 
  96:Src/stm32f1xx_hal_msp.c ****   /* USER CODE END TIM3_MspInit 0 */
  97:Src/stm32f1xx_hal_msp.c ****     /* Peripheral clock enable */
  98:Src/stm32f1xx_hal_msp.c ****     __HAL_RCC_TIM3_CLK_ENABLE();
 108              		.loc 1 98 0
 109 000c 03F50333 		add	r3, r3, #134144
 110 0010 DA69     		ldr	r2, [r3, #28]
 111 0012 42F00202 		orr	r2, r2, #2
 112 0016 DA61     		str	r2, [r3, #28]
 113 0018 DB69     		ldr	r3, [r3, #28]
 114 001a 03F00203 		and	r3, r3, #2
 115 001e 0193     		str	r3, [sp, #4]
 116 0020 019B     		ldr	r3, [sp, #4]
 117              	.LBE5:
  99:Src/stm32f1xx_hal_msp.c ****     /* TIM3 interrupt Init */
 100:Src/stm32f1xx_hal_msp.c ****     HAL_NVIC_SetPriority(TIM3_IRQn, 0, 0);
 118              		.loc 1 100 0
 119 0022 1D20     		movs	r0, #29
 120              	.LVL4:
 121 0024 0021     		movs	r1, #0
 122 0026 0A46     		mov	r2, r1
 123 0028 FFF7FEFF 		bl	HAL_NVIC_SetPriority
 124              	.LVL5:
 101:Src/stm32f1xx_hal_msp.c ****     HAL_NVIC_EnableIRQ(TIM3_IRQn);
 125              		.loc 1 101 0
 126 002c 1D20     		movs	r0, #29
 127 002e FFF7FEFF 		bl	HAL_NVIC_EnableIRQ
 128              	.LVL6:
 102:Src/stm32f1xx_hal_msp.c ****   /* USER CODE BEGIN TIM3_MspInit 1 */
ARM GAS  /tmp/ccElMPUe.s 			page 5


 103:Src/stm32f1xx_hal_msp.c **** 
 104:Src/stm32f1xx_hal_msp.c ****   /* USER CODE END TIM3_MspInit 1 */
 105:Src/stm32f1xx_hal_msp.c ****   }
 106:Src/stm32f1xx_hal_msp.c **** 
 107:Src/stm32f1xx_hal_msp.c **** }
 129              		.loc 1 107 0
 130 0032 03B0     		add	sp, sp, #12
 131              	.LCFI4:
 132              		.cfi_def_cfa_offset 4
 133              		@ sp needed
 134 0034 5DF804FB 		ldr	pc, [sp], #4
 135              	.LVL7:
 136              	.L8:
 137              	.LCFI5:
 138              		.cfi_def_cfa_offset 0
 139              		.cfi_restore 14
 140 0038 7047     		bx	lr
 141              	.L10:
 142 003a 00BF     		.align	2
 143              	.L9:
 144 003c 00040040 		.word	1073742848
 145              		.cfi_endproc
 146              	.LFE66:
 148              		.section	.text.HAL_TIM_Base_MspDeInit,"ax",%progbits
 149              		.align	2
 150              		.global	HAL_TIM_Base_MspDeInit
 151              		.thumb
 152              		.thumb_func
 154              	HAL_TIM_Base_MspDeInit:
 155              	.LFB67:
 108:Src/stm32f1xx_hal_msp.c **** 
 109:Src/stm32f1xx_hal_msp.c **** /**
 110:Src/stm32f1xx_hal_msp.c **** * @brief TIM_Base MSP De-Initialization
 111:Src/stm32f1xx_hal_msp.c **** * This function freeze the hardware resources used in this example
 112:Src/stm32f1xx_hal_msp.c **** * @param htim_base: TIM_Base handle pointer
 113:Src/stm32f1xx_hal_msp.c **** * @retval None
 114:Src/stm32f1xx_hal_msp.c **** */
 115:Src/stm32f1xx_hal_msp.c **** void HAL_TIM_Base_MspDeInit(TIM_HandleTypeDef* htim_base)
 116:Src/stm32f1xx_hal_msp.c **** {
 156              		.loc 1 116 0
 157              		.cfi_startproc
 158              		@ args = 0, pretend = 0, frame = 0
 159              		@ frame_needed = 0, uses_anonymous_args = 0
 160              	.LVL8:
 161 0000 08B5     		push	{r3, lr}
 162              	.LCFI6:
 163              		.cfi_def_cfa_offset 8
 164              		.cfi_offset 3, -8
 165              		.cfi_offset 14, -4
 117:Src/stm32f1xx_hal_msp.c ****   if(htim_base->Instance==TIM3)
 166              		.loc 1 117 0
 167 0002 0268     		ldr	r2, [r0]
 168 0004 054B     		ldr	r3, .L14
 169 0006 9A42     		cmp	r2, r3
 170 0008 07D1     		bne	.L11
 118:Src/stm32f1xx_hal_msp.c ****   {
 119:Src/stm32f1xx_hal_msp.c ****   /* USER CODE BEGIN TIM3_MspDeInit 0 */
ARM GAS  /tmp/ccElMPUe.s 			page 6


 120:Src/stm32f1xx_hal_msp.c **** 
 121:Src/stm32f1xx_hal_msp.c ****   /* USER CODE END TIM3_MspDeInit 0 */
 122:Src/stm32f1xx_hal_msp.c ****     /* Peripheral clock disable */
 123:Src/stm32f1xx_hal_msp.c ****     __HAL_RCC_TIM3_CLK_DISABLE();
 171              		.loc 1 123 0
 172 000a 054A     		ldr	r2, .L14+4
 173 000c D369     		ldr	r3, [r2, #28]
 174 000e 23F00203 		bic	r3, r3, #2
 175 0012 D361     		str	r3, [r2, #28]
 124:Src/stm32f1xx_hal_msp.c **** 
 125:Src/stm32f1xx_hal_msp.c ****     /* TIM3 interrupt DeInit */
 126:Src/stm32f1xx_hal_msp.c ****     HAL_NVIC_DisableIRQ(TIM3_IRQn);
 176              		.loc 1 126 0
 177 0014 1D20     		movs	r0, #29
 178              	.LVL9:
 179 0016 FFF7FEFF 		bl	HAL_NVIC_DisableIRQ
 180              	.LVL10:
 181              	.L11:
 182 001a 08BD     		pop	{r3, pc}
 183              	.L15:
 184              		.align	2
 185              	.L14:
 186 001c 00040040 		.word	1073742848
 187 0020 00100240 		.word	1073876992
 188              		.cfi_endproc
 189              	.LFE67:
 191              		.section	.text.HAL_UART_MspInit,"ax",%progbits
 192              		.align	2
 193              		.global	HAL_UART_MspInit
 194              		.thumb
 195              		.thumb_func
 197              	HAL_UART_MspInit:
 198              	.LFB68:
 127:Src/stm32f1xx_hal_msp.c ****   /* USER CODE BEGIN TIM3_MspDeInit 1 */
 128:Src/stm32f1xx_hal_msp.c **** 
 129:Src/stm32f1xx_hal_msp.c ****   /* USER CODE END TIM3_MspDeInit 1 */
 130:Src/stm32f1xx_hal_msp.c ****   }
 131:Src/stm32f1xx_hal_msp.c **** 
 132:Src/stm32f1xx_hal_msp.c **** }
 133:Src/stm32f1xx_hal_msp.c **** 
 134:Src/stm32f1xx_hal_msp.c **** /**
 135:Src/stm32f1xx_hal_msp.c **** * @brief UART MSP Initialization
 136:Src/stm32f1xx_hal_msp.c **** * This function configures the hardware resources used in this example
 137:Src/stm32f1xx_hal_msp.c **** * @param huart: UART handle pointer
 138:Src/stm32f1xx_hal_msp.c **** * @retval None
 139:Src/stm32f1xx_hal_msp.c **** */
 140:Src/stm32f1xx_hal_msp.c **** void HAL_UART_MspInit(UART_HandleTypeDef* huart)
 141:Src/stm32f1xx_hal_msp.c **** {
 199              		.loc 1 141 0
 200              		.cfi_startproc
 201              		@ args = 0, pretend = 0, frame = 32
 202              		@ frame_needed = 0, uses_anonymous_args = 0
 203              	.LVL11:
 204 0000 70B5     		push	{r4, r5, r6, lr}
 205              	.LCFI7:
 206              		.cfi_def_cfa_offset 16
 207              		.cfi_offset 4, -16
ARM GAS  /tmp/ccElMPUe.s 			page 7


 208              		.cfi_offset 5, -12
 209              		.cfi_offset 6, -8
 210              		.cfi_offset 14, -4
 211 0002 88B0     		sub	sp, sp, #32
 212              	.LCFI8:
 213              		.cfi_def_cfa_offset 48
 214 0004 0446     		mov	r4, r0
 142:Src/stm32f1xx_hal_msp.c ****   GPIO_InitTypeDef GPIO_InitStruct = {0};
 215              		.loc 1 142 0
 216 0006 0023     		movs	r3, #0
 217 0008 0493     		str	r3, [sp, #16]
 218 000a 0593     		str	r3, [sp, #20]
 219 000c 0693     		str	r3, [sp, #24]
 220 000e 0793     		str	r3, [sp, #28]
 143:Src/stm32f1xx_hal_msp.c ****   if(huart->Instance==USART1)
 221              		.loc 1 143 0
 222 0010 0268     		ldr	r2, [r0]
 223 0012 354B     		ldr	r3, .L20
 224 0014 9A42     		cmp	r2, r3
 225 0016 31D1     		bne	.L17
 226              	.LBB6:
 144:Src/stm32f1xx_hal_msp.c ****   {
 145:Src/stm32f1xx_hal_msp.c ****   /* USER CODE BEGIN USART1_MspInit 0 */
 146:Src/stm32f1xx_hal_msp.c **** 
 147:Src/stm32f1xx_hal_msp.c ****   /* USER CODE END USART1_MspInit 0 */
 148:Src/stm32f1xx_hal_msp.c ****     /* Peripheral clock enable */
 149:Src/stm32f1xx_hal_msp.c ****     __HAL_RCC_USART1_CLK_ENABLE();
 227              		.loc 1 149 0
 228 0018 03F55843 		add	r3, r3, #55296
 229 001c 9A69     		ldr	r2, [r3, #24]
 230 001e 42F48042 		orr	r2, r2, #16384
 231 0022 9A61     		str	r2, [r3, #24]
 232 0024 9A69     		ldr	r2, [r3, #24]
 233 0026 02F48042 		and	r2, r2, #16384
 234 002a 0092     		str	r2, [sp]
 235 002c 009A     		ldr	r2, [sp]
 236              	.LBE6:
 237              	.LBB7:
 150:Src/stm32f1xx_hal_msp.c ****   
 151:Src/stm32f1xx_hal_msp.c ****     __HAL_RCC_GPIOA_CLK_ENABLE();
 238              		.loc 1 151 0
 239 002e 9A69     		ldr	r2, [r3, #24]
 240 0030 42F00402 		orr	r2, r2, #4
 241 0034 9A61     		str	r2, [r3, #24]
 242 0036 9B69     		ldr	r3, [r3, #24]
 243 0038 03F00403 		and	r3, r3, #4
 244 003c 0193     		str	r3, [sp, #4]
 245 003e 019B     		ldr	r3, [sp, #4]
 246              	.LBE7:
 152:Src/stm32f1xx_hal_msp.c ****     /**USART1 GPIO Configuration    
 153:Src/stm32f1xx_hal_msp.c ****     PA9     ------> USART1_TX
 154:Src/stm32f1xx_hal_msp.c ****     PA10     ------> USART1_RX 
 155:Src/stm32f1xx_hal_msp.c ****     */
 156:Src/stm32f1xx_hal_msp.c ****     GPIO_InitStruct.Pin = GPIO_PIN_9;
 247              		.loc 1 156 0
 248 0040 4FF40073 		mov	r3, #512
 249 0044 0493     		str	r3, [sp, #16]
ARM GAS  /tmp/ccElMPUe.s 			page 8


 157:Src/stm32f1xx_hal_msp.c ****     GPIO_InitStruct.Mode = GPIO_MODE_AF_PP;
 250              		.loc 1 157 0
 251 0046 0223     		movs	r3, #2
 252 0048 0593     		str	r3, [sp, #20]
 158:Src/stm32f1xx_hal_msp.c ****     GPIO_InitStruct.Speed = GPIO_SPEED_FREQ_HIGH;
 253              		.loc 1 158 0
 254 004a 0323     		movs	r3, #3
 255 004c 0793     		str	r3, [sp, #28]
 159:Src/stm32f1xx_hal_msp.c ****     HAL_GPIO_Init(GPIOA, &GPIO_InitStruct);
 256              		.loc 1 159 0
 257 004e 274E     		ldr	r6, .L20+4
 258 0050 3046     		mov	r0, r6
 259              	.LVL12:
 260 0052 04A9     		add	r1, sp, #16
 261 0054 FFF7FEFF 		bl	HAL_GPIO_Init
 262              	.LVL13:
 160:Src/stm32f1xx_hal_msp.c **** 
 161:Src/stm32f1xx_hal_msp.c ****     GPIO_InitStruct.Pin = GPIO_PIN_10;
 263              		.loc 1 161 0
 264 0058 4FF48063 		mov	r3, #1024
 265 005c 0493     		str	r3, [sp, #16]
 162:Src/stm32f1xx_hal_msp.c ****     GPIO_InitStruct.Mode = GPIO_MODE_INPUT;
 266              		.loc 1 162 0
 267 005e 0025     		movs	r5, #0
 268 0060 0595     		str	r5, [sp, #20]
 163:Src/stm32f1xx_hal_msp.c ****     GPIO_InitStruct.Pull = GPIO_NOPULL;
 269              		.loc 1 163 0
 270 0062 0695     		str	r5, [sp, #24]
 164:Src/stm32f1xx_hal_msp.c ****     HAL_GPIO_Init(GPIOA, &GPIO_InitStruct);
 271              		.loc 1 164 0
 272 0064 3046     		mov	r0, r6
 273 0066 04A9     		add	r1, sp, #16
 274 0068 FFF7FEFF 		bl	HAL_GPIO_Init
 275              	.LVL14:
 165:Src/stm32f1xx_hal_msp.c **** 
 166:Src/stm32f1xx_hal_msp.c ****     /* USART1 interrupt Init */
 167:Src/stm32f1xx_hal_msp.c ****     HAL_NVIC_SetPriority(USART1_IRQn, 0, 0);
 276              		.loc 1 167 0
 277 006c 2520     		movs	r0, #37
 278 006e 2946     		mov	r1, r5
 279 0070 2A46     		mov	r2, r5
 280 0072 FFF7FEFF 		bl	HAL_NVIC_SetPriority
 281              	.LVL15:
 168:Src/stm32f1xx_hal_msp.c ****     HAL_NVIC_EnableIRQ(USART1_IRQn);
 282              		.loc 1 168 0
 283 0076 2520     		movs	r0, #37
 284 0078 FFF7FEFF 		bl	HAL_NVIC_EnableIRQ
 285              	.LVL16:
 286              	.L17:
 169:Src/stm32f1xx_hal_msp.c ****   /* USER CODE BEGIN USART1_MspInit 1 */
 170:Src/stm32f1xx_hal_msp.c **** 
 171:Src/stm32f1xx_hal_msp.c ****   /* USER CODE END USART1_MspInit 1 */
 172:Src/stm32f1xx_hal_msp.c ****   }
 173:Src/stm32f1xx_hal_msp.c **** 
 174:Src/stm32f1xx_hal_msp.c **** if(huart->Instance==USART2)
 287              		.loc 1 174 0
 288 007c 2268     		ldr	r2, [r4]
ARM GAS  /tmp/ccElMPUe.s 			page 9


 289 007e 1C4B     		ldr	r3, .L20+8
 290 0080 9A42     		cmp	r2, r3
 291 0082 2FD1     		bne	.L16
 292              	.LBB8:
 175:Src/stm32f1xx_hal_msp.c ****   {
 176:Src/stm32f1xx_hal_msp.c ****   /* USER CODE BEGIN USART1_MspInit 0 */
 177:Src/stm32f1xx_hal_msp.c **** 
 178:Src/stm32f1xx_hal_msp.c ****   /* USER CODE END USART1_MspInit 0 */
 179:Src/stm32f1xx_hal_msp.c ****     /* Peripheral clock enable */
 180:Src/stm32f1xx_hal_msp.c ****     __HAL_RCC_USART2_CLK_ENABLE();
 293              		.loc 1 180 0
 294 0084 03F5E633 		add	r3, r3, #117760
 295 0088 DA69     		ldr	r2, [r3, #28]
 296 008a 42F40032 		orr	r2, r2, #131072
 297 008e DA61     		str	r2, [r3, #28]
 298 0090 DA69     		ldr	r2, [r3, #28]
 299 0092 02F40032 		and	r2, r2, #131072
 300 0096 0292     		str	r2, [sp, #8]
 301 0098 029A     		ldr	r2, [sp, #8]
 302              	.LBE8:
 303              	.LBB9:
 181:Src/stm32f1xx_hal_msp.c ****   
 182:Src/stm32f1xx_hal_msp.c ****     __HAL_RCC_GPIOA_CLK_ENABLE();
 304              		.loc 1 182 0
 305 009a 9A69     		ldr	r2, [r3, #24]
 306 009c 42F00402 		orr	r2, r2, #4
 307 00a0 9A61     		str	r2, [r3, #24]
 308 00a2 9B69     		ldr	r3, [r3, #24]
 309 00a4 03F00403 		and	r3, r3, #4
 310 00a8 0393     		str	r3, [sp, #12]
 311 00aa 039B     		ldr	r3, [sp, #12]
 312              	.LBE9:
 183:Src/stm32f1xx_hal_msp.c ****     /**USART1 GPIO Configuration    
 184:Src/stm32f1xx_hal_msp.c ****     PA9     ------> USART1_TX
 185:Src/stm32f1xx_hal_msp.c ****     PA10     ------> USART1_RX 
 186:Src/stm32f1xx_hal_msp.c ****     */
 187:Src/stm32f1xx_hal_msp.c ****     GPIO_InitStruct.Pin = GPIO_PIN_2;
 313              		.loc 1 187 0
 314 00ac 0423     		movs	r3, #4
 315 00ae 0493     		str	r3, [sp, #16]
 188:Src/stm32f1xx_hal_msp.c ****     GPIO_InitStruct.Mode = GPIO_MODE_AF_PP;
 316              		.loc 1 188 0
 317 00b0 0223     		movs	r3, #2
 318 00b2 0593     		str	r3, [sp, #20]
 189:Src/stm32f1xx_hal_msp.c ****     GPIO_InitStruct.Speed = GPIO_SPEED_FREQ_HIGH;
 319              		.loc 1 189 0
 320 00b4 0323     		movs	r3, #3
 321 00b6 0793     		str	r3, [sp, #28]
 190:Src/stm32f1xx_hal_msp.c ****     HAL_GPIO_Init(GPIOA, &GPIO_InitStruct);
 322              		.loc 1 190 0
 323 00b8 0C4D     		ldr	r5, .L20+4
 324 00ba 2846     		mov	r0, r5
 325 00bc 04A9     		add	r1, sp, #16
 326 00be FFF7FEFF 		bl	HAL_GPIO_Init
 327              	.LVL17:
 191:Src/stm32f1xx_hal_msp.c **** 
 192:Src/stm32f1xx_hal_msp.c ****     GPIO_InitStruct.Pin = GPIO_PIN_3;
ARM GAS  /tmp/ccElMPUe.s 			page 10


 328              		.loc 1 192 0
 329 00c2 0823     		movs	r3, #8
 330 00c4 0493     		str	r3, [sp, #16]
 193:Src/stm32f1xx_hal_msp.c ****     GPIO_InitStruct.Mode = GPIO_MODE_INPUT;
 331              		.loc 1 193 0
 332 00c6 0024     		movs	r4, #0
 333              	.LVL18:
 334 00c8 0594     		str	r4, [sp, #20]
 194:Src/stm32f1xx_hal_msp.c ****     GPIO_InitStruct.Pull = GPIO_NOPULL;
 335              		.loc 1 194 0
 336 00ca 0694     		str	r4, [sp, #24]
 195:Src/stm32f1xx_hal_msp.c ****     HAL_GPIO_Init(GPIOA, &GPIO_InitStruct);
 337              		.loc 1 195 0
 338 00cc 2846     		mov	r0, r5
 339 00ce 04A9     		add	r1, sp, #16
 340 00d0 FFF7FEFF 		bl	HAL_GPIO_Init
 341              	.LVL19:
 196:Src/stm32f1xx_hal_msp.c **** 
 197:Src/stm32f1xx_hal_msp.c ****     /* USART1 interrupt Init */
 198:Src/stm32f1xx_hal_msp.c ****     HAL_NVIC_SetPriority(USART2_IRQn, 0, 0);
 342              		.loc 1 198 0
 343 00d4 2620     		movs	r0, #38
 344 00d6 2146     		mov	r1, r4
 345 00d8 2246     		mov	r2, r4
 346 00da FFF7FEFF 		bl	HAL_NVIC_SetPriority
 347              	.LVL20:
 199:Src/stm32f1xx_hal_msp.c ****     HAL_NVIC_EnableIRQ(USART2_IRQn);
 348              		.loc 1 199 0
 349 00de 2620     		movs	r0, #38
 350 00e0 FFF7FEFF 		bl	HAL_NVIC_EnableIRQ
 351              	.LVL21:
 352              	.L16:
 200:Src/stm32f1xx_hal_msp.c ****   /* USER CODE BEGIN USART1_MspInit 1 */
 201:Src/stm32f1xx_hal_msp.c **** 
 202:Src/stm32f1xx_hal_msp.c ****   /* USER CODE END USART1_MspInit 1 */
 203:Src/stm32f1xx_hal_msp.c ****   }
 204:Src/stm32f1xx_hal_msp.c **** 
 205:Src/stm32f1xx_hal_msp.c **** 
 206:Src/stm32f1xx_hal_msp.c **** }
 353              		.loc 1 206 0
 354 00e4 08B0     		add	sp, sp, #32
 355              	.LCFI9:
 356              		.cfi_def_cfa_offset 16
 357              		@ sp needed
 358 00e6 70BD     		pop	{r4, r5, r6, pc}
 359              	.L21:
 360              		.align	2
 361              	.L20:
 362 00e8 00380140 		.word	1073821696
 363 00ec 00080140 		.word	1073809408
 364 00f0 00440040 		.word	1073759232
 365              		.cfi_endproc
 366              	.LFE68:
 368              		.section	.text.HAL_UART_MspDeInit,"ax",%progbits
 369              		.align	2
 370              		.global	HAL_UART_MspDeInit
 371              		.thumb
ARM GAS  /tmp/ccElMPUe.s 			page 11


 372              		.thumb_func
 374              	HAL_UART_MspDeInit:
 375              	.LFB69:
 207:Src/stm32f1xx_hal_msp.c **** 
 208:Src/stm32f1xx_hal_msp.c **** /**
 209:Src/stm32f1xx_hal_msp.c **** * @brief UART MSP De-Initialization
 210:Src/stm32f1xx_hal_msp.c **** * This function freeze the hardware resources used in this example
 211:Src/stm32f1xx_hal_msp.c **** * @param huart: UART handle pointer
 212:Src/stm32f1xx_hal_msp.c **** * @retval None
 213:Src/stm32f1xx_hal_msp.c **** */
 214:Src/stm32f1xx_hal_msp.c **** void HAL_UART_MspDeInit(UART_HandleTypeDef* huart)
 215:Src/stm32f1xx_hal_msp.c **** {
 376              		.loc 1 215 0
 377              		.cfi_startproc
 378              		@ args = 0, pretend = 0, frame = 0
 379              		@ frame_needed = 0, uses_anonymous_args = 0
 380              	.LVL22:
 381 0000 10B5     		push	{r4, lr}
 382              	.LCFI10:
 383              		.cfi_def_cfa_offset 8
 384              		.cfi_offset 4, -8
 385              		.cfi_offset 14, -4
 386 0002 0446     		mov	r4, r0
 216:Src/stm32f1xx_hal_msp.c ****   if(huart->Instance==USART1)
 387              		.loc 1 216 0
 388 0004 0268     		ldr	r2, [r0]
 389 0006 104B     		ldr	r3, .L26
 390 0008 9A42     		cmp	r2, r3
 391 000a 0CD1     		bne	.L23
 217:Src/stm32f1xx_hal_msp.c ****   {
 218:Src/stm32f1xx_hal_msp.c ****   /* USER CODE BEGIN USART1_MspDeInit 0 */
 219:Src/stm32f1xx_hal_msp.c **** 
 220:Src/stm32f1xx_hal_msp.c ****   /* USER CODE END USART1_MspDeInit 0 */
 221:Src/stm32f1xx_hal_msp.c ****     /* Peripheral clock disable */
 222:Src/stm32f1xx_hal_msp.c ****     __HAL_RCC_USART1_CLK_DISABLE();
 392              		.loc 1 222 0
 393 000c 0F4A     		ldr	r2, .L26+4
 394 000e 9369     		ldr	r3, [r2, #24]
 395 0010 23F48043 		bic	r3, r3, #16384
 396 0014 9361     		str	r3, [r2, #24]
 223:Src/stm32f1xx_hal_msp.c ****   
 224:Src/stm32f1xx_hal_msp.c ****     /**USART1 GPIO Configuration    
 225:Src/stm32f1xx_hal_msp.c ****     PA9     ------> USART1_TX
 226:Src/stm32f1xx_hal_msp.c ****     PA10     ------> USART1_RX 
 227:Src/stm32f1xx_hal_msp.c ****     */
 228:Src/stm32f1xx_hal_msp.c ****     HAL_GPIO_DeInit(GPIOA, GPIO_PIN_9|GPIO_PIN_10);
 397              		.loc 1 228 0
 398 0016 0E48     		ldr	r0, .L26+8
 399              	.LVL23:
 400 0018 4FF4C061 		mov	r1, #1536
 401 001c FFF7FEFF 		bl	HAL_GPIO_DeInit
 402              	.LVL24:
 229:Src/stm32f1xx_hal_msp.c **** 
 230:Src/stm32f1xx_hal_msp.c ****     /* USART1 interrupt DeInit */
 231:Src/stm32f1xx_hal_msp.c ****     HAL_NVIC_DisableIRQ(USART1_IRQn);
 403              		.loc 1 231 0
 404 0020 2520     		movs	r0, #37
ARM GAS  /tmp/ccElMPUe.s 			page 12


 405 0022 FFF7FEFF 		bl	HAL_NVIC_DisableIRQ
 406              	.LVL25:
 407              	.L23:
 232:Src/stm32f1xx_hal_msp.c ****   /* USER CODE BEGIN USART1_MspDeInit 1 */
 233:Src/stm32f1xx_hal_msp.c **** 
 234:Src/stm32f1xx_hal_msp.c ****   /* USER CODE END USART1_MspDeInit 1 */
 235:Src/stm32f1xx_hal_msp.c ****   }
 236:Src/stm32f1xx_hal_msp.c ****     if(huart->Instance==USART2)
 408              		.loc 1 236 0
 409 0026 2268     		ldr	r2, [r4]
 410 0028 0A4B     		ldr	r3, .L26+12
 411 002a 9A42     		cmp	r2, r3
 412 002c 0BD1     		bne	.L22
 237:Src/stm32f1xx_hal_msp.c ****   {
 238:Src/stm32f1xx_hal_msp.c ****   /* USER CODE BEGIN USART1_MspDeInit 0 */
 239:Src/stm32f1xx_hal_msp.c **** 
 240:Src/stm32f1xx_hal_msp.c ****   /* USER CODE END USART1_MspDeInit 0 */
 241:Src/stm32f1xx_hal_msp.c ****     /* Peripheral clock disable */
 242:Src/stm32f1xx_hal_msp.c ****     __HAL_RCC_USART2_CLK_DISABLE();
 413              		.loc 1 242 0
 414 002e 074A     		ldr	r2, .L26+4
 415 0030 D369     		ldr	r3, [r2, #28]
 416 0032 23F40033 		bic	r3, r3, #131072
 417 0036 D361     		str	r3, [r2, #28]
 243:Src/stm32f1xx_hal_msp.c ****   
 244:Src/stm32f1xx_hal_msp.c ****     /**USART1 GPIO Configuration    
 245:Src/stm32f1xx_hal_msp.c ****     PA9     ------> USART1_TX
 246:Src/stm32f1xx_hal_msp.c ****     PA10     ------> USART1_RX 
 247:Src/stm32f1xx_hal_msp.c ****     */
 248:Src/stm32f1xx_hal_msp.c ****     HAL_GPIO_DeInit(GPIOA, GPIO_PIN_2|GPIO_PIN_3);
 418              		.loc 1 248 0
 419 0038 0548     		ldr	r0, .L26+8
 420 003a 0C21     		movs	r1, #12
 421 003c FFF7FEFF 		bl	HAL_GPIO_DeInit
 422              	.LVL26:
 249:Src/stm32f1xx_hal_msp.c **** 
 250:Src/stm32f1xx_hal_msp.c ****     /* USART1 interrupt DeInit */
 251:Src/stm32f1xx_hal_msp.c ****     HAL_NVIC_DisableIRQ(USART2_IRQn);
 423              		.loc 1 251 0
 424 0040 2620     		movs	r0, #38
 425 0042 FFF7FEFF 		bl	HAL_NVIC_DisableIRQ
 426              	.LVL27:
 427              	.L22:
 428 0046 10BD     		pop	{r4, pc}
 429              	.LVL28:
 430              	.L27:
 431              		.align	2
 432              	.L26:
 433 0048 00380140 		.word	1073821696
 434 004c 00100240 		.word	1073876992
 435 0050 00080140 		.word	1073809408
 436 0054 00440040 		.word	1073759232
 437              		.cfi_endproc
 438              	.LFE69:
 440              		.section	.text.HAL_ADC_MspInit,"ax",%progbits
 441              		.align	2
 442              		.global	HAL_ADC_MspInit
ARM GAS  /tmp/ccElMPUe.s 			page 13


 443              		.thumb
 444              		.thumb_func
 446              	HAL_ADC_MspInit:
 447              	.LFB70:
 252:Src/stm32f1xx_hal_msp.c ****   /* USER CODE BEGIN USART1_MspDeInit 1 */
 253:Src/stm32f1xx_hal_msp.c **** 
 254:Src/stm32f1xx_hal_msp.c ****   /* USER CODE END USART1_MspDeInit 1 */
 255:Src/stm32f1xx_hal_msp.c ****   }
 256:Src/stm32f1xx_hal_msp.c ****   
 257:Src/stm32f1xx_hal_msp.c **** 
 258:Src/stm32f1xx_hal_msp.c **** }
 259:Src/stm32f1xx_hal_msp.c **** 
 260:Src/stm32f1xx_hal_msp.c **** /**
 261:Src/stm32f1xx_hal_msp.c **** * @brief ADC MSP Initialization
 262:Src/stm32f1xx_hal_msp.c **** * This function configures the hardware resources used in this example
 263:Src/stm32f1xx_hal_msp.c **** * @param hadc: ADC handle pointer
 264:Src/stm32f1xx_hal_msp.c **** * @retval None
 265:Src/stm32f1xx_hal_msp.c **** */
 266:Src/stm32f1xx_hal_msp.c **** #if 1
 267:Src/stm32f1xx_hal_msp.c **** void HAL_ADC_MspInit(ADC_HandleTypeDef* hadc)
 268:Src/stm32f1xx_hal_msp.c **** {
 448              		.loc 1 268 0
 449              		.cfi_startproc
 450              		@ args = 0, pretend = 0, frame = 24
 451              		@ frame_needed = 0, uses_anonymous_args = 0
 452              	.LVL29:
 453 0000 00B5     		push	{lr}
 454              	.LCFI11:
 455              		.cfi_def_cfa_offset 4
 456              		.cfi_offset 14, -4
 457 0002 87B0     		sub	sp, sp, #28
 458              	.LCFI12:
 459              		.cfi_def_cfa_offset 32
 269:Src/stm32f1xx_hal_msp.c ****   GPIO_InitTypeDef GPIO_InitStruct = {0};
 460              		.loc 1 269 0
 461 0004 0023     		movs	r3, #0
 462 0006 0293     		str	r3, [sp, #8]
 463 0008 0393     		str	r3, [sp, #12]
 464 000a 0493     		str	r3, [sp, #16]
 465 000c 0593     		str	r3, [sp, #20]
 270:Src/stm32f1xx_hal_msp.c ****   if(hadc->Instance==ADC1)
 466              		.loc 1 270 0
 467 000e 0268     		ldr	r2, [r0]
 468 0010 104B     		ldr	r3, .L31
 469 0012 9A42     		cmp	r2, r3
 470 0014 1BD1     		bne	.L28
 471              	.LBB10:
 271:Src/stm32f1xx_hal_msp.c ****   {
 272:Src/stm32f1xx_hal_msp.c ****   /* USER CODE BEGIN ADC1_MspInit 0 */
 273:Src/stm32f1xx_hal_msp.c **** 
 274:Src/stm32f1xx_hal_msp.c ****   /* USER CODE END ADC1_MspInit 0 */
 275:Src/stm32f1xx_hal_msp.c ****     /* Peripheral clock enable */
 276:Src/stm32f1xx_hal_msp.c ****     __HAL_RCC_ADC1_CLK_ENABLE();
 472              		.loc 1 276 0
 473 0016 03F56C43 		add	r3, r3, #60416
 474 001a 9A69     		ldr	r2, [r3, #24]
 475 001c 42F40072 		orr	r2, r2, #512
ARM GAS  /tmp/ccElMPUe.s 			page 14


 476 0020 9A61     		str	r2, [r3, #24]
 477 0022 9A69     		ldr	r2, [r3, #24]
 478 0024 02F40072 		and	r2, r2, #512
 479 0028 0092     		str	r2, [sp]
 480 002a 009A     		ldr	r2, [sp]
 481              	.LBE10:
 482              	.LBB11:
 277:Src/stm32f1xx_hal_msp.c ****   
 278:Src/stm32f1xx_hal_msp.c ****     __HAL_RCC_GPIOC_CLK_ENABLE();
 483              		.loc 1 278 0
 484 002c 9A69     		ldr	r2, [r3, #24]
 485 002e 42F01002 		orr	r2, r2, #16
 486 0032 9A61     		str	r2, [r3, #24]
 487 0034 9B69     		ldr	r3, [r3, #24]
 488 0036 03F01003 		and	r3, r3, #16
 489 003a 0193     		str	r3, [sp, #4]
 490 003c 019B     		ldr	r3, [sp, #4]
 491              	.LBE11:
 279:Src/stm32f1xx_hal_msp.c ****     /**ADC1 GPIO Configuration    
 280:Src/stm32f1xx_hal_msp.c ****     PC3     ------> ADC1_IN13 
 281:Src/stm32f1xx_hal_msp.c ****     */
 282:Src/stm32f1xx_hal_msp.c ****     GPIO_InitStruct.Pin = GPIO_PIN_3;
 492              		.loc 1 282 0
 493 003e 0823     		movs	r3, #8
 494 0040 0293     		str	r3, [sp, #8]
 283:Src/stm32f1xx_hal_msp.c ****     GPIO_InitStruct.Mode = GPIO_MODE_ANALOG;
 495              		.loc 1 283 0
 496 0042 0323     		movs	r3, #3
 497 0044 0393     		str	r3, [sp, #12]
 284:Src/stm32f1xx_hal_msp.c ****     HAL_GPIO_Init(GPIOC, &GPIO_InitStruct);
 498              		.loc 1 284 0
 499 0046 0448     		ldr	r0, .L31+4
 500              	.LVL30:
 501 0048 02A9     		add	r1, sp, #8
 502 004a FFF7FEFF 		bl	HAL_GPIO_Init
 503              	.LVL31:
 504              	.L28:
 285:Src/stm32f1xx_hal_msp.c **** 
 286:Src/stm32f1xx_hal_msp.c ****   /* USER CODE BEGIN ADC1_MspInit 1 */
 287:Src/stm32f1xx_hal_msp.c **** 
 288:Src/stm32f1xx_hal_msp.c ****   /* USER CODE END ADC1_MspInit 1 */
 289:Src/stm32f1xx_hal_msp.c ****   }
 290:Src/stm32f1xx_hal_msp.c **** 
 291:Src/stm32f1xx_hal_msp.c **** }
 505              		.loc 1 291 0
 506 004e 07B0     		add	sp, sp, #28
 507              	.LCFI13:
 508              		.cfi_def_cfa_offset 4
 509              		@ sp needed
 510 0050 5DF804FB 		ldr	pc, [sp], #4
 511              	.L32:
 512              		.align	2
 513              	.L31:
 514 0054 00240140 		.word	1073816576
 515 0058 00100140 		.word	1073811456
 516              		.cfi_endproc
 517              	.LFE70:
ARM GAS  /tmp/ccElMPUe.s 			page 15


 519              		.section	.text.HAL_ADC_MspDeInit,"ax",%progbits
 520              		.align	2
 521              		.global	HAL_ADC_MspDeInit
 522              		.thumb
 523              		.thumb_func
 525              	HAL_ADC_MspDeInit:
 526              	.LFB71:
 292:Src/stm32f1xx_hal_msp.c **** 
 293:Src/stm32f1xx_hal_msp.c **** /**
 294:Src/stm32f1xx_hal_msp.c **** * @brief ADC MSP De-Initialization
 295:Src/stm32f1xx_hal_msp.c **** * This function freeze the hardware resources used in this example
 296:Src/stm32f1xx_hal_msp.c **** * @param hadc: ADC handle pointer
 297:Src/stm32f1xx_hal_msp.c **** * @retval None
 298:Src/stm32f1xx_hal_msp.c **** */
 299:Src/stm32f1xx_hal_msp.c **** void HAL_ADC_MspDeInit(ADC_HandleTypeDef* hadc)
 300:Src/stm32f1xx_hal_msp.c **** {
 527              		.loc 1 300 0
 528              		.cfi_startproc
 529              		@ args = 0, pretend = 0, frame = 0
 530              		@ frame_needed = 0, uses_anonymous_args = 0
 531              	.LVL32:
 532 0000 08B5     		push	{r3, lr}
 533              	.LCFI14:
 534              		.cfi_def_cfa_offset 8
 535              		.cfi_offset 3, -8
 536              		.cfi_offset 14, -4
 301:Src/stm32f1xx_hal_msp.c ****   if(hadc->Instance==ADC1)
 537              		.loc 1 301 0
 538 0002 0268     		ldr	r2, [r0]
 539 0004 064B     		ldr	r3, .L36
 540 0006 9A42     		cmp	r2, r3
 541 0008 08D1     		bne	.L33
 302:Src/stm32f1xx_hal_msp.c ****   {
 303:Src/stm32f1xx_hal_msp.c ****   /* USER CODE BEGIN ADC1_MspDeInit 0 */
 304:Src/stm32f1xx_hal_msp.c **** 
 305:Src/stm32f1xx_hal_msp.c ****   /* USER CODE END ADC1_MspDeInit 0 */
 306:Src/stm32f1xx_hal_msp.c ****     /* Peripheral clock disable */
 307:Src/stm32f1xx_hal_msp.c ****     __HAL_RCC_ADC1_CLK_DISABLE();
 542              		.loc 1 307 0
 543 000a 064A     		ldr	r2, .L36+4
 544 000c 9369     		ldr	r3, [r2, #24]
 545 000e 23F40073 		bic	r3, r3, #512
 546 0012 9361     		str	r3, [r2, #24]
 308:Src/stm32f1xx_hal_msp.c ****   
 309:Src/stm32f1xx_hal_msp.c ****     /**ADC1 GPIO Configuration    
 310:Src/stm32f1xx_hal_msp.c ****     PC3     ------> ADC1_IN13 
 311:Src/stm32f1xx_hal_msp.c ****     */
 312:Src/stm32f1xx_hal_msp.c ****     HAL_GPIO_DeInit(GPIOC, GPIO_PIN_3);
 547              		.loc 1 312 0
 548 0014 0448     		ldr	r0, .L36+8
 549              	.LVL33:
 550 0016 0821     		movs	r1, #8
 551 0018 FFF7FEFF 		bl	HAL_GPIO_DeInit
 552              	.LVL34:
 553              	.L33:
 554 001c 08BD     		pop	{r3, pc}
 555              	.L37:
ARM GAS  /tmp/ccElMPUe.s 			page 16


 556 001e 00BF     		.align	2
 557              	.L36:
 558 0020 00240140 		.word	1073816576
 559 0024 00100240 		.word	1073876992
 560 0028 00100140 		.word	1073811456
 561              		.cfi_endproc
 562              	.LFE71:
 564              		.section	.text.HAL_TIM_PWM_MspInit,"ax",%progbits
 565              		.align	2
 566              		.global	HAL_TIM_PWM_MspInit
 567              		.thumb
 568              		.thumb_func
 570              	HAL_TIM_PWM_MspInit:
 571              	.LFB72:
 313:Src/stm32f1xx_hal_msp.c **** 
 314:Src/stm32f1xx_hal_msp.c ****   /* USER CODE BEGIN ADC1_MspDeInit 1 */
 315:Src/stm32f1xx_hal_msp.c **** 
 316:Src/stm32f1xx_hal_msp.c ****   /* USER CODE END ADC1_MspDeInit 1 */
 317:Src/stm32f1xx_hal_msp.c ****   }
 318:Src/stm32f1xx_hal_msp.c **** 
 319:Src/stm32f1xx_hal_msp.c **** }
 320:Src/stm32f1xx_hal_msp.c **** #endif
 321:Src/stm32f1xx_hal_msp.c **** /**
 322:Src/stm32f1xx_hal_msp.c **** * @brief TIM_PWM MSP Initialization
 323:Src/stm32f1xx_hal_msp.c **** * This function configures the hardware resources used in this example
 324:Src/stm32f1xx_hal_msp.c **** * @param htim_pwm: TIM_PWM handle pointer
 325:Src/stm32f1xx_hal_msp.c **** * @retval None
 326:Src/stm32f1xx_hal_msp.c **** */
 327:Src/stm32f1xx_hal_msp.c **** 
 328:Src/stm32f1xx_hal_msp.c **** void HAL_TIM_PWM_MspInit(TIM_HandleTypeDef* htim_pwm)
 329:Src/stm32f1xx_hal_msp.c **** {
 572              		.loc 1 329 0
 573              		.cfi_startproc
 574              		@ args = 0, pretend = 0, frame = 8
 575              		@ frame_needed = 0, uses_anonymous_args = 0
 576              		@ link register save eliminated.
 577              	.LVL35:
 330:Src/stm32f1xx_hal_msp.c ****   if(htim_pwm->Instance==TIM2)
 578              		.loc 1 330 0
 579 0000 0368     		ldr	r3, [r0]
 580 0002 B3F1804F 		cmp	r3, #1073741824
 581 0006 0CD1     		bne	.L42
 329:Src/stm32f1xx_hal_msp.c ****   if(htim_pwm->Instance==TIM2)
 582              		.loc 1 329 0
 583 0008 82B0     		sub	sp, sp, #8
 584              	.LCFI15:
 585              		.cfi_def_cfa_offset 8
 586              	.LBB12:
 331:Src/stm32f1xx_hal_msp.c ****   {
 332:Src/stm32f1xx_hal_msp.c ****   /* USER CODE BEGIN TIM2_MspInit 0 */
 333:Src/stm32f1xx_hal_msp.c **** 
 334:Src/stm32f1xx_hal_msp.c ****   /* USER CODE END TIM2_MspInit 0 */
 335:Src/stm32f1xx_hal_msp.c ****     /* Peripheral clock enable */
 336:Src/stm32f1xx_hal_msp.c ****     __HAL_RCC_TIM2_CLK_ENABLE();
 587              		.loc 1 336 0
 588 000a 03F50433 		add	r3, r3, #135168
 589 000e DA69     		ldr	r2, [r3, #28]
ARM GAS  /tmp/ccElMPUe.s 			page 17


 590 0010 42F00102 		orr	r2, r2, #1
 591 0014 DA61     		str	r2, [r3, #28]
 592 0016 DB69     		ldr	r3, [r3, #28]
 593 0018 03F00103 		and	r3, r3, #1
 594 001c 0193     		str	r3, [sp, #4]
 595 001e 019B     		ldr	r3, [sp, #4]
 596              	.LBE12:
 337:Src/stm32f1xx_hal_msp.c ****   /* USER CODE BEGIN TIM2_MspInit 1 */
 338:Src/stm32f1xx_hal_msp.c **** 
 339:Src/stm32f1xx_hal_msp.c ****   /* USER CODE END TIM2_MspInit 1 */
 340:Src/stm32f1xx_hal_msp.c ****   }
 341:Src/stm32f1xx_hal_msp.c **** 
 342:Src/stm32f1xx_hal_msp.c **** }
 597              		.loc 1 342 0
 598 0020 02B0     		add	sp, sp, #8
 599              	.LCFI16:
 600              		.cfi_def_cfa_offset 0
 601              		@ sp needed
 602              	.L42:
 603 0022 7047     		bx	lr
 604              		.cfi_endproc
 605              	.LFE72:
 607              		.section	.text.HAL_TIM_MspPostInit,"ax",%progbits
 608              		.align	2
 609              		.global	HAL_TIM_MspPostInit
 610              		.thumb
 611              		.thumb_func
 613              	HAL_TIM_MspPostInit:
 614              	.LFB73:
 343:Src/stm32f1xx_hal_msp.c **** 
 344:Src/stm32f1xx_hal_msp.c **** 
 345:Src/stm32f1xx_hal_msp.c **** void HAL_TIM_MspPostInit(TIM_HandleTypeDef* htim)
 346:Src/stm32f1xx_hal_msp.c **** {
 615              		.loc 1 346 0
 616              		.cfi_startproc
 617              		@ args = 0, pretend = 0, frame = 24
 618              		@ frame_needed = 0, uses_anonymous_args = 0
 619              	.LVL36:
 620 0000 00B5     		push	{lr}
 621              	.LCFI17:
 622              		.cfi_def_cfa_offset 4
 623              		.cfi_offset 14, -4
 624 0002 87B0     		sub	sp, sp, #28
 625              	.LCFI18:
 626              		.cfi_def_cfa_offset 32
 347:Src/stm32f1xx_hal_msp.c ****   GPIO_InitTypeDef GPIO_InitStruct = {0};
 627              		.loc 1 347 0
 628 0004 0023     		movs	r3, #0
 629 0006 0293     		str	r3, [sp, #8]
 630 0008 0393     		str	r3, [sp, #12]
 631 000a 0493     		str	r3, [sp, #16]
 632 000c 0593     		str	r3, [sp, #20]
 348:Src/stm32f1xx_hal_msp.c ****   if(htim->Instance==TIM2)
 633              		.loc 1 348 0
 634 000e 0368     		ldr	r3, [r0]
 635 0010 B3F1804F 		cmp	r3, #1073741824
 636 0014 1DD1     		bne	.L43
ARM GAS  /tmp/ccElMPUe.s 			page 18


 637              	.LBB13:
 349:Src/stm32f1xx_hal_msp.c ****   {
 350:Src/stm32f1xx_hal_msp.c ****   /* USER CODE BEGIN TIM2_MspPostInit 0 */
 351:Src/stm32f1xx_hal_msp.c **** 
 352:Src/stm32f1xx_hal_msp.c ****   /* USER CODE END TIM2_MspPostInit 0 */
 353:Src/stm32f1xx_hal_msp.c ****   
 354:Src/stm32f1xx_hal_msp.c ****     __HAL_RCC_GPIOB_CLK_ENABLE();
 638              		.loc 1 354 0
 639 0016 03F50433 		add	r3, r3, #135168
 640 001a 9A69     		ldr	r2, [r3, #24]
 641 001c 42F00802 		orr	r2, r2, #8
 642 0020 9A61     		str	r2, [r3, #24]
 643 0022 9B69     		ldr	r3, [r3, #24]
 644 0024 03F00803 		and	r3, r3, #8
 645 0028 0193     		str	r3, [sp, #4]
 646 002a 019B     		ldr	r3, [sp, #4]
 647              	.LBE13:
 355:Src/stm32f1xx_hal_msp.c ****     /**TIM2 GPIO Configuration    
 356:Src/stm32f1xx_hal_msp.c ****     PB10     ------> TIM2_CH3 
 357:Src/stm32f1xx_hal_msp.c ****     */
 358:Src/stm32f1xx_hal_msp.c ****     GPIO_InitStruct.Pin = GPIO_PIN_10;
 648              		.loc 1 358 0
 649 002c 4FF48063 		mov	r3, #1024
 650 0030 0293     		str	r3, [sp, #8]
 359:Src/stm32f1xx_hal_msp.c ****     GPIO_InitStruct.Mode = GPIO_MODE_AF_PP;
 651              		.loc 1 359 0
 652 0032 0223     		movs	r3, #2
 653 0034 0393     		str	r3, [sp, #12]
 360:Src/stm32f1xx_hal_msp.c ****     GPIO_InitStruct.Speed = GPIO_SPEED_FREQ_LOW;
 654              		.loc 1 360 0
 655 0036 0593     		str	r3, [sp, #20]
 361:Src/stm32f1xx_hal_msp.c ****     HAL_GPIO_Init(GPIOB, &GPIO_InitStruct);
 656              		.loc 1 361 0
 657 0038 0748     		ldr	r0, .L46
 658              	.LVL37:
 659 003a 02A9     		add	r1, sp, #8
 660 003c FFF7FEFF 		bl	HAL_GPIO_Init
 661              	.LVL38:
 662              	.LBB14:
 362:Src/stm32f1xx_hal_msp.c **** 
 363:Src/stm32f1xx_hal_msp.c ****     __HAL_AFIO_REMAP_TIM2_PARTIAL_2();
 663              		.loc 1 363 0
 664 0040 064A     		ldr	r2, .L46+4
 665 0042 5368     		ldr	r3, [r2, #4]
 666              	.LVL39:
 667 0044 23F44073 		bic	r3, r3, #768
 668              	.LVL40:
 669 0048 43F0E063 		orr	r3, r3, #117440512
 670              	.LVL41:
 671 004c 43F40073 		orr	r3, r3, #512
 672              	.LVL42:
 673 0050 5360     		str	r3, [r2, #4]
 674              	.LVL43:
 675              	.L43:
 676              	.LBE14:
 364:Src/stm32f1xx_hal_msp.c **** 
 365:Src/stm32f1xx_hal_msp.c ****   /* USER CODE BEGIN TIM2_MspPostInit 1 */
ARM GAS  /tmp/ccElMPUe.s 			page 19


 366:Src/stm32f1xx_hal_msp.c **** 
 367:Src/stm32f1xx_hal_msp.c ****   /* USER CODE END TIM2_MspPostInit 1 */
 368:Src/stm32f1xx_hal_msp.c ****   }
 369:Src/stm32f1xx_hal_msp.c **** 
 370:Src/stm32f1xx_hal_msp.c **** }
 677              		.loc 1 370 0
 678 0052 07B0     		add	sp, sp, #28
 679              	.LCFI19:
 680              		.cfi_def_cfa_offset 4
 681              		@ sp needed
 682 0054 5DF804FB 		ldr	pc, [sp], #4
 683              	.L47:
 684              		.align	2
 685              	.L46:
 686 0058 000C0140 		.word	1073810432
 687 005c 00000140 		.word	1073807360
 688              		.cfi_endproc
 689              	.LFE73:
 691              		.section	.text.HAL_TIM_PWM_MspDeInit,"ax",%progbits
 692              		.align	2
 693              		.global	HAL_TIM_PWM_MspDeInit
 694              		.thumb
 695              		.thumb_func
 697              	HAL_TIM_PWM_MspDeInit:
 698              	.LFB74:
 371:Src/stm32f1xx_hal_msp.c **** 
 372:Src/stm32f1xx_hal_msp.c **** /**
 373:Src/stm32f1xx_hal_msp.c **** * @brief TIM_PWM MSP De-Initialization
 374:Src/stm32f1xx_hal_msp.c **** * This function freeze the hardware resources used in this example
 375:Src/stm32f1xx_hal_msp.c **** * @param htim_pwm: TIM_PWM handle pointer
 376:Src/stm32f1xx_hal_msp.c **** * @retval None
 377:Src/stm32f1xx_hal_msp.c **** */
 378:Src/stm32f1xx_hal_msp.c **** 
 379:Src/stm32f1xx_hal_msp.c **** void HAL_TIM_PWM_MspDeInit(TIM_HandleTypeDef* htim_pwm)
 380:Src/stm32f1xx_hal_msp.c **** {
 699              		.loc 1 380 0
 700              		.cfi_startproc
 701              		@ args = 0, pretend = 0, frame = 0
 702              		@ frame_needed = 0, uses_anonymous_args = 0
 703              		@ link register save eliminated.
 704              	.LVL44:
 381:Src/stm32f1xx_hal_msp.c ****   if(htim_pwm->Instance==TIM2)
 705              		.loc 1 381 0
 706 0000 0368     		ldr	r3, [r0]
 707 0002 B3F1804F 		cmp	r3, #1073741824
 708 0006 04D1     		bne	.L48
 382:Src/stm32f1xx_hal_msp.c ****   {
 383:Src/stm32f1xx_hal_msp.c ****   /* USER CODE BEGIN TIM2_MspDeInit 0 */
 384:Src/stm32f1xx_hal_msp.c **** 
 385:Src/stm32f1xx_hal_msp.c ****   /* USER CODE END TIM2_MspDeInit 0 */
 386:Src/stm32f1xx_hal_msp.c ****     /* Peripheral clock disable */
 387:Src/stm32f1xx_hal_msp.c ****     __HAL_RCC_TIM2_CLK_DISABLE();
 709              		.loc 1 387 0
 710 0008 024A     		ldr	r2, .L50
 711 000a D369     		ldr	r3, [r2, #28]
 712 000c 23F00103 		bic	r3, r3, #1
 713 0010 D361     		str	r3, [r2, #28]
ARM GAS  /tmp/ccElMPUe.s 			page 20


 714              	.L48:
 715 0012 7047     		bx	lr
 716              	.L51:
 717              		.align	2
 718              	.L50:
 719 0014 00100240 		.word	1073876992
 720              		.cfi_endproc
 721              	.LFE74:
 723              		.text
 724              	.Letext0:
 725              		.file 2 "Drivers/CMSIS/Device/ST/STM32F1xx/Include/stm32f103xb.h"
 726              		.file 3 "/usr/include/newlib/machine/_default_types.h"
 727              		.file 4 "/usr/include/newlib/sys/_stdint.h"
 728              		.file 5 "Drivers/CMSIS/Device/ST/STM32F1xx/Include/stm32f1xx.h"
 729              		.file 6 "Drivers/STM32F1xx_HAL_Driver/Inc/stm32f1xx_hal_def.h"
 730              		.file 7 "Drivers/STM32F1xx_HAL_Driver/Inc/stm32f1xx_hal_gpio.h"
 731              		.file 8 "Drivers/STM32F1xx_HAL_Driver/Inc/stm32f1xx_hal_dma.h"
 732              		.file 9 "Drivers/STM32F1xx_HAL_Driver/Inc/stm32f1xx_hal_adc.h"
 733              		.file 10 "Drivers/STM32F1xx_HAL_Driver/Inc/stm32f1xx_hal_tim.h"
 734              		.file 11 "Drivers/STM32F1xx_HAL_Driver/Inc/stm32f1xx_hal_uart.h"
 735              		.file 12 "Drivers/STM32F1xx_HAL_Driver/Inc/stm32f1xx_hal_cortex.h"
 736              		.file 13 "Drivers/CMSIS/Include/core_cm3.h"
ARM GAS  /tmp/ccElMPUe.s 			page 21


DEFINED SYMBOLS
                            *ABS*:0000000000000000 stm32f1xx_hal_msp.c
     /tmp/ccElMPUe.s:19     .text.HAL_MspInit:0000000000000000 $t
     /tmp/ccElMPUe.s:24     .text.HAL_MspInit:0000000000000000 HAL_MspInit
     /tmp/ccElMPUe.s:76     .text.HAL_MspInit:000000000000003c $d
     /tmp/ccElMPUe.s:82     .text.HAL_TIM_Base_MspInit:0000000000000000 $t
     /tmp/ccElMPUe.s:87     .text.HAL_TIM_Base_MspInit:0000000000000000 HAL_TIM_Base_MspInit
     /tmp/ccElMPUe.s:144    .text.HAL_TIM_Base_MspInit:000000000000003c $d
     /tmp/ccElMPUe.s:149    .text.HAL_TIM_Base_MspDeInit:0000000000000000 $t
     /tmp/ccElMPUe.s:154    .text.HAL_TIM_Base_MspDeInit:0000000000000000 HAL_TIM_Base_MspDeInit
     /tmp/ccElMPUe.s:186    .text.HAL_TIM_Base_MspDeInit:000000000000001c $d
     /tmp/ccElMPUe.s:192    .text.HAL_UART_MspInit:0000000000000000 $t
     /tmp/ccElMPUe.s:197    .text.HAL_UART_MspInit:0000000000000000 HAL_UART_MspInit
     /tmp/ccElMPUe.s:362    .text.HAL_UART_MspInit:00000000000000e8 $d
     /tmp/ccElMPUe.s:369    .text.HAL_UART_MspDeInit:0000000000000000 $t
     /tmp/ccElMPUe.s:374    .text.HAL_UART_MspDeInit:0000000000000000 HAL_UART_MspDeInit
     /tmp/ccElMPUe.s:433    .text.HAL_UART_MspDeInit:0000000000000048 $d
     /tmp/ccElMPUe.s:441    .text.HAL_ADC_MspInit:0000000000000000 $t
     /tmp/ccElMPUe.s:446    .text.HAL_ADC_MspInit:0000000000000000 HAL_ADC_MspInit
     /tmp/ccElMPUe.s:514    .text.HAL_ADC_MspInit:0000000000000054 $d
     /tmp/ccElMPUe.s:520    .text.HAL_ADC_MspDeInit:0000000000000000 $t
     /tmp/ccElMPUe.s:525    .text.HAL_ADC_MspDeInit:0000000000000000 HAL_ADC_MspDeInit
     /tmp/ccElMPUe.s:558    .text.HAL_ADC_MspDeInit:0000000000000020 $d
     /tmp/ccElMPUe.s:565    .text.HAL_TIM_PWM_MspInit:0000000000000000 $t
     /tmp/ccElMPUe.s:570    .text.HAL_TIM_PWM_MspInit:0000000000000000 HAL_TIM_PWM_MspInit
     /tmp/ccElMPUe.s:608    .text.HAL_TIM_MspPostInit:0000000000000000 $t
     /tmp/ccElMPUe.s:613    .text.HAL_TIM_MspPostInit:0000000000000000 HAL_TIM_MspPostInit
     /tmp/ccElMPUe.s:686    .text.HAL_TIM_MspPostInit:0000000000000058 $d
     /tmp/ccElMPUe.s:692    .text.HAL_TIM_PWM_MspDeInit:0000000000000000 $t
     /tmp/ccElMPUe.s:697    .text.HAL_TIM_PWM_MspDeInit:0000000000000000 HAL_TIM_PWM_MspDeInit
     /tmp/ccElMPUe.s:719    .text.HAL_TIM_PWM_MspDeInit:0000000000000014 $d
                     .debug_frame:0000000000000010 $d

UNDEFINED SYMBOLS
HAL_NVIC_SetPriority
HAL_NVIC_EnableIRQ
HAL_NVIC_DisableIRQ
HAL_GPIO_Init
HAL_GPIO_DeInit
