ARM GAS  /tmp/ccj9oS9N.s 			page 1


   1              		.cpu cortex-m3
   2              		.eabi_attribute 20, 1
   3              		.eabi_attribute 21, 1
   4              		.eabi_attribute 23, 3
   5              		.eabi_attribute 24, 1
   6              		.eabi_attribute 25, 1
   7              		.eabi_attribute 26, 1
   8              		.eabi_attribute 30, 1
   9              		.eabi_attribute 34, 1
  10              		.eabi_attribute 18, 4
  11              		.file	"TOA_Protocol.c"
  12              		.text
  13              	.Ltext0:
  14              		.cfi_sections	.debug_frame
  15              		.section	.text.TOAReceivePaser,"ax",%progbits
  16              		.align	1
  17              		.global	TOAReceivePaser
  18              		.syntax unified
  19              		.thumb
  20              		.thumb_func
  21              		.fpu softvfp
  23              	TOAReceivePaser:
  24              	.LFB68:
  25              		.file 1 "VS4210/TOA_Protocol.c"
   1:VS4210/TOA_Protocol.c **** /*****************************************************************************/
   2:VS4210/TOA_Protocol.c **** /*                                                                           										*/
   3:VS4210/TOA_Protocol.c **** /*  STM32F103RE   MCU                    													*/
   4:VS4210/TOA_Protocol.c **** /*                                                                           										*/
   5:VS4210/TOA_Protocol.c **** /*  TOA_Protocol.c                                             										*/
   6:VS4210/TOA_Protocol.c **** /*                                                                           										*/
   7:VS4210/TOA_Protocol.c **** /*****************************************************************************/
   8:VS4210/TOA_Protocol.c **** /*
   9:VS4210/TOA_Protocol.c **** #include "Config.h"
  10:VS4210/TOA_Protocol.c **** #include "typedefs.h"
  11:VS4210/TOA_Protocol.c **** #include "i2c.h"
  12:VS4210/TOA_Protocol.c **** #include "main.h"
  13:VS4210/TOA_Protocol.c **** #include "printf.h"
  14:VS4210/TOA_Protocol.c **** #include "CPU.h"
  15:VS4210/TOA_Protocol.c **** #include "HS_DVRProtocol.h"
  16:VS4210/TOA_Protocol.c **** #include "keyremo.h"
  17:VS4210/TOA_Protocol.c **** #include "Etc_eep.h"
  18:VS4210/TOA_Protocol.c **** */
  19:VS4210/TOA_Protocol.c **** 	
  20:VS4210/TOA_Protocol.c **** #include "VXIS_Extern_Define.h"
  21:VS4210/TOA_Protocol.c **** #include "VS4210.h"
  22:VS4210/TOA_Protocol.c **** #include "main.h"
  23:VS4210/TOA_Protocol.c **** #include "VX_OSD_Simple.h"
  24:VS4210/TOA_Protocol.c **** #include "VX_swi2c.h"
  25:VS4210/TOA_Protocol.c **** 	
  26:VS4210/TOA_Protocol.c **** #include "VS4210_param_Mode88.h"
  27:VS4210/TOA_Protocol.c **** #include "VS4210_param_Modex26.h"
  28:VS4210/TOA_Protocol.c **** 	
  29:VS4210/TOA_Protocol.c **** #include "keyremo.h"
  30:VS4210/TOA_Protocol.c **** #include "tpinc/TP2802.h"
  31:VS4210/TOA_Protocol.c **** #include "Printf.h"
  32:VS4210/TOA_Protocol.c **** #include "TOA_Protocol.h"
  33:VS4210/TOA_Protocol.c **** 
ARM GAS  /tmp/ccj9oS9N.s 			page 2


  34:VS4210/TOA_Protocol.c **** bit protocol_escape_flag;
  35:VS4210/TOA_Protocol.c **** BYTE protocol_state=0;
  36:VS4210/TOA_Protocol.c **** BYTE protocol_type;
  37:VS4210/TOA_Protocol.c **** BYTE protocol_len;
  38:VS4210/TOA_Protocol.c **** BYTE protocol_param;
  39:VS4210/TOA_Protocol.c **** BYTE protocol_chksum;
  40:VS4210/TOA_Protocol.c **** BYTE protocol_data_count=0;
  41:VS4210/TOA_Protocol.c **** //BYTE protocol_data[PROTOCOL_DATA_LENGTH];
  42:VS4210/TOA_Protocol.c **** WORD protocol_cmd=0;
  43:VS4210/TOA_Protocol.c **** WORD protocol_data=0;
  44:VS4210/TOA_Protocol.c **** 
  45:VS4210/TOA_Protocol.c **** BYTE CMDCount=0;
  46:VS4210/TOA_Protocol.c **** 
  47:VS4210/TOA_Protocol.c **** extern DATA  BYTE RS2_out;
  48:VS4210/TOA_Protocol.c **** extern bit ptztxflag;
  49:VS4210/TOA_Protocol.c **** extern BYTE TVI_Command;
  50:VS4210/TOA_Protocol.c **** extern BYTE presetNum;
  51:VS4210/TOA_Protocol.c **** extern BYTE TVI_speed;
  52:VS4210/TOA_Protocol.c **** extern BYTE TVI_Chksum;
  53:VS4210/TOA_Protocol.c **** extern BYTE PtzTxChNum;
  54:VS4210/TOA_Protocol.c **** 
  55:VS4210/TOA_Protocol.c **** /*
  56:VS4210/TOA_Protocol.c **** extern float Encorder1,Encorder2,Encorder3,Encorder4;
  57:VS4210/TOA_Protocol.c **** extern float Decimal1,Decimal2,Decimal3,Decimal4;
  58:VS4210/TOA_Protocol.c **** extern StructDVRInfoType g_stDVRInfo;
  59:VS4210/TOA_Protocol.c **** extern BYTE PowerFlag;
  60:VS4210/TOA_Protocol.c **** extern BYTE CameraVolt;
  61:VS4210/TOA_Protocol.c **** extern BYTE PWR_START_flag;
  62:VS4210/TOA_Protocol.c **** extern StructBatteryInfoType g_stBatteryInfo ;
  63:VS4210/TOA_Protocol.c **** */
  64:VS4210/TOA_Protocol.c **** void TOAReceivePaser(void)
  65:VS4210/TOA_Protocol.c **** {
  26              		.loc 1 65 0
  27              		.cfi_startproc
  28              		@ args = 0, pretend = 0, frame = 0
  29              		@ frame_needed = 0, uses_anonymous_args = 0
  30 0000 10B5     		push	{r4, lr}
  31              	.LCFI0:
  32              		.cfi_def_cfa_offset 8
  33              		.cfi_offset 4, -8
  34              		.cfi_offset 14, -4
  66:VS4210/TOA_Protocol.c **** 	BYTE dat,addr;
  67:VS4210/TOA_Protocol.c **** 
  68:VS4210/TOA_Protocol.c **** if ( RS2_ready())
  35              		.loc 1 68 0
  36 0002 FFF7FEFF 		bl	RS2_ready
  37              	.LVL0:
  38 0006 00B9     		cbnz	r0, .L50
  39              	.L1:
  69:VS4210/TOA_Protocol.c **** 	{
  70:VS4210/TOA_Protocol.c **** 		BYTE c= RS2_rx();
  71:VS4210/TOA_Protocol.c **** 		
  72:VS4210/TOA_Protocol.c **** 		if ((c == MCU_PROTOCOL_CMD_Sync)&&(protocol_state==PROTOCOL_STATE_NONE))
  73:VS4210/TOA_Protocol.c **** 		{	
  74:VS4210/TOA_Protocol.c **** 			#if(_DEBUG_MESSAGE_UART_Protocol==ON)
  75:VS4210/TOA_Protocol.c **** 			Printf("\r\n(GOT)");
  76:VS4210/TOA_Protocol.c **** 			#endif
ARM GAS  /tmp/ccj9oS9N.s 			page 3


  77:VS4210/TOA_Protocol.c **** 			//protocol_escape_flag = 0;
  78:VS4210/TOA_Protocol.c **** 			protocol_state = PROTOCOL_STATE_Sync;
  79:VS4210/TOA_Protocol.c **** 			protocol_chksum = 0;
  80:VS4210/TOA_Protocol.c **** 			protocol_data_count=1;
  81:VS4210/TOA_Protocol.c **** 			return;	
  82:VS4210/TOA_Protocol.c **** 		}else if(protocol_data_count>8)//reset command error
  83:VS4210/TOA_Protocol.c **** 			{
  84:VS4210/TOA_Protocol.c **** 					#if(_DEBUG_MESSAGE_UART_Protocol==ON)
  85:VS4210/TOA_Protocol.c **** 					GraphicsPrint(RED,"\r\n(protocol_data_count>8)");
  86:VS4210/TOA_Protocol.c **** 					#endif
  87:VS4210/TOA_Protocol.c **** 					protocol_state=PROTOCOL_STATE_NONE; 
  88:VS4210/TOA_Protocol.c **** 
  89:VS4210/TOA_Protocol.c **** 			}
  90:VS4210/TOA_Protocol.c **** 	
  91:VS4210/TOA_Protocol.c **** 		
  92:VS4210/TOA_Protocol.c **** 		/*
  93:VS4210/TOA_Protocol.c **** 		if (c == 0x7D)
  94:VS4210/TOA_Protocol.c **** 		{
  95:VS4210/TOA_Protocol.c **** 			protocol_escape_flag = 1;
  96:VS4210/TOA_Protocol.c **** 			return;
  97:VS4210/TOA_Protocol.c **** 		}
  98:VS4210/TOA_Protocol.c **** 	
  99:VS4210/TOA_Protocol.c **** 		if (protocol_escape_flag)
 100:VS4210/TOA_Protocol.c **** 		{
 101:VS4210/TOA_Protocol.c **** 			protocol_escape_flag = 0;
 102:VS4210/TOA_Protocol.c **** 			c |= 0x70;
 103:VS4210/TOA_Protocol.c **** 		}
 104:VS4210/TOA_Protocol.c **** 		*/
 105:VS4210/TOA_Protocol.c **** 
 106:VS4210/TOA_Protocol.c **** 		if ((protocol_state != PROTOCOL_STATE_CHECKSUM)&&(protocol_state != PROTOCOL_STATE_Sync)&&(protoc
 107:VS4210/TOA_Protocol.c **** 		{
 108:VS4210/TOA_Protocol.c **** 			//protocol_chksum ^= c;
 109:VS4210/TOA_Protocol.c **** 			protocol_chksum += c;
 110:VS4210/TOA_Protocol.c **** 		}
 111:VS4210/TOA_Protocol.c **** 
 112:VS4210/TOA_Protocol.c **** 
 113:VS4210/TOA_Protocol.c **** 		switch (protocol_state)
 114:VS4210/TOA_Protocol.c **** 				{
 115:VS4210/TOA_Protocol.c **** 				case PROTOCOL_STATE_Sync:
 116:VS4210/TOA_Protocol.c **** 
 117:VS4210/TOA_Protocol.c **** 					#if(_DEBUG_MESSAGE_UART_Protocol==ON)
 118:VS4210/TOA_Protocol.c **** 						//GraphicsPrint(YELLOW,"(1=%02x)",(WORD)c);
 119:VS4210/TOA_Protocol.c **** 						#endif
 120:VS4210/TOA_Protocol.c **** 					if(c==MCU_PROTOCOL_CMD_ADDR)
 121:VS4210/TOA_Protocol.c **** 						protocol_state=PROTOCOL_STATE_COM1;
 122:VS4210/TOA_Protocol.c **** 					else
 123:VS4210/TOA_Protocol.c **** 						protocol_state=PROTOCOL_STATE_NONE;	
 124:VS4210/TOA_Protocol.c **** 
 125:VS4210/TOA_Protocol.c **** 					protocol_data_count++;
 126:VS4210/TOA_Protocol.c **** 					break;
 127:VS4210/TOA_Protocol.c **** 					
 128:VS4210/TOA_Protocol.c **** 				case PROTOCOL_STATE_COM1:
 129:VS4210/TOA_Protocol.c **** 
 130:VS4210/TOA_Protocol.c ****                                                #if(_DEBUG_MESSAGE_UART_Protocol==ON)
 131:VS4210/TOA_Protocol.c **** 						//GraphicsPrint(YELLOW,"(2=%02x)",(WORD)c);
 132:VS4210/TOA_Protocol.c **** 	                                        #endif
 133:VS4210/TOA_Protocol.c **** 											
ARM GAS  /tmp/ccj9oS9N.s 			page 4


 134:VS4210/TOA_Protocol.c **** 						protocol_cmd=c;
 135:VS4210/TOA_Protocol.c **** 						protocol_state=PROTOCOL_STATE_COM2;
 136:VS4210/TOA_Protocol.c **** 						protocol_data_count++;
 137:VS4210/TOA_Protocol.c **** 					break;
 138:VS4210/TOA_Protocol.c **** 
 139:VS4210/TOA_Protocol.c **** 				case PROTOCOL_STATE_COM2:
 140:VS4210/TOA_Protocol.c **** 					
 141:VS4210/TOA_Protocol.c ****                                                #if(_DEBUG_MESSAGE_UART_Protocol==ON)
 142:VS4210/TOA_Protocol.c **** 						//GraphicsPrint(YELLOW,"(3=%02x)",(WORD)c);
 143:VS4210/TOA_Protocol.c **** 	                                        #endif
 144:VS4210/TOA_Protocol.c **** 				
 145:VS4210/TOA_Protocol.c **** 						protocol_cmd=((protocol_cmd<<8)|c);
 146:VS4210/TOA_Protocol.c **** 						protocol_state=PROTOCOL_STATE_DATA1;				
 147:VS4210/TOA_Protocol.c **** 					protocol_data_count++;
 148:VS4210/TOA_Protocol.c **** 					break;
 149:VS4210/TOA_Protocol.c **** 				case PROTOCOL_STATE_DATA1:	
 150:VS4210/TOA_Protocol.c **** 					#if(_DEBUG_MESSAGE_UART_Protocol==ON)
 151:VS4210/TOA_Protocol.c **** 						//GraphicsPrint(YELLOW,"(4=%02x)",(WORD)c);
 152:VS4210/TOA_Protocol.c **** 						#endif
 153:VS4210/TOA_Protocol.c **** 				
 154:VS4210/TOA_Protocol.c **** 						protocol_data=c;
 155:VS4210/TOA_Protocol.c **** 						protocol_state=PROTOCOL_STATE_DATA2;				
 156:VS4210/TOA_Protocol.c **** 						protocol_data_count++;		
 157:VS4210/TOA_Protocol.c **** 					break;
 158:VS4210/TOA_Protocol.c **** 				case PROTOCOL_STATE_DATA2:	
 159:VS4210/TOA_Protocol.c **** 						#if(_DEBUG_MESSAGE_UART_Protocol==ON)
 160:VS4210/TOA_Protocol.c **** 						//GraphicsPrint(YELLOW,"(5=%02x)",(WORD)c);
 161:VS4210/TOA_Protocol.c **** 						#endif
 162:VS4210/TOA_Protocol.c **** 						protocol_data=((protocol_data<<8)|c);
 163:VS4210/TOA_Protocol.c **** 						protocol_state=PROTOCOL_STATE_CHECKSUM;	
 164:VS4210/TOA_Protocol.c **** 						protocol_data_count++;
 165:VS4210/TOA_Protocol.c **** 					break;
 166:VS4210/TOA_Protocol.c **** 				case PROTOCOL_STATE_CHECKSUM:		
 167:VS4210/TOA_Protocol.c **** 						if(c==protocol_chksum)
 168:VS4210/TOA_Protocol.c **** 						{
 169:VS4210/TOA_Protocol.c **** 							protocol_data_count++;
 170:VS4210/TOA_Protocol.c **** 							switch(protocol_cmd)
 171:VS4210/TOA_Protocol.c **** 							{
 172:VS4210/TOA_Protocol.c **** 							case MCU_PROTOCOL_CMD_VERSION:
 173:VS4210/TOA_Protocol.c **** 
 174:VS4210/TOA_Protocol.c **** 								 if(protocol_data==MCU_PROTOCOL_DATA_VERSION)		
 175:VS4210/TOA_Protocol.c **** 							 	{
 176:VS4210/TOA_Protocol.c **** 								#if(_DEBUG_MESSAGE_UART_Protocol==ON)
 177:VS4210/TOA_Protocol.c **** 								//GraphicsPrint(YELLOW,"\r\n(Sent MCU VER)");
 178:VS4210/TOA_Protocol.c **** 								#endif
 179:VS4210/TOA_Protocol.c **** 						
 180:VS4210/TOA_Protocol.c **** 								RS2_tx(0xFF);
 181:VS4210/TOA_Protocol.c **** 								RS2_tx(0x00);
 182:VS4210/TOA_Protocol.c **** 								RS2_tx(0x00);
 183:VS4210/TOA_Protocol.c **** 								RS2_tx(0x07);
 184:VS4210/TOA_Protocol.c **** 
 185:VS4210/TOA_Protocol.c **** 								//RS2_tx(((MCU_FW_Major0<<4)|(MCU_FW_Major1)));//DATA1
 186:VS4210/TOA_Protocol.c **** 								//RS2_tx(((MCU_FW_Sub0<<4)|(MCU_FW_Sub1)));//DATA2
 187:VS4210/TOA_Protocol.c **** 								//FWVER
 188:VS4210/TOA_Protocol.c **** 								RS2_tx((BYTE)(FWVER>>8));//DATA1
 189:VS4210/TOA_Protocol.c **** 								RS2_tx((BYTE)(FWVER));//DATA2
 190:VS4210/TOA_Protocol.c **** 									
ARM GAS  /tmp/ccj9oS9N.s 			page 5


 191:VS4210/TOA_Protocol.c **** 								//Check SUM
 192:VS4210/TOA_Protocol.c **** 								//RS2_tx(0x07+((MCU_FW_Major0<<4)|(MCU_FW_Major1))+((MCU_FW_Sub0<<4)|(MCU_FW_Sub1)));
 193:VS4210/TOA_Protocol.c **** 								RS2_tx(0x07+((BYTE)(FWVER>>8))+((BYTE)(FWVER)));
 194:VS4210/TOA_Protocol.c **** 
 195:VS4210/TOA_Protocol.c **** 							 	}
 196:VS4210/TOA_Protocol.c **** 						else	if(((protocol_data>=0x00)&&(protocol_data<=0x40))||((protocol_data>=0x64)&&(protocol_dat
 197:VS4210/TOA_Protocol.c **** 						{
 198:VS4210/TOA_Protocol.c **** 							#if(_DEBUG_MESSAGE_UART_Protocol==ON)
 199:VS4210/TOA_Protocol.c **** 							GraphicsPrint(MAGENTA,"(CMD:PRESET_LOAD)");
 200:VS4210/TOA_Protocol.c **** 							#endif
 201:VS4210/TOA_Protocol.c **** 
 202:VS4210/TOA_Protocol.c **** 							TVI_Command=0x22;
 203:VS4210/TOA_Protocol.c **** 							presetNum=protocol_data;
 204:VS4210/TOA_Protocol.c **** 							TVI_speed=0;
 205:VS4210/TOA_Protocol.c **** 							TVI_Chksum=0xC5;
 206:VS4210/TOA_Protocol.c **** 							ptztxflag=1;	
 207:VS4210/TOA_Protocol.c **** 							CMDCount=3;
 208:VS4210/TOA_Protocol.c **** 
 209:VS4210/TOA_Protocol.c **** 						}
 210:VS4210/TOA_Protocol.c **** 					else if(protocol_data==0x42)
 211:VS4210/TOA_Protocol.c **** 						{
 212:VS4210/TOA_Protocol.c **** 								#if(_DEBUG_MESSAGE_UART_Protocol==ON)
 213:VS4210/TOA_Protocol.c **** 								GraphicsPrint(MAGENTA,"(CMD:AUTO_SCAN)");
 214:VS4210/TOA_Protocol.c **** 								#endif
 215:VS4210/TOA_Protocol.c **** 							TVI_Command=0x23;
 216:VS4210/TOA_Protocol.c **** 							presetNum=protocol_data;
 217:VS4210/TOA_Protocol.c **** 							TVI_speed=0;
 218:VS4210/TOA_Protocol.c **** 							TVI_Chksum=00;
 219:VS4210/TOA_Protocol.c **** 							ptztxflag=1;
 220:VS4210/TOA_Protocol.c **** 							CMDCount=3;
 221:VS4210/TOA_Protocol.c **** 							
 222:VS4210/TOA_Protocol.c **** 						}
 223:VS4210/TOA_Protocol.c **** 					else if(((protocol_data>=0x47)&&(protocol_data<=0x4E)))				
 224:VS4210/TOA_Protocol.c **** 						{
 225:VS4210/TOA_Protocol.c **** 							#if(_DEBUG_MESSAGE_UART_Protocol==ON)
 226:VS4210/TOA_Protocol.c **** 							GraphicsPrint(MAGENTA,"(CMD:GROUP_TOUR)");
 227:VS4210/TOA_Protocol.c **** 							#endif
 228:VS4210/TOA_Protocol.c **** 							TVI_Command=0x24;
 229:VS4210/TOA_Protocol.c **** 							presetNum=protocol_data;
 230:VS4210/TOA_Protocol.c **** 							TVI_speed=0;
 231:VS4210/TOA_Protocol.c **** 							TVI_Chksum=00;
 232:VS4210/TOA_Protocol.c **** 							ptztxflag=1;	
 233:VS4210/TOA_Protocol.c **** 							CMDCount=3;
 234:VS4210/TOA_Protocol.c ****                             			}				
 235:VS4210/TOA_Protocol.c **** 					else if(protocol_data==0x5F)
 236:VS4210/TOA_Protocol.c **** 						{
 237:VS4210/TOA_Protocol.c **** 							#if(_DEBUG_MESSAGE_UART_Protocol==ON)
 238:VS4210/TOA_Protocol.c **** 							GraphicsPrint(YELLOW,"(CMD:OSD_MENU)");
 239:VS4210/TOA_Protocol.c **** 							#endif
 240:VS4210/TOA_Protocol.c **** 							TVI_Command=0x25;
 241:VS4210/TOA_Protocol.c **** 							presetNum=protocol_data;
 242:VS4210/TOA_Protocol.c **** 							TVI_speed=0;
 243:VS4210/TOA_Protocol.c **** 							TVI_Chksum=00;
 244:VS4210/TOA_Protocol.c **** 							ptztxflag=1;	
 245:VS4210/TOA_Protocol.c **** 							CMDCount=3;
 246:VS4210/TOA_Protocol.c **** 						}
 247:VS4210/TOA_Protocol.c **** 					else if(protocol_data==0x60)
ARM GAS  /tmp/ccj9oS9N.s 			page 6


 248:VS4210/TOA_Protocol.c **** 						{
 249:VS4210/TOA_Protocol.c **** 							#if(_DEBUG_MESSAGE_UART_Protocol==ON)
 250:VS4210/TOA_Protocol.c **** 							GraphicsPrint(CYAN,"(CMD:FOCUS_ADJUST)");
 251:VS4210/TOA_Protocol.c **** 							#endif	
 252:VS4210/TOA_Protocol.c **** 							TVI_Command=0x26;
 253:VS4210/TOA_Protocol.c **** 							presetNum=protocol_data;
 254:VS4210/TOA_Protocol.c **** 							TVI_speed=0;
 255:VS4210/TOA_Protocol.c **** 							TVI_Chksum=00;
 256:VS4210/TOA_Protocol.c **** 							ptztxflag=1;	
 257:VS4210/TOA_Protocol.c **** 							CMDCount=3;
 258:VS4210/TOA_Protocol.c **** 						}
 259:VS4210/TOA_Protocol.c **** 					else{
 260:VS4210/TOA_Protocol.c **** 
 261:VS4210/TOA_Protocol.c **** 						#if(_DEBUG_MESSAGE_UART_Protocol==ON)
 262:VS4210/TOA_Protocol.c **** 						GraphicsPrint(RED,"(1CMD: ERROR)");
 263:VS4210/TOA_Protocol.c **** 						#endif	
 264:VS4210/TOA_Protocol.c **** 						}				
 265:VS4210/TOA_Protocol.c **** 						break;
 266:VS4210/TOA_Protocol.c **** case MCU_PROTOCOL_CMD_STOP:		
 267:VS4210/TOA_Protocol.c **** 							if(protocol_data==0x00)
 268:VS4210/TOA_Protocol.c **** 								{
 269:VS4210/TOA_Protocol.c **** 								if(CMDCount>0)
 270:VS4210/TOA_Protocol.c **** 									{
 271:VS4210/TOA_Protocol.c **** 									CMDCount--;
 272:VS4210/TOA_Protocol.c **** 								#if(_DEBUG_MESSAGE_UART_Protocol==ON)
 273:VS4210/TOA_Protocol.c **** 								GraphicsPrint(YELLOW,"(CMD:STOP)");
 274:VS4210/TOA_Protocol.c **** 								#endif		
 275:VS4210/TOA_Protocol.c **** 								
 276:VS4210/TOA_Protocol.c **** 								TVI_Command=0x14;
 277:VS4210/TOA_Protocol.c **** 								presetNum=0;
 278:VS4210/TOA_Protocol.c **** 								TVI_speed=0;
 279:VS4210/TOA_Protocol.c **** 								TVI_Chksum=0;
 280:VS4210/TOA_Protocol.c **** 								ptztxflag=1;	
 281:VS4210/TOA_Protocol.c **** 								
 282:VS4210/TOA_Protocol.c **** 									}
 283:VS4210/TOA_Protocol.c **** 								else
 284:VS4210/TOA_Protocol.c **** 									{
 285:VS4210/TOA_Protocol.c **** 									#if(_DEBUG_MESSAGE_UART_Protocol==ON)
 286:VS4210/TOA_Protocol.c **** 									GraphicsPrint(YELLOW,"(CMD:STOP no work)");
 287:VS4210/TOA_Protocol.c **** 									#endif		
 288:VS4210/TOA_Protocol.c **** 									CMDCount=0;
 289:VS4210/TOA_Protocol.c **** 
 290:VS4210/TOA_Protocol.c **** 									}
 291:VS4210/TOA_Protocol.c **** 								}
 292:VS4210/TOA_Protocol.c ****                              				 break;
 293:VS4210/TOA_Protocol.c **** case MCU_PROTOCOL_CMD_UP:
 294:VS4210/TOA_Protocol.c **** 								#if(_DEBUG_MESSAGE_UART_Protocol==ON)
 295:VS4210/TOA_Protocol.c **** 								GraphicsPrint(GREEN,"(CMD:UP)");
 296:VS4210/TOA_Protocol.c **** 								#endif
 297:VS4210/TOA_Protocol.c **** 								TVI_Command=0x06;
 298:VS4210/TOA_Protocol.c **** 								presetNum=protocol_data;
 299:VS4210/TOA_Protocol.c **** 								TVI_speed=(protocol_data>>8);
 300:VS4210/TOA_Protocol.c **** 								TVI_Chksum=0xDB;
 301:VS4210/TOA_Protocol.c **** 								ptztxflag=1;
 302:VS4210/TOA_Protocol.c **** 								CMDCount=3;
 303:VS4210/TOA_Protocol.c ****                             					break;
 304:VS4210/TOA_Protocol.c **** case MCU_PROTOCOL_CMD_RIGHT:
ARM GAS  /tmp/ccj9oS9N.s 			page 7


 305:VS4210/TOA_Protocol.c **** 								#if(_DEBUG_MESSAGE_UART_Protocol==ON)
 306:VS4210/TOA_Protocol.c **** 								GraphicsPrint(GREEN,"(CMD:RIGHT)");
 307:VS4210/TOA_Protocol.c **** 								#endif
 308:VS4210/TOA_Protocol.c **** 								TVI_Command=0x08;
 309:VS4210/TOA_Protocol.c **** 								presetNum=protocol_data;
 310:VS4210/TOA_Protocol.c **** 								TVI_speed=(protocol_data>>8);
 311:VS4210/TOA_Protocol.c **** 								TVI_Chksum=0xDD;
 312:VS4210/TOA_Protocol.c **** 								ptztxflag=1;
 313:VS4210/TOA_Protocol.c **** 								CMDCount=3;
 314:VS4210/TOA_Protocol.c ****                         				break;
 315:VS4210/TOA_Protocol.c **** case MCU_PROTOCOL_CMD_LEFT:	
 316:VS4210/TOA_Protocol.c **** 								#if(_DEBUG_MESSAGE_UART_Protocol==ON)
 317:VS4210/TOA_Protocol.c **** 								GraphicsPrint(GREEN,"(CMD:LEFT)");
 318:VS4210/TOA_Protocol.c **** 								#endif
 319:VS4210/TOA_Protocol.c **** 								TVI_Command=0x09;
 320:VS4210/TOA_Protocol.c **** 								presetNum=protocol_data;
 321:VS4210/TOA_Protocol.c **** 								TVI_speed=(protocol_data>>8);
 322:VS4210/TOA_Protocol.c **** 								TVI_Chksum=0xDE;
 323:VS4210/TOA_Protocol.c **** 								ptztxflag=1;	
 324:VS4210/TOA_Protocol.c **** 								CMDCount=3;
 325:VS4210/TOA_Protocol.c ****                         				break;
 326:VS4210/TOA_Protocol.c **** case MCU_PROTOCOL_CMD_DOWN:	
 327:VS4210/TOA_Protocol.c **** 								#if(_DEBUG_MESSAGE_UART_Protocol==ON)
 328:VS4210/TOA_Protocol.c **** 								GraphicsPrint(GREEN,"(CMD:DOWN)");
 329:VS4210/TOA_Protocol.c **** 								#endif
 330:VS4210/TOA_Protocol.c **** 								TVI_Command=0x07;
 331:VS4210/TOA_Protocol.c **** 								presetNum=protocol_data;
 332:VS4210/TOA_Protocol.c **** 								TVI_speed=(protocol_data>>8);
 333:VS4210/TOA_Protocol.c **** 								TVI_Chksum=0xDC;
 334:VS4210/TOA_Protocol.c **** 								ptztxflag=1;	
 335:VS4210/TOA_Protocol.c **** 								CMDCount=3;
 336:VS4210/TOA_Protocol.c ****                           						break;
 337:VS4210/TOA_Protocol.c **** case MCU_PROTOCOL_CMD_UP_RIGHT:	
 338:VS4210/TOA_Protocol.c **** 								#if(_DEBUG_MESSAGE_UART_Protocol==ON)
 339:VS4210/TOA_Protocol.c **** 								GraphicsPrint(GREEN,"(CMD:UP_RIGHT)");
 340:VS4210/TOA_Protocol.c **** 								#endif
 341:VS4210/TOA_Protocol.c **** 								TVI_Command=0x0C;
 342:VS4210/TOA_Protocol.c **** 								presetNum=protocol_data;
 343:VS4210/TOA_Protocol.c **** 								TVI_speed=(protocol_data>>8);
 344:VS4210/TOA_Protocol.c **** 								TVI_Chksum=0x20;
 345:VS4210/TOA_Protocol.c **** 								ptztxflag=1;	
 346:VS4210/TOA_Protocol.c **** 								CMDCount=3;
 347:VS4210/TOA_Protocol.c ****                           						break;
 348:VS4210/TOA_Protocol.c **** case MCU_PROTOCOL_CMD_DOWN_RIGHT:
 349:VS4210/TOA_Protocol.c **** 									#if(_DEBUG_MESSAGE_UART_Protocol==ON)
 350:VS4210/TOA_Protocol.c **** 								GraphicsPrint(GREEN,"(CMD:DOWN_RIGHT)");
 351:VS4210/TOA_Protocol.c **** 								#endif
 352:VS4210/TOA_Protocol.c **** 								TVI_Command=0x0D;
 353:VS4210/TOA_Protocol.c **** 								presetNum=protocol_data;
 354:VS4210/TOA_Protocol.c **** 								TVI_speed=(protocol_data>>8);
 355:VS4210/TOA_Protocol.c **** 								TVI_Chksum=0x21;
 356:VS4210/TOA_Protocol.c **** 								ptztxflag=1;
 357:VS4210/TOA_Protocol.c **** 								CMDCount=3;
 358:VS4210/TOA_Protocol.c ****                               					break;
 359:VS4210/TOA_Protocol.c **** case MCU_PROTOCOL_CMD_UP_LEFT:
 360:VS4210/TOA_Protocol.c **** 								#if(_DEBUG_MESSAGE_UART_Protocol==ON)
 361:VS4210/TOA_Protocol.c **** 								GraphicsPrint(GREEN,"(UP_LEFT)");
ARM GAS  /tmp/ccj9oS9N.s 			page 8


 362:VS4210/TOA_Protocol.c **** 								#endif
 363:VS4210/TOA_Protocol.c **** 								TVI_Command=0x0A;
 364:VS4210/TOA_Protocol.c **** 								presetNum=protocol_data;
 365:VS4210/TOA_Protocol.c **** 								TVI_speed=(protocol_data>>8);
 366:VS4210/TOA_Protocol.c **** 								TVI_Chksum=0x1E;
 367:VS4210/TOA_Protocol.c **** 								ptztxflag=1;
 368:VS4210/TOA_Protocol.c **** 								CMDCount=3;
 369:VS4210/TOA_Protocol.c **** 	                          				break;
 370:VS4210/TOA_Protocol.c **** case MCU_PROTOCOL_CMD_DOWN_LEFT:	
 371:VS4210/TOA_Protocol.c **** 								#if(_DEBUG_MESSAGE_UART_Protocol==ON)
 372:VS4210/TOA_Protocol.c **** 								GraphicsPrint(GREEN,"(CMD:DOWN_LEFT)");
 373:VS4210/TOA_Protocol.c **** 								#endif
 374:VS4210/TOA_Protocol.c **** 								TVI_Command=0x0B;
 375:VS4210/TOA_Protocol.c **** 								presetNum=protocol_data;
 376:VS4210/TOA_Protocol.c **** 								TVI_speed=(protocol_data>>8);
 377:VS4210/TOA_Protocol.c **** 								TVI_Chksum=0x1F;
 378:VS4210/TOA_Protocol.c **** 								ptztxflag=1;
 379:VS4210/TOA_Protocol.c **** 								CMDCount=3;
 380:VS4210/TOA_Protocol.c ****                               					break;
 381:VS4210/TOA_Protocol.c **** case MCU_PROTOCOL_CMD_ZOOM_IN:
 382:VS4210/TOA_Protocol.c **** 								#if(_DEBUG_MESSAGE_UART_Protocol==ON)
 383:VS4210/TOA_Protocol.c **** 								GraphicsPrint(GREEN,"(CMD:ZOOM_IN)");
 384:VS4210/TOA_Protocol.c **** 								#endif
 385:VS4210/TOA_Protocol.c **** 								TVI_Command=0x13;
 386:VS4210/TOA_Protocol.c **** 								presetNum=0x00;
 387:VS4210/TOA_Protocol.c **** 								TVI_speed=0x00;
 388:VS4210/TOA_Protocol.c **** 								TVI_Chksum=0xC9;
 389:VS4210/TOA_Protocol.c **** 								ptztxflag=1;
 390:VS4210/TOA_Protocol.c **** 								CMDCount=3;
 391:VS4210/TOA_Protocol.c ****                           					break;
 392:VS4210/TOA_Protocol.c **** case MCU_PROTOCOL_CMD_ZOOM_OUT:
 393:VS4210/TOA_Protocol.c **** 								#if(_DEBUG_MESSAGE_UART_Protocol==ON)
 394:VS4210/TOA_Protocol.c **** 								GraphicsPrint(GREEN,"(CMD:ZOOM_OUT)");
 395:VS4210/TOA_Protocol.c **** 								#endif
 396:VS4210/TOA_Protocol.c **** 								TVI_Command=0x12;
 397:VS4210/TOA_Protocol.c **** 								presetNum=0x00;
 398:VS4210/TOA_Protocol.c **** 								TVI_speed=0x00;
 399:VS4210/TOA_Protocol.c **** 								TVI_Chksum=0xC8;
 400:VS4210/TOA_Protocol.c **** 								ptztxflag=1;
 401:VS4210/TOA_Protocol.c **** 								CMDCount=3;
 402:VS4210/TOA_Protocol.c ****                           			  		break;
 403:VS4210/TOA_Protocol.c **** case MCU_PROTOCOL_CMD_FOCUS_NEAR:	
 404:VS4210/TOA_Protocol.c **** 								#if(_DEBUG_MESSAGE_UART_Protocol==ON)
 405:VS4210/TOA_Protocol.c **** 								GraphicsPrint(GREEN,"(CMD:FOCUS_NEAR)");
 406:VS4210/TOA_Protocol.c **** 								#endif
 407:VS4210/TOA_Protocol.c **** 								TVI_Command=0x11;
 408:VS4210/TOA_Protocol.c **** 								presetNum=0x00;
 409:VS4210/TOA_Protocol.c **** 								TVI_speed=0x00;
 410:VS4210/TOA_Protocol.c **** 								TVI_Chksum=0xC7;
 411:VS4210/TOA_Protocol.c **** 								ptztxflag=1;
 412:VS4210/TOA_Protocol.c **** 								CMDCount=3;
 413:VS4210/TOA_Protocol.c ****                                 				break;
 414:VS4210/TOA_Protocol.c **** case MCU_PROTOCOL_CMD_FOCUS_FAR:
 415:VS4210/TOA_Protocol.c **** 								#if(_DEBUG_MESSAGE_UART_Protocol==ON)
 416:VS4210/TOA_Protocol.c **** 								GraphicsPrint(GREEN,"(CMD:FOCUS_FAR)");
 417:VS4210/TOA_Protocol.c **** 								#endif
 418:VS4210/TOA_Protocol.c **** 								TVI_Command=0x10;
ARM GAS  /tmp/ccj9oS9N.s 			page 9


 419:VS4210/TOA_Protocol.c **** 								presetNum=0x00;
 420:VS4210/TOA_Protocol.c **** 								TVI_speed=0x00;
 421:VS4210/TOA_Protocol.c **** 								TVI_Chksum=0xC6;
 422:VS4210/TOA_Protocol.c **** 								ptztxflag=1;
 423:VS4210/TOA_Protocol.c **** 								CMDCount=3;
 424:VS4210/TOA_Protocol.c ****                                 				break;
 425:VS4210/TOA_Protocol.c **** case MCU_PROTOCOL_CMD_PRESET_SAVE:	
 426:VS4210/TOA_Protocol.c **** 								#if(_DEBUG_MESSAGE_UART_Protocol==ON)
 427:VS4210/TOA_Protocol.c **** 								GraphicsPrint(MAGENTA,"(CMD:PRESET_SAVE)");
 428:VS4210/TOA_Protocol.c **** 								#endif
 429:VS4210/TOA_Protocol.c **** 							TVI_Command=0x21;
 430:VS4210/TOA_Protocol.c **** 							presetNum=protocol_data;
 431:VS4210/TOA_Protocol.c **** 							TVI_speed=0;
 432:VS4210/TOA_Protocol.c **** 							TVI_Chksum=00;
 433:VS4210/TOA_Protocol.c **** 							ptztxflag=1;	
 434:VS4210/TOA_Protocol.c **** 							CMDCount=3;
 435:VS4210/TOA_Protocol.c ****                                     				break;	
 436:VS4210/TOA_Protocol.c **** case MCU_PROTOCOL_CMD_VS4210_W:
 437:VS4210/TOA_Protocol.c **** 	
 438:VS4210/TOA_Protocol.c **** 							#if(_DEBUG_MESSAGE_UART_Protocol==ON)
 439:VS4210/TOA_Protocol.c **** 							GraphicsPrint(BLUE,"\r\n(CMD:VS4210_W)");
 440:VS4210/TOA_Protocol.c **** 							#endif
 441:VS4210/TOA_Protocol.c **** 							addr=(BYTE)(protocol_data>>8); 	
 442:VS4210/TOA_Protocol.c **** 							dat=	(BYTE)protocol_data; 	
 443:VS4210/TOA_Protocol.c **** 							VXISI2CWrite(addr,dat); 
 444:VS4210/TOA_Protocol.c **** 							dat=	VXISI2CRead(addr); 	
 445:VS4210/TOA_Protocol.c **** 							 Printf("\r\nVS4210  Write addr=%02x  data=%02x",(WORD)addr,(WORD)dat);
 446:VS4210/TOA_Protocol.c **** 
 447:VS4210/TOA_Protocol.c **** 								break;			
 448:VS4210/TOA_Protocol.c **** case MCU_PROTOCOL_CMD_VS4210_R:	
 449:VS4210/TOA_Protocol.c **** 							#if(_DEBUG_MESSAGE_UART_Protocol==ON)
 450:VS4210/TOA_Protocol.c **** 							GraphicsPrint(CYAN,"\r\n(CMD:VS4210_R)");
 451:VS4210/TOA_Protocol.c **** 							#endif
 452:VS4210/TOA_Protocol.c **** 
 453:VS4210/TOA_Protocol.c **** 							addr=(BYTE)(protocol_data>>8); 	
 454:VS4210/TOA_Protocol.c **** 							dat=VXISI2CRead(addr); 	
 455:VS4210/TOA_Protocol.c **** 							 Printf("\r\nVS4210  Read addr=%02x  data=%02x",(WORD)addr,(WORD)dat);
 456:VS4210/TOA_Protocol.c **** 
 457:VS4210/TOA_Protocol.c **** 								break;
 458:VS4210/TOA_Protocol.c **** 							}
 459:VS4210/TOA_Protocol.c **** 
 460:VS4210/TOA_Protocol.c **** 						//#if(_DEBUG_MESSAGE_UART_Protocol==ON)
 461:VS4210/TOA_Protocol.c **** 						//GraphicsPrint(RED,"\r\n(CMD: protocol_cmd=%04x)",(WORD)protocol_cmd);
 462:VS4210/TOA_Protocol.c **** 						//#endif
 463:VS4210/TOA_Protocol.c **** 						
 464:VS4210/TOA_Protocol.c **** 						protocol_state=PROTOCOL_STATE_NONE;
 465:VS4210/TOA_Protocol.c **** 						
 466:VS4210/TOA_Protocol.c **** 						
 467:VS4210/TOA_Protocol.c **** 						}
 468:VS4210/TOA_Protocol.c **** 					else
 469:VS4210/TOA_Protocol.c **** 						{
 470:VS4210/TOA_Protocol.c **** 						#if(_DEBUG_MESSAGE_UART_Protocol==ON)
 471:VS4210/TOA_Protocol.c **** 						GraphicsPrint(RED,"(CHECKUSM ERROR)");
 472:VS4210/TOA_Protocol.c **** 						#endif
 473:VS4210/TOA_Protocol.c **** 						protocol_state=PROTOCOL_STATE_NONE;									
 474:VS4210/TOA_Protocol.c **** 						} 
 475:VS4210/TOA_Protocol.c **** 							break;
ARM GAS  /tmp/ccj9oS9N.s 			page 10


 476:VS4210/TOA_Protocol.c **** 
 477:VS4210/TOA_Protocol.c **** 
 478:VS4210/TOA_Protocol.c **** 	
 479:VS4210/TOA_Protocol.c **** 				//		}
 480:VS4210/TOA_Protocol.c **** 					/*
 481:VS4210/TOA_Protocol.c **** 						protocol_state=PROTOCOL_STATE_NONE;
 482:VS4210/TOA_Protocol.c **** 						
 483:VS4210/TOA_Protocol.c **** 						}
 484:VS4210/TOA_Protocol.c **** 					else
 485:VS4210/TOA_Protocol.c **** 						{
 486:VS4210/TOA_Protocol.c **** 						#if(_DEBUG_MESSAGE_UART_Protocol==ON)
 487:VS4210/TOA_Protocol.c **** 						GraphicsPrint(RED,"\r\n(CHECKUSM ERROR)");
 488:VS4210/TOA_Protocol.c **** 						#endif
 489:VS4210/TOA_Protocol.c **** 						protocol_state=PROTOCOL_STATE_NONE;									
 490:VS4210/TOA_Protocol.c **** 						}
 491:VS4210/TOA_Protocol.c **** 					break;
 492:VS4210/TOA_Protocol.c **** 				*/
 493:VS4210/TOA_Protocol.c **** 						default:
 494:VS4210/TOA_Protocol.c **** 						#if(_DEBUG_MESSAGE_UART_Protocol==ON)
 495:VS4210/TOA_Protocol.c **** 						GraphicsPrint(RED,"\r\n(2CMD: ERROR)");
 496:VS4210/TOA_Protocol.c **** 						#endif
 497:VS4210/TOA_Protocol.c **** 						protocol_state=PROTOCOL_STATE_NONE;	
 498:VS4210/TOA_Protocol.c **** 							break;
 499:VS4210/TOA_Protocol.c **** 			}
 500:VS4210/TOA_Protocol.c **** 
 501:VS4210/TOA_Protocol.c **** 
 502:VS4210/TOA_Protocol.c **** 			if(ptztxflag==1)
 503:VS4210/TOA_Protocol.c **** 				{
 504:VS4210/TOA_Protocol.c **** 				Get_2824cIrq();//check tp2824 COC
 505:VS4210/TOA_Protocol.c **** 				#if(_DEBUG_MESSAGE_UART_Protocol==ON)
 506:VS4210/TOA_Protocol.c **** 				//GraphicsPrint(GREEN,"(CMD:ACTION)");
 507:VS4210/TOA_Protocol.c **** 				GraphicsPrint(GREEN,"(A=%d)",(WORD)PtzTxChNum);
 508:VS4210/TOA_Protocol.c **** 				#endif
 509:VS4210/TOA_Protocol.c **** 				}
 510:VS4210/TOA_Protocol.c **** 	}
 511:VS4210/TOA_Protocol.c **** 
 512:VS4210/TOA_Protocol.c **** }
  40              		.loc 1 512 0
  41 0008 10BD     		pop	{r4, pc}
  42              	.L50:
  43              	.LBB2:
  70:VS4210/TOA_Protocol.c **** 		
  44              		.loc 1 70 0
  45 000a FFF7FEFF 		bl	RS2_rx
  46              	.LVL1:
  47 000e 0446     		mov	r4, r0
  48              	.LVL2:
  72:VS4210/TOA_Protocol.c **** 		{	
  49              		.loc 1 72 0
  50 0010 FF28     		cmp	r0, #255
  51 0012 1CD0     		beq	.L51
  52              	.L3:
  82:VS4210/TOA_Protocol.c **** 			{
  53              		.loc 1 82 0
  54 0014 AD4B     		ldr	r3, .L61
  55 0016 1B78     		ldrb	r3, [r3]	@ zero_extendqisi2
  56 0018 082B     		cmp	r3, #8
ARM GAS  /tmp/ccj9oS9N.s 			page 11


  57 001a 28D8     		bhi	.L52
  58              	.LVL3:
  59              	.L4:
 106:VS4210/TOA_Protocol.c **** 		{
  60              		.loc 1 106 0
  61 001c AC4B     		ldr	r3, .L61+4
  62 001e 1B78     		ldrb	r3, [r3]	@ zero_extendqisi2
  63 0020 072B     		cmp	r3, #7
  64 0022 07D0     		beq	.L5
 106:VS4210/TOA_Protocol.c **** 		{
  65              		.loc 1 106 0 is_stmt 0 discriminator 1
  66 0024 012B     		cmp	r3, #1
  67 0026 05D0     		beq	.L5
 106:VS4210/TOA_Protocol.c **** 		{
  68              		.loc 1 106 0 discriminator 2
  69 0028 022B     		cmp	r3, #2
  70 002a 03D0     		beq	.L5
 109:VS4210/TOA_Protocol.c **** 		}
  71              		.loc 1 109 0 is_stmt 1
  72 002c A949     		ldr	r1, .L61+8
  73 002e 0A78     		ldrb	r2, [r1]	@ zero_extendqisi2
  74 0030 2244     		add	r2, r2, r4
  75 0032 0A70     		strb	r2, [r1]
  76              	.L5:
 113:VS4210/TOA_Protocol.c **** 				{
  77              		.loc 1 113 0
  78 0034 013B     		subs	r3, r3, #1
  79 0036 062B     		cmp	r3, #6
  80 0038 00F23783 		bhi	.L6
  81 003c DFE813F0 		tbh	[pc, r3, lsl #1]
  82              	.L8:
  83 0040 1F00     		.2byte	(.L7-.L8)/2
  84 0042 3503     		.2byte	(.L6-.L8)/2
  85 0044 3800     		.2byte	(.L9-.L8)/2
  86 0046 4200     		.2byte	(.L10-.L8)/2
  87 0048 4F00     		.2byte	(.L11-.L8)/2
  88 004a 5900     		.2byte	(.L12-.L8)/2
  89 004c 6600     		.2byte	(.L13-.L8)/2
  90              	.LVL4:
  91              		.p2align 1
  92              	.L51:
  72:VS4210/TOA_Protocol.c **** 		{	
  93              		.loc 1 72 0 discriminator 1
  94 004e A04B     		ldr	r3, .L61+4
  95 0050 1B78     		ldrb	r3, [r3]	@ zero_extendqisi2
  96 0052 002B     		cmp	r3, #0
  97 0054 DED1     		bne	.L3
  75:VS4210/TOA_Protocol.c **** 			#endif
  98              		.loc 1 75 0
  99 0056 A048     		ldr	r0, .L61+12
 100              	.LVL5:
 101 0058 FFF7FEFF 		bl	Printf
 102              	.LVL6:
  78:VS4210/TOA_Protocol.c **** 			protocol_chksum = 0;
 103              		.loc 1 78 0
 104 005c 0123     		movs	r3, #1
 105 005e 9C4A     		ldr	r2, .L61+4
ARM GAS  /tmp/ccj9oS9N.s 			page 12


 106 0060 1370     		strb	r3, [r2]
  79:VS4210/TOA_Protocol.c **** 			protocol_data_count=1;
 107              		.loc 1 79 0
 108 0062 9C4A     		ldr	r2, .L61+8
 109 0064 0021     		movs	r1, #0
 110 0066 1170     		strb	r1, [r2]
  80:VS4210/TOA_Protocol.c **** 			return;	
 111              		.loc 1 80 0
 112 0068 984A     		ldr	r2, .L61
 113 006a 1370     		strb	r3, [r2]
  81:VS4210/TOA_Protocol.c **** 		}else if(protocol_data_count>8)//reset command error
 114              		.loc 1 81 0
 115 006c CCE7     		b	.L1
 116              	.LVL7:
 117              	.L52:
  85:VS4210/TOA_Protocol.c **** 					#endif
 118              		.loc 1 85 0
 119 006e 9B49     		ldr	r1, .L61+16
 120 0070 0120     		movs	r0, #1
 121              	.LVL8:
 122 0072 FFF7FEFF 		bl	GraphicsPrint
 123              	.LVL9:
  87:VS4210/TOA_Protocol.c **** 
 124              		.loc 1 87 0
 125 0076 964B     		ldr	r3, .L61+4
 126 0078 0022     		movs	r2, #0
 127 007a 1A70     		strb	r2, [r3]
 128 007c CEE7     		b	.L4
 129              	.L7:
 120:VS4210/TOA_Protocol.c **** 						protocol_state=PROTOCOL_STATE_COM1;
 130              		.loc 1 120 0
 131 007e 9CB9     		cbnz	r4, .L14
 121:VS4210/TOA_Protocol.c **** 					else
 132              		.loc 1 121 0
 133 0080 934B     		ldr	r3, .L61+4
 134 0082 0322     		movs	r2, #3
 135 0084 1A70     		strb	r2, [r3]
 136              	.L15:
 125:VS4210/TOA_Protocol.c **** 					break;
 137              		.loc 1 125 0
 138 0086 914A     		ldr	r2, .L61
 139 0088 1378     		ldrb	r3, [r2]	@ zero_extendqisi2
 140 008a 0133     		adds	r3, r3, #1
 141 008c 1370     		strb	r3, [r2]
 142              	.L16:
 502:VS4210/TOA_Protocol.c **** 				{
 143              		.loc 1 502 0
 144 008e 944B     		ldr	r3, .L61+20
 145 0090 1B68     		ldr	r3, [r3]
 146 0092 012B     		cmp	r3, #1
 147 0094 B8D1     		bne	.L1
 504:VS4210/TOA_Protocol.c **** 				#if(_DEBUG_MESSAGE_UART_Protocol==ON)
 148              		.loc 1 504 0
 149 0096 FFF7FEFF 		bl	Get_2824cIrq
 150              	.LVL10:
 507:VS4210/TOA_Protocol.c **** 				#endif
 151              		.loc 1 507 0
ARM GAS  /tmp/ccj9oS9N.s 			page 13


 152 009a 924B     		ldr	r3, .L61+24
 153 009c 1A78     		ldrb	r2, [r3]	@ zero_extendqisi2
 154 009e 9249     		ldr	r1, .L61+28
 155 00a0 0220     		movs	r0, #2
 156 00a2 FFF7FEFF 		bl	GraphicsPrint
 157              	.LVL11:
 158 00a6 AFE7     		b	.L1
 159              	.L14:
 123:VS4210/TOA_Protocol.c **** 
 160              		.loc 1 123 0
 161 00a8 894B     		ldr	r3, .L61+4
 162 00aa 0022     		movs	r2, #0
 163 00ac 1A70     		strb	r2, [r3]
 164 00ae EAE7     		b	.L15
 165              	.L9:
 134:VS4210/TOA_Protocol.c **** 						protocol_state=PROTOCOL_STATE_COM2;
 166              		.loc 1 134 0
 167 00b0 8E4B     		ldr	r3, .L61+32
 168 00b2 1C60     		str	r4, [r3]
 135:VS4210/TOA_Protocol.c **** 						protocol_data_count++;
 169              		.loc 1 135 0
 170 00b4 864B     		ldr	r3, .L61+4
 171 00b6 0422     		movs	r2, #4
 172 00b8 1A70     		strb	r2, [r3]
 136:VS4210/TOA_Protocol.c **** 					break;
 173              		.loc 1 136 0
 174 00ba 844A     		ldr	r2, .L61
 175 00bc 1378     		ldrb	r3, [r2]	@ zero_extendqisi2
 176 00be 0133     		adds	r3, r3, #1
 177 00c0 1370     		strb	r3, [r2]
 137:VS4210/TOA_Protocol.c **** 
 178              		.loc 1 137 0
 179 00c2 E4E7     		b	.L16
 180              	.L10:
 145:VS4210/TOA_Protocol.c **** 						protocol_state=PROTOCOL_STATE_DATA1;				
 181              		.loc 1 145 0
 182 00c4 894A     		ldr	r2, .L61+32
 183 00c6 1368     		ldr	r3, [r2]
 184 00c8 44EA0324 		orr	r4, r4, r3, lsl #8
 185 00cc 1460     		str	r4, [r2]
 146:VS4210/TOA_Protocol.c **** 					protocol_data_count++;
 186              		.loc 1 146 0
 187 00ce 804B     		ldr	r3, .L61+4
 188 00d0 0522     		movs	r2, #5
 189 00d2 1A70     		strb	r2, [r3]
 147:VS4210/TOA_Protocol.c **** 					break;
 190              		.loc 1 147 0
 191 00d4 7D4A     		ldr	r2, .L61
 192 00d6 1378     		ldrb	r3, [r2]	@ zero_extendqisi2
 193 00d8 0133     		adds	r3, r3, #1
 194 00da 1370     		strb	r3, [r2]
 148:VS4210/TOA_Protocol.c **** 				case PROTOCOL_STATE_DATA1:	
 195              		.loc 1 148 0
 196 00dc D7E7     		b	.L16
 197              	.L11:
 154:VS4210/TOA_Protocol.c **** 						protocol_state=PROTOCOL_STATE_DATA2;				
 198              		.loc 1 154 0
ARM GAS  /tmp/ccj9oS9N.s 			page 14


 199 00de 844B     		ldr	r3, .L61+36
 200 00e0 1C60     		str	r4, [r3]
 155:VS4210/TOA_Protocol.c **** 						protocol_data_count++;		
 201              		.loc 1 155 0
 202 00e2 7B4B     		ldr	r3, .L61+4
 203 00e4 0622     		movs	r2, #6
 204 00e6 1A70     		strb	r2, [r3]
 156:VS4210/TOA_Protocol.c **** 					break;
 205              		.loc 1 156 0
 206 00e8 784A     		ldr	r2, .L61
 207 00ea 1378     		ldrb	r3, [r2]	@ zero_extendqisi2
 208 00ec 0133     		adds	r3, r3, #1
 209 00ee 1370     		strb	r3, [r2]
 157:VS4210/TOA_Protocol.c **** 				case PROTOCOL_STATE_DATA2:	
 210              		.loc 1 157 0
 211 00f0 CDE7     		b	.L16
 212              	.L12:
 162:VS4210/TOA_Protocol.c **** 						protocol_state=PROTOCOL_STATE_CHECKSUM;	
 213              		.loc 1 162 0
 214 00f2 7F4A     		ldr	r2, .L61+36
 215 00f4 1368     		ldr	r3, [r2]
 216 00f6 44EA0324 		orr	r4, r4, r3, lsl #8
 217 00fa 1460     		str	r4, [r2]
 163:VS4210/TOA_Protocol.c **** 						protocol_data_count++;
 218              		.loc 1 163 0
 219 00fc 744B     		ldr	r3, .L61+4
 220 00fe 0722     		movs	r2, #7
 221 0100 1A70     		strb	r2, [r3]
 164:VS4210/TOA_Protocol.c **** 					break;
 222              		.loc 1 164 0
 223 0102 724A     		ldr	r2, .L61
 224 0104 1378     		ldrb	r3, [r2]	@ zero_extendqisi2
 225 0106 0133     		adds	r3, r3, #1
 226 0108 1370     		strb	r3, [r2]
 165:VS4210/TOA_Protocol.c **** 				case PROTOCOL_STATE_CHECKSUM:		
 227              		.loc 1 165 0
 228 010a C0E7     		b	.L16
 229              	.L13:
 167:VS4210/TOA_Protocol.c **** 						{
 230              		.loc 1 167 0
 231 010c 714B     		ldr	r3, .L61+8
 232 010e 1B78     		ldrb	r3, [r3]	@ zero_extendqisi2
 233 0110 A342     		cmp	r3, r4
 234 0112 40F0C282 		bne	.L17
 169:VS4210/TOA_Protocol.c **** 							switch(protocol_cmd)
 235              		.loc 1 169 0
 236 0116 6D4A     		ldr	r2, .L61
 237 0118 1378     		ldrb	r3, [r2]	@ zero_extendqisi2
 238 011a 0133     		adds	r3, r3, #1
 239 011c 1370     		strb	r3, [r2]
 170:VS4210/TOA_Protocol.c **** 							{
 240              		.loc 1 170 0
 241 011e 734B     		ldr	r3, .L61+32
 242 0120 1B68     		ldr	r3, [r3]
 243 0122 102B     		cmp	r3, #16
 244 0124 00F0D281 		beq	.L19
 245 0128 73D8     		bhi	.L20
ARM GAS  /tmp/ccj9oS9N.s 			page 15


 246 012a 042B     		cmp	r3, #4
 247 012c 00F0B681 		beq	.L21
 248 0130 21D9     		bls	.L53
 249 0132 082B     		cmp	r3, #8
 250 0134 00F07F81 		beq	.L26
 251 0138 44D9     		bls	.L54
 252 013a 0A2B     		cmp	r3, #10
 253 013c 00F0DE81 		beq	.L29
 254 0140 0C2B     		cmp	r3, #12
 255 0142 40F08F81 		bne	.L18
 361:VS4210/TOA_Protocol.c **** 								#endif
 256              		.loc 1 361 0
 257 0146 6B49     		ldr	r1, .L61+40
 258 0148 0220     		movs	r0, #2
 259 014a FFF7FEFF 		bl	GraphicsPrint
 260              	.LVL12:
 363:VS4210/TOA_Protocol.c **** 								presetNum=protocol_data;
 261              		.loc 1 363 0
 262 014e 6A4B     		ldr	r3, .L61+44
 263 0150 0A22     		movs	r2, #10
 264 0152 1A70     		strb	r2, [r3]
 364:VS4210/TOA_Protocol.c **** 								TVI_speed=(protocol_data>>8);
 265              		.loc 1 364 0
 266 0154 664B     		ldr	r3, .L61+36
 267 0156 1B68     		ldr	r3, [r3]
 268 0158 684A     		ldr	r2, .L61+48
 269 015a 1370     		strb	r3, [r2]
 365:VS4210/TOA_Protocol.c **** 								TVI_Chksum=0x1E;
 270              		.loc 1 365 0
 271 015c 1B0A     		lsrs	r3, r3, #8
 272 015e 684A     		ldr	r2, .L61+52
 273 0160 1370     		strb	r3, [r2]
 366:VS4210/TOA_Protocol.c **** 								ptztxflag=1;
 274              		.loc 1 366 0
 275 0162 684B     		ldr	r3, .L61+56
 276 0164 1E22     		movs	r2, #30
 277 0166 1A70     		strb	r2, [r3]
 367:VS4210/TOA_Protocol.c **** 								CMDCount=3;
 278              		.loc 1 367 0
 279 0168 5D4B     		ldr	r3, .L61+20
 280 016a 0122     		movs	r2, #1
 281 016c 1A60     		str	r2, [r3]
 368:VS4210/TOA_Protocol.c **** 	                          				break;
 282              		.loc 1 368 0
 283 016e 664B     		ldr	r3, .L61+60
 284 0170 0322     		movs	r2, #3
 285 0172 1A70     		strb	r2, [r3]
 369:VS4210/TOA_Protocol.c **** case MCU_PROTOCOL_CMD_DOWN_LEFT:	
 286              		.loc 1 369 0
 287 0174 76E1     		b	.L18
 288              	.L53:
 170:VS4210/TOA_Protocol.c **** 							{
 289              		.loc 1 170 0
 290 0176 022B     		cmp	r3, #2
 291 0178 00F07881 		beq	.L23
 292 017c 00F23082 		bhi	.L24
 293 0180 002B     		cmp	r3, #0
ARM GAS  /tmp/ccj9oS9N.s 			page 16


 294 0182 40F06F81 		bne	.L18
 267:VS4210/TOA_Protocol.c **** 								{
 295              		.loc 1 267 0
 296 0186 5A4B     		ldr	r3, .L61+36
 297 0188 1B68     		ldr	r3, [r3]
 298 018a 002B     		cmp	r3, #0
 299 018c 40F06A81 		bne	.L18
 269:VS4210/TOA_Protocol.c **** 									{
 300              		.loc 1 269 0
 301 0190 5D4B     		ldr	r3, .L61+60
 302 0192 1B78     		ldrb	r3, [r3]	@ zero_extendqisi2
 303 0194 002B     		cmp	r3, #0
 304 0196 00F04681 		beq	.L48
 271:VS4210/TOA_Protocol.c **** 								#if(_DEBUG_MESSAGE_UART_Protocol==ON)
 305              		.loc 1 271 0
 306 019a 013B     		subs	r3, r3, #1
 307 019c 5A4A     		ldr	r2, .L61+60
 308 019e 1370     		strb	r3, [r2]
 273:VS4210/TOA_Protocol.c **** 								#endif		
 309              		.loc 1 273 0
 310 01a0 5A49     		ldr	r1, .L61+64
 311 01a2 0320     		movs	r0, #3
 312 01a4 FFF7FEFF 		bl	GraphicsPrint
 313              	.LVL13:
 276:VS4210/TOA_Protocol.c **** 								presetNum=0;
 314              		.loc 1 276 0
 315 01a8 534B     		ldr	r3, .L61+44
 316 01aa 1422     		movs	r2, #20
 317 01ac 1A70     		strb	r2, [r3]
 277:VS4210/TOA_Protocol.c **** 								TVI_speed=0;
 318              		.loc 1 277 0
 319 01ae 0023     		movs	r3, #0
 320 01b0 524A     		ldr	r2, .L61+48
 321 01b2 1370     		strb	r3, [r2]
 278:VS4210/TOA_Protocol.c **** 								TVI_Chksum=0;
 322              		.loc 1 278 0
 323 01b4 524A     		ldr	r2, .L61+52
 324 01b6 1370     		strb	r3, [r2]
 279:VS4210/TOA_Protocol.c **** 								ptztxflag=1;	
 325              		.loc 1 279 0
 326 01b8 524A     		ldr	r2, .L61+56
 327 01ba 1370     		strb	r3, [r2]
 280:VS4210/TOA_Protocol.c **** 								
 328              		.loc 1 280 0
 329 01bc 484B     		ldr	r3, .L61+20
 330 01be 0122     		movs	r2, #1
 331 01c0 1A60     		str	r2, [r3]
 332 01c2 4FE1     		b	.L18
 333              	.L54:
 170:VS4210/TOA_Protocol.c **** 							{
 334              		.loc 1 170 0
 335 01c4 072B     		cmp	r3, #7
 336 01c6 40F04D81 		bne	.L18
 174:VS4210/TOA_Protocol.c **** 							 	{
 337              		.loc 1 174 0
 338 01ca 494B     		ldr	r3, .L61+36
 339 01cc 1B68     		ldr	r3, [r3]
ARM GAS  /tmp/ccj9oS9N.s 			page 17


 340 01ce C92B     		cmp	r3, #201
 341 01d0 00F0A880 		beq	.L55
 196:VS4210/TOA_Protocol.c **** 						{
 342              		.loc 1 196 0
 343 01d4 402B     		cmp	r3, #64
 344 01d6 04D9     		bls	.L42
 196:VS4210/TOA_Protocol.c **** 						{
 345              		.loc 1 196 0 is_stmt 0 discriminator 1
 346 01d8 A3F16402 		sub	r2, r3, #100
 347 01dc 642A     		cmp	r2, #100
 348 01de 00F2B780 		bhi	.L43
 349              	.L42:
 199:VS4210/TOA_Protocol.c **** 							#endif
 350              		.loc 1 199 0 is_stmt 1
 351 01e2 4B49     		ldr	r1, .L61+68
 352 01e4 0520     		movs	r0, #5
 353 01e6 FFF7FEFF 		bl	GraphicsPrint
 354              	.LVL14:
 202:VS4210/TOA_Protocol.c **** 							presetNum=protocol_data;
 355              		.loc 1 202 0
 356 01ea 434B     		ldr	r3, .L61+44
 357 01ec 2222     		movs	r2, #34
 358 01ee 1A70     		strb	r2, [r3]
 203:VS4210/TOA_Protocol.c **** 							TVI_speed=0;
 359              		.loc 1 203 0
 360 01f0 3F4B     		ldr	r3, .L61+36
 361 01f2 1A68     		ldr	r2, [r3]
 362 01f4 414B     		ldr	r3, .L61+48
 363 01f6 1A70     		strb	r2, [r3]
 204:VS4210/TOA_Protocol.c **** 							TVI_Chksum=0xC5;
 364              		.loc 1 204 0
 365 01f8 414B     		ldr	r3, .L61+52
 366 01fa 0022     		movs	r2, #0
 367 01fc 1A70     		strb	r2, [r3]
 205:VS4210/TOA_Protocol.c **** 							ptztxflag=1;	
 368              		.loc 1 205 0
 369 01fe 414B     		ldr	r3, .L61+56
 370 0200 C522     		movs	r2, #197
 371 0202 1A70     		strb	r2, [r3]
 206:VS4210/TOA_Protocol.c **** 							CMDCount=3;
 372              		.loc 1 206 0
 373 0204 364B     		ldr	r3, .L61+20
 374 0206 0122     		movs	r2, #1
 375 0208 1A60     		str	r2, [r3]
 207:VS4210/TOA_Protocol.c **** 
 376              		.loc 1 207 0
 377 020a 3F4B     		ldr	r3, .L61+60
 378 020c 0322     		movs	r2, #3
 379 020e 1A70     		strb	r2, [r3]
 380 0210 28E1     		b	.L18
 381              	.L20:
 170:VS4210/TOA_Protocol.c **** 							{
 382              		.loc 1 170 0
 383 0212 402B     		cmp	r3, #64
 384 0214 00F0B881 		beq	.L31
 385 0218 1DD9     		bls	.L56
 386 021a B3F5807F 		cmp	r3, #256
ARM GAS  /tmp/ccj9oS9N.s 			page 18


 387 021e 00F0C981 		beq	.L36
 388 0222 39D9     		bls	.L57
 389 0224 41F21112 		movw	r2, #4369
 390 0228 9342     		cmp	r3, r2
 391 022a 00F02182 		beq	.L39
 392 022e 42F22222 		movw	r2, #8738
 393 0232 9342     		cmp	r3, r2
 394 0234 40F01681 		bne	.L18
 450:VS4210/TOA_Protocol.c **** 							#endif
 395              		.loc 1 450 0
 396 0238 3649     		ldr	r1, .L61+72
 397 023a 0620     		movs	r0, #6
 398 023c FFF7FEFF 		bl	GraphicsPrint
 399              	.LVL15:
 453:VS4210/TOA_Protocol.c **** 							dat=VXISI2CRead(addr); 	
 400              		.loc 1 453 0
 401 0240 2B4B     		ldr	r3, .L61+36
 402 0242 5C78     		ldrb	r4, [r3, #1]	@ zero_extendqisi2
 403              	.LVL16:
 454:VS4210/TOA_Protocol.c **** 							 Printf("\r\nVS4210  Read addr=%02x  data=%02x",(WORD)addr,(WORD)dat);
 404              		.loc 1 454 0
 405 0244 2046     		mov	r0, r4
 406 0246 FFF7FEFF 		bl	VXISI2CRead
 407              	.LVL17:
 455:VS4210/TOA_Protocol.c **** 
 408              		.loc 1 455 0
 409 024a 0246     		mov	r2, r0
 410 024c 2146     		mov	r1, r4
 411 024e 3248     		ldr	r0, .L61+76
 412              	.LVL18:
 413 0250 FFF7FEFF 		bl	Printf
 414              	.LVL19:
 457:VS4210/TOA_Protocol.c **** 							}
 415              		.loc 1 457 0
 416 0254 06E1     		b	.L18
 417              	.LVL20:
 418              	.L56:
 170:VS4210/TOA_Protocol.c **** 							{
 419              		.loc 1 170 0
 420 0256 142B     		cmp	r3, #20
 421 0258 00F06881 		beq	.L33
 422 025c 202B     		cmp	r3, #32
 423 025e 00F07D81 		beq	.L34
 424 0262 122B     		cmp	r3, #18
 425 0264 40F0FE80 		bne	.L18
 350:VS4210/TOA_Protocol.c **** 								#endif
 426              		.loc 1 350 0
 427 0268 2C49     		ldr	r1, .L61+80
 428 026a 0220     		movs	r0, #2
 429 026c FFF7FEFF 		bl	GraphicsPrint
 430              	.LVL21:
 352:VS4210/TOA_Protocol.c **** 								presetNum=protocol_data;
 431              		.loc 1 352 0
 432 0270 214B     		ldr	r3, .L61+44
 433 0272 0D22     		movs	r2, #13
 434 0274 1A70     		strb	r2, [r3]
 353:VS4210/TOA_Protocol.c **** 								TVI_speed=(protocol_data>>8);
ARM GAS  /tmp/ccj9oS9N.s 			page 19


 435              		.loc 1 353 0
 436 0276 1E4B     		ldr	r3, .L61+36
 437 0278 1B68     		ldr	r3, [r3]
 438 027a 204A     		ldr	r2, .L61+48
 439 027c 1370     		strb	r3, [r2]
 354:VS4210/TOA_Protocol.c **** 								TVI_Chksum=0x21;
 440              		.loc 1 354 0
 441 027e 1B0A     		lsrs	r3, r3, #8
 442 0280 1F4A     		ldr	r2, .L61+52
 443 0282 1370     		strb	r3, [r2]
 355:VS4210/TOA_Protocol.c **** 								ptztxflag=1;
 444              		.loc 1 355 0
 445 0284 1F4B     		ldr	r3, .L61+56
 446 0286 2122     		movs	r2, #33
 447 0288 1A70     		strb	r2, [r3]
 356:VS4210/TOA_Protocol.c **** 								CMDCount=3;
 448              		.loc 1 356 0
 449 028a 154B     		ldr	r3, .L61+20
 450 028c 0122     		movs	r2, #1
 451 028e 1A60     		str	r2, [r3]
 357:VS4210/TOA_Protocol.c ****                               					break;
 452              		.loc 1 357 0
 453 0290 1D4B     		ldr	r3, .L61+60
 454 0292 0322     		movs	r2, #3
 455 0294 1A70     		strb	r2, [r3]
 358:VS4210/TOA_Protocol.c **** case MCU_PROTOCOL_CMD_UP_LEFT:
 456              		.loc 1 358 0
 457 0296 E5E0     		b	.L18
 458              	.L57:
 170:VS4210/TOA_Protocol.c **** 							{
 459              		.loc 1 170 0
 460 0298 802B     		cmp	r3, #128
 461 029a 40F0E380 		bne	.L18
 416:VS4210/TOA_Protocol.c **** 								#endif
 462              		.loc 1 416 0
 463 029e 2049     		ldr	r1, .L61+84
 464 02a0 0220     		movs	r0, #2
 465 02a2 FFF7FEFF 		bl	GraphicsPrint
 466              	.LVL22:
 418:VS4210/TOA_Protocol.c **** 								presetNum=0x00;
 467              		.loc 1 418 0
 468 02a6 144B     		ldr	r3, .L61+44
 469 02a8 1022     		movs	r2, #16
 470 02aa 1A70     		strb	r2, [r3]
 419:VS4210/TOA_Protocol.c **** 								TVI_speed=0x00;
 471              		.loc 1 419 0
 472 02ac 0023     		movs	r3, #0
 473 02ae 134A     		ldr	r2, .L61+48
 474 02b0 1370     		strb	r3, [r2]
 420:VS4210/TOA_Protocol.c **** 								TVI_Chksum=0xC6;
 475              		.loc 1 420 0
 476 02b2 134A     		ldr	r2, .L61+52
 477 02b4 1370     		strb	r3, [r2]
 421:VS4210/TOA_Protocol.c **** 								ptztxflag=1;
 478              		.loc 1 421 0
 479 02b6 134B     		ldr	r3, .L61+56
 480 02b8 C622     		movs	r2, #198
ARM GAS  /tmp/ccj9oS9N.s 			page 20


 481 02ba 1A70     		strb	r2, [r3]
 422:VS4210/TOA_Protocol.c **** 								CMDCount=3;
 482              		.loc 1 422 0
 483 02bc 084B     		ldr	r3, .L61+20
 484 02be 0122     		movs	r2, #1
 485 02c0 1A60     		str	r2, [r3]
 423:VS4210/TOA_Protocol.c ****                                 				break;
 486              		.loc 1 423 0
 487 02c2 114B     		ldr	r3, .L61+60
 488 02c4 0322     		movs	r2, #3
 489 02c6 1A70     		strb	r2, [r3]
 424:VS4210/TOA_Protocol.c **** case MCU_PROTOCOL_CMD_PRESET_SAVE:	
 490              		.loc 1 424 0
 491 02c8 CCE0     		b	.L18
 492              	.L62:
 493 02ca 00BF     		.align	2
 494              	.L61:
 495 02cc 00000000 		.word	.LANCHOR1
 496 02d0 00000000 		.word	.LANCHOR0
 497 02d4 00000000 		.word	protocol_chksum
 498 02d8 00000000 		.word	.LC0
 499 02dc 08000000 		.word	.LC1
 500 02e0 00000000 		.word	ptztxflag
 501 02e4 00000000 		.word	PtzTxChNum
 502 02e8 10020000 		.word	.LC29
 503 02ec 00000000 		.word	.LANCHOR2
 504 02f0 00000000 		.word	.LANCHOR3
 505 02f4 04010000 		.word	.LC16
 506 02f8 00000000 		.word	TVI_Command
 507 02fc 00000000 		.word	presetNum
 508 0300 00000000 		.word	TVI_speed
 509 0304 00000000 		.word	TVI_Chksum
 510 0308 00000000 		.word	.LANCHOR4
 511 030c 90000000 		.word	.LC8
 512 0310 24000000 		.word	.LC2
 513 0314 B4010000 		.word	.LC25
 514 0318 C8010000 		.word	.LC26
 515 031c F0000000 		.word	.LC15
 516 0320 54010000 		.word	.LC21
 517              	.L55:
 180:VS4210/TOA_Protocol.c **** 								RS2_tx(0x00);
 518              		.loc 1 180 0
 519 0324 FF20     		movs	r0, #255
 520 0326 FFF7FEFF 		bl	RS2_tx
 521              	.LVL23:
 181:VS4210/TOA_Protocol.c **** 								RS2_tx(0x00);
 522              		.loc 1 181 0
 523 032a 0020     		movs	r0, #0
 524 032c FFF7FEFF 		bl	RS2_tx
 525              	.LVL24:
 182:VS4210/TOA_Protocol.c **** 								RS2_tx(0x07);
 526              		.loc 1 182 0
 527 0330 0020     		movs	r0, #0
 528 0332 FFF7FEFF 		bl	RS2_tx
 529              	.LVL25:
 183:VS4210/TOA_Protocol.c **** 
 530              		.loc 1 183 0
ARM GAS  /tmp/ccj9oS9N.s 			page 21


 531 0336 0720     		movs	r0, #7
 532 0338 FFF7FEFF 		bl	RS2_tx
 533              	.LVL26:
 188:VS4210/TOA_Protocol.c **** 								RS2_tx((BYTE)(FWVER));//DATA2
 534              		.loc 1 188 0
 535 033c 1020     		movs	r0, #16
 536 033e FFF7FEFF 		bl	RS2_tx
 537              	.LVL27:
 189:VS4210/TOA_Protocol.c **** 									
 538              		.loc 1 189 0
 539 0342 0F20     		movs	r0, #15
 540 0344 FFF7FEFF 		bl	RS2_tx
 541              	.LVL28:
 193:VS4210/TOA_Protocol.c **** 
 542              		.loc 1 193 0
 543 0348 2620     		movs	r0, #38
 544 034a FFF7FEFF 		bl	RS2_tx
 545              	.LVL29:
 546 034e 89E0     		b	.L18
 547              	.L43:
 210:VS4210/TOA_Protocol.c **** 						{
 548              		.loc 1 210 0
 549 0350 422B     		cmp	r3, #66
 550 0352 1ED0     		beq	.L58
 223:VS4210/TOA_Protocol.c **** 						{
 551              		.loc 1 223 0
 552 0354 A3F14702 		sub	r2, r3, #71
 553 0358 072A     		cmp	r2, #7
 554 035a 31D9     		bls	.L59
 235:VS4210/TOA_Protocol.c **** 						{
 555              		.loc 1 235 0
 556 035c 5F2B     		cmp	r3, #95
 557 035e 46D0     		beq	.L60
 247:VS4210/TOA_Protocol.c **** 						{
 558              		.loc 1 247 0
 559 0360 602B     		cmp	r3, #96
 560 0362 5BD1     		bne	.L47
 250:VS4210/TOA_Protocol.c **** 							#endif	
 561              		.loc 1 250 0
 562 0364 AA49     		ldr	r1, .L63
 563 0366 0620     		movs	r0, #6
 564 0368 FFF7FEFF 		bl	GraphicsPrint
 565              	.LVL30:
 252:VS4210/TOA_Protocol.c **** 							presetNum=protocol_data;
 566              		.loc 1 252 0
 567 036c A94B     		ldr	r3, .L63+4
 568 036e 2622     		movs	r2, #38
 569 0370 1A70     		strb	r2, [r3]
 253:VS4210/TOA_Protocol.c **** 							TVI_speed=0;
 570              		.loc 1 253 0
 571 0372 A94B     		ldr	r3, .L63+8
 572 0374 1A68     		ldr	r2, [r3]
 573 0376 A94B     		ldr	r3, .L63+12
 574 0378 1A70     		strb	r2, [r3]
 254:VS4210/TOA_Protocol.c **** 							TVI_Chksum=00;
 575              		.loc 1 254 0
 576 037a 0023     		movs	r3, #0
ARM GAS  /tmp/ccj9oS9N.s 			page 22


 577 037c A84A     		ldr	r2, .L63+16
 578 037e 1370     		strb	r3, [r2]
 255:VS4210/TOA_Protocol.c **** 							ptztxflag=1;	
 579              		.loc 1 255 0
 580 0380 A84A     		ldr	r2, .L63+20
 581 0382 1370     		strb	r3, [r2]
 256:VS4210/TOA_Protocol.c **** 							CMDCount=3;
 582              		.loc 1 256 0
 583 0384 A84B     		ldr	r3, .L63+24
 584 0386 0122     		movs	r2, #1
 585 0388 1A60     		str	r2, [r3]
 257:VS4210/TOA_Protocol.c **** 						}
 586              		.loc 1 257 0
 587 038a A84B     		ldr	r3, .L63+28
 588 038c 0322     		movs	r2, #3
 589 038e 1A70     		strb	r2, [r3]
 590 0390 68E0     		b	.L18
 591              	.L58:
 213:VS4210/TOA_Protocol.c **** 								#endif
 592              		.loc 1 213 0
 593 0392 A749     		ldr	r1, .L63+32
 594 0394 0520     		movs	r0, #5
 595 0396 FFF7FEFF 		bl	GraphicsPrint
 596              	.LVL31:
 215:VS4210/TOA_Protocol.c **** 							presetNum=protocol_data;
 597              		.loc 1 215 0
 598 039a 9E4B     		ldr	r3, .L63+4
 599 039c 2322     		movs	r2, #35
 600 039e 1A70     		strb	r2, [r3]
 216:VS4210/TOA_Protocol.c **** 							TVI_speed=0;
 601              		.loc 1 216 0
 602 03a0 9D4B     		ldr	r3, .L63+8
 603 03a2 1A68     		ldr	r2, [r3]
 604 03a4 9D4B     		ldr	r3, .L63+12
 605 03a6 1A70     		strb	r2, [r3]
 217:VS4210/TOA_Protocol.c **** 							TVI_Chksum=00;
 606              		.loc 1 217 0
 607 03a8 0023     		movs	r3, #0
 608 03aa 9D4A     		ldr	r2, .L63+16
 609 03ac 1370     		strb	r3, [r2]
 218:VS4210/TOA_Protocol.c **** 							ptztxflag=1;
 610              		.loc 1 218 0
 611 03ae 9D4A     		ldr	r2, .L63+20
 612 03b0 1370     		strb	r3, [r2]
 219:VS4210/TOA_Protocol.c **** 							CMDCount=3;
 613              		.loc 1 219 0
 614 03b2 9D4B     		ldr	r3, .L63+24
 615 03b4 0122     		movs	r2, #1
 616 03b6 1A60     		str	r2, [r3]
 220:VS4210/TOA_Protocol.c **** 							
 617              		.loc 1 220 0
 618 03b8 9C4B     		ldr	r3, .L63+28
 619 03ba 0322     		movs	r2, #3
 620 03bc 1A70     		strb	r2, [r3]
 621 03be 51E0     		b	.L18
 622              	.L59:
 226:VS4210/TOA_Protocol.c **** 							#endif
ARM GAS  /tmp/ccj9oS9N.s 			page 23


 623              		.loc 1 226 0
 624 03c0 9C49     		ldr	r1, .L63+36
 625 03c2 0520     		movs	r0, #5
 626 03c4 FFF7FEFF 		bl	GraphicsPrint
 627              	.LVL32:
 228:VS4210/TOA_Protocol.c **** 							presetNum=protocol_data;
 628              		.loc 1 228 0
 629 03c8 924B     		ldr	r3, .L63+4
 630 03ca 2422     		movs	r2, #36
 631 03cc 1A70     		strb	r2, [r3]
 229:VS4210/TOA_Protocol.c **** 							TVI_speed=0;
 632              		.loc 1 229 0
 633 03ce 924B     		ldr	r3, .L63+8
 634 03d0 1A68     		ldr	r2, [r3]
 635 03d2 924B     		ldr	r3, .L63+12
 636 03d4 1A70     		strb	r2, [r3]
 230:VS4210/TOA_Protocol.c **** 							TVI_Chksum=00;
 637              		.loc 1 230 0
 638 03d6 0023     		movs	r3, #0
 639 03d8 914A     		ldr	r2, .L63+16
 640 03da 1370     		strb	r3, [r2]
 231:VS4210/TOA_Protocol.c **** 							ptztxflag=1;	
 641              		.loc 1 231 0
 642 03dc 914A     		ldr	r2, .L63+20
 643 03de 1370     		strb	r3, [r2]
 232:VS4210/TOA_Protocol.c **** 							CMDCount=3;
 644              		.loc 1 232 0
 645 03e0 914B     		ldr	r3, .L63+24
 646 03e2 0122     		movs	r2, #1
 647 03e4 1A60     		str	r2, [r3]
 233:VS4210/TOA_Protocol.c ****                             			}				
 648              		.loc 1 233 0
 649 03e6 914B     		ldr	r3, .L63+28
 650 03e8 0322     		movs	r2, #3
 651 03ea 1A70     		strb	r2, [r3]
 652 03ec 3AE0     		b	.L18
 653              	.L60:
 238:VS4210/TOA_Protocol.c **** 							#endif
 654              		.loc 1 238 0
 655 03ee 9249     		ldr	r1, .L63+40
 656 03f0 0320     		movs	r0, #3
 657 03f2 FFF7FEFF 		bl	GraphicsPrint
 658              	.LVL33:
 240:VS4210/TOA_Protocol.c **** 							presetNum=protocol_data;
 659              		.loc 1 240 0
 660 03f6 874B     		ldr	r3, .L63+4
 661 03f8 2522     		movs	r2, #37
 662 03fa 1A70     		strb	r2, [r3]
 241:VS4210/TOA_Protocol.c **** 							TVI_speed=0;
 663              		.loc 1 241 0
 664 03fc 864B     		ldr	r3, .L63+8
 665 03fe 1A68     		ldr	r2, [r3]
 666 0400 864B     		ldr	r3, .L63+12
 667 0402 1A70     		strb	r2, [r3]
 242:VS4210/TOA_Protocol.c **** 							TVI_Chksum=00;
 668              		.loc 1 242 0
 669 0404 0023     		movs	r3, #0
ARM GAS  /tmp/ccj9oS9N.s 			page 24


 670 0406 864A     		ldr	r2, .L63+16
 671 0408 1370     		strb	r3, [r2]
 243:VS4210/TOA_Protocol.c **** 							ptztxflag=1;	
 672              		.loc 1 243 0
 673 040a 864A     		ldr	r2, .L63+20
 674 040c 1370     		strb	r3, [r2]
 244:VS4210/TOA_Protocol.c **** 							CMDCount=3;
 675              		.loc 1 244 0
 676 040e 864B     		ldr	r3, .L63+24
 677 0410 0122     		movs	r2, #1
 678 0412 1A60     		str	r2, [r3]
 245:VS4210/TOA_Protocol.c **** 						}
 679              		.loc 1 245 0
 680 0414 854B     		ldr	r3, .L63+28
 681 0416 0322     		movs	r2, #3
 682 0418 1A70     		strb	r2, [r3]
 683 041a 23E0     		b	.L18
 684              	.L47:
 262:VS4210/TOA_Protocol.c **** 						#endif	
 685              		.loc 1 262 0
 686 041c 8749     		ldr	r1, .L63+44
 687 041e 0120     		movs	r0, #1
 688 0420 FFF7FEFF 		bl	GraphicsPrint
 689              	.LVL34:
 690 0424 1EE0     		b	.L18
 691              	.L48:
 286:VS4210/TOA_Protocol.c **** 									#endif		
 692              		.loc 1 286 0
 693 0426 8649     		ldr	r1, .L63+48
 694 0428 0320     		movs	r0, #3
 695 042a FFF7FEFF 		bl	GraphicsPrint
 696              	.LVL35:
 288:VS4210/TOA_Protocol.c **** 
 697              		.loc 1 288 0
 698 042e 7F4B     		ldr	r3, .L63+28
 699 0430 0022     		movs	r2, #0
 700 0432 1A70     		strb	r2, [r3]
 701 0434 16E0     		b	.L18
 702              	.L26:
 295:VS4210/TOA_Protocol.c **** 								#endif
 703              		.loc 1 295 0
 704 0436 8349     		ldr	r1, .L63+52
 705 0438 0220     		movs	r0, #2
 706 043a FFF7FEFF 		bl	GraphicsPrint
 707              	.LVL36:
 297:VS4210/TOA_Protocol.c **** 								presetNum=protocol_data;
 708              		.loc 1 297 0
 709 043e 754B     		ldr	r3, .L63+4
 710 0440 0622     		movs	r2, #6
 711 0442 1A70     		strb	r2, [r3]
 298:VS4210/TOA_Protocol.c **** 								TVI_speed=(protocol_data>>8);
 712              		.loc 1 298 0
 713 0444 744B     		ldr	r3, .L63+8
 714 0446 1B68     		ldr	r3, [r3]
 715 0448 744A     		ldr	r2, .L63+12
 716 044a 1370     		strb	r3, [r2]
 299:VS4210/TOA_Protocol.c **** 								TVI_Chksum=0xDB;
ARM GAS  /tmp/ccj9oS9N.s 			page 25


 717              		.loc 1 299 0
 718 044c 1B0A     		lsrs	r3, r3, #8
 719 044e 744A     		ldr	r2, .L63+16
 720 0450 1370     		strb	r3, [r2]
 300:VS4210/TOA_Protocol.c **** 								ptztxflag=1;
 721              		.loc 1 300 0
 722 0452 744B     		ldr	r3, .L63+20
 723 0454 DB22     		movs	r2, #219
 724 0456 1A70     		strb	r2, [r3]
 301:VS4210/TOA_Protocol.c **** 								CMDCount=3;
 725              		.loc 1 301 0
 726 0458 734B     		ldr	r3, .L63+24
 727 045a 0122     		movs	r2, #1
 728 045c 1A60     		str	r2, [r3]
 302:VS4210/TOA_Protocol.c ****                             					break;
 729              		.loc 1 302 0
 730 045e 734B     		ldr	r3, .L63+28
 731 0460 0322     		movs	r2, #3
 732 0462 1A70     		strb	r2, [r3]
 733              	.L18:
 464:VS4210/TOA_Protocol.c **** 						
 734              		.loc 1 464 0
 735 0464 784B     		ldr	r3, .L63+56
 736 0466 0022     		movs	r2, #0
 737 0468 1A70     		strb	r2, [r3]
 738 046a 10E6     		b	.L16
 739              	.L23:
 306:VS4210/TOA_Protocol.c **** 								#endif
 740              		.loc 1 306 0
 741 046c 7749     		ldr	r1, .L63+60
 742 046e 0220     		movs	r0, #2
 743 0470 FFF7FEFF 		bl	GraphicsPrint
 744              	.LVL37:
 308:VS4210/TOA_Protocol.c **** 								presetNum=protocol_data;
 745              		.loc 1 308 0
 746 0474 674B     		ldr	r3, .L63+4
 747 0476 0822     		movs	r2, #8
 748 0478 1A70     		strb	r2, [r3]
 309:VS4210/TOA_Protocol.c **** 								TVI_speed=(protocol_data>>8);
 749              		.loc 1 309 0
 750 047a 674B     		ldr	r3, .L63+8
 751 047c 1B68     		ldr	r3, [r3]
 752 047e 674A     		ldr	r2, .L63+12
 753 0480 1370     		strb	r3, [r2]
 310:VS4210/TOA_Protocol.c **** 								TVI_Chksum=0xDD;
 754              		.loc 1 310 0
 755 0482 1B0A     		lsrs	r3, r3, #8
 756 0484 664A     		ldr	r2, .L63+16
 757 0486 1370     		strb	r3, [r2]
 311:VS4210/TOA_Protocol.c **** 								ptztxflag=1;
 758              		.loc 1 311 0
 759 0488 664B     		ldr	r3, .L63+20
 760 048a DD22     		movs	r2, #221
 761 048c 1A70     		strb	r2, [r3]
 312:VS4210/TOA_Protocol.c **** 								CMDCount=3;
 762              		.loc 1 312 0
 763 048e 664B     		ldr	r3, .L63+24
ARM GAS  /tmp/ccj9oS9N.s 			page 26


 764 0490 0122     		movs	r2, #1
 765 0492 1A60     		str	r2, [r3]
 313:VS4210/TOA_Protocol.c ****                         				break;
 766              		.loc 1 313 0
 767 0494 654B     		ldr	r3, .L63+28
 768 0496 0322     		movs	r2, #3
 769 0498 1A70     		strb	r2, [r3]
 314:VS4210/TOA_Protocol.c **** case MCU_PROTOCOL_CMD_LEFT:	
 770              		.loc 1 314 0
 771 049a E3E7     		b	.L18
 772              	.L21:
 317:VS4210/TOA_Protocol.c **** 								#endif
 773              		.loc 1 317 0
 774 049c 6C49     		ldr	r1, .L63+64
 775 049e 0220     		movs	r0, #2
 776 04a0 FFF7FEFF 		bl	GraphicsPrint
 777              	.LVL38:
 319:VS4210/TOA_Protocol.c **** 								presetNum=protocol_data;
 778              		.loc 1 319 0
 779 04a4 5B4B     		ldr	r3, .L63+4
 780 04a6 0922     		movs	r2, #9
 781 04a8 1A70     		strb	r2, [r3]
 320:VS4210/TOA_Protocol.c **** 								TVI_speed=(protocol_data>>8);
 782              		.loc 1 320 0
 783 04aa 5B4B     		ldr	r3, .L63+8
 784 04ac 1B68     		ldr	r3, [r3]
 785 04ae 5B4A     		ldr	r2, .L63+12
 786 04b0 1370     		strb	r3, [r2]
 321:VS4210/TOA_Protocol.c **** 								TVI_Chksum=0xDE;
 787              		.loc 1 321 0
 788 04b2 1B0A     		lsrs	r3, r3, #8
 789 04b4 5A4A     		ldr	r2, .L63+16
 790 04b6 1370     		strb	r3, [r2]
 322:VS4210/TOA_Protocol.c **** 								ptztxflag=1;	
 791              		.loc 1 322 0
 792 04b8 5A4B     		ldr	r3, .L63+20
 793 04ba DE22     		movs	r2, #222
 794 04bc 1A70     		strb	r2, [r3]
 323:VS4210/TOA_Protocol.c **** 								CMDCount=3;
 795              		.loc 1 323 0
 796 04be 5A4B     		ldr	r3, .L63+24
 797 04c0 0122     		movs	r2, #1
 798 04c2 1A60     		str	r2, [r3]
 324:VS4210/TOA_Protocol.c ****                         				break;
 799              		.loc 1 324 0
 800 04c4 594B     		ldr	r3, .L63+28
 801 04c6 0322     		movs	r2, #3
 802 04c8 1A70     		strb	r2, [r3]
 325:VS4210/TOA_Protocol.c **** case MCU_PROTOCOL_CMD_DOWN:	
 803              		.loc 1 325 0
 804 04ca CBE7     		b	.L18
 805              	.L19:
 328:VS4210/TOA_Protocol.c **** 								#endif
 806              		.loc 1 328 0
 807 04cc 6149     		ldr	r1, .L63+68
 808 04ce 0220     		movs	r0, #2
 809 04d0 FFF7FEFF 		bl	GraphicsPrint
ARM GAS  /tmp/ccj9oS9N.s 			page 27


 810              	.LVL39:
 330:VS4210/TOA_Protocol.c **** 								presetNum=protocol_data;
 811              		.loc 1 330 0
 812 04d4 4F4B     		ldr	r3, .L63+4
 813 04d6 0722     		movs	r2, #7
 814 04d8 1A70     		strb	r2, [r3]
 331:VS4210/TOA_Protocol.c **** 								TVI_speed=(protocol_data>>8);
 815              		.loc 1 331 0
 816 04da 4F4B     		ldr	r3, .L63+8
 817 04dc 1B68     		ldr	r3, [r3]
 818 04de 4F4A     		ldr	r2, .L63+12
 819 04e0 1370     		strb	r3, [r2]
 332:VS4210/TOA_Protocol.c **** 								TVI_Chksum=0xDC;
 820              		.loc 1 332 0
 821 04e2 1B0A     		lsrs	r3, r3, #8
 822 04e4 4E4A     		ldr	r2, .L63+16
 823 04e6 1370     		strb	r3, [r2]
 333:VS4210/TOA_Protocol.c **** 								ptztxflag=1;	
 824              		.loc 1 333 0
 825 04e8 4E4B     		ldr	r3, .L63+20
 826 04ea DC22     		movs	r2, #220
 827 04ec 1A70     		strb	r2, [r3]
 334:VS4210/TOA_Protocol.c **** 								CMDCount=3;
 828              		.loc 1 334 0
 829 04ee 4E4B     		ldr	r3, .L63+24
 830 04f0 0122     		movs	r2, #1
 831 04f2 1A60     		str	r2, [r3]
 335:VS4210/TOA_Protocol.c ****                           						break;
 832              		.loc 1 335 0
 833 04f4 4D4B     		ldr	r3, .L63+28
 834 04f6 0322     		movs	r2, #3
 835 04f8 1A70     		strb	r2, [r3]
 336:VS4210/TOA_Protocol.c **** case MCU_PROTOCOL_CMD_UP_RIGHT:	
 836              		.loc 1 336 0
 837 04fa B3E7     		b	.L18
 838              	.L29:
 339:VS4210/TOA_Protocol.c **** 								#endif
 839              		.loc 1 339 0
 840 04fc 5649     		ldr	r1, .L63+72
 841 04fe 0220     		movs	r0, #2
 842 0500 FFF7FEFF 		bl	GraphicsPrint
 843              	.LVL40:
 341:VS4210/TOA_Protocol.c **** 								presetNum=protocol_data;
 844              		.loc 1 341 0
 845 0504 434B     		ldr	r3, .L63+4
 846 0506 0C22     		movs	r2, #12
 847 0508 1A70     		strb	r2, [r3]
 342:VS4210/TOA_Protocol.c **** 								TVI_speed=(protocol_data>>8);
 848              		.loc 1 342 0
 849 050a 434B     		ldr	r3, .L63+8
 850 050c 1B68     		ldr	r3, [r3]
 851 050e 434A     		ldr	r2, .L63+12
 852 0510 1370     		strb	r3, [r2]
 343:VS4210/TOA_Protocol.c **** 								TVI_Chksum=0x20;
 853              		.loc 1 343 0
 854 0512 1B0A     		lsrs	r3, r3, #8
 855 0514 424A     		ldr	r2, .L63+16
ARM GAS  /tmp/ccj9oS9N.s 			page 28


 856 0516 1370     		strb	r3, [r2]
 344:VS4210/TOA_Protocol.c **** 								ptztxflag=1;	
 857              		.loc 1 344 0
 858 0518 424B     		ldr	r3, .L63+20
 859 051a 2022     		movs	r2, #32
 860 051c 1A70     		strb	r2, [r3]
 345:VS4210/TOA_Protocol.c **** 								CMDCount=3;
 861              		.loc 1 345 0
 862 051e 424B     		ldr	r3, .L63+24
 863 0520 0122     		movs	r2, #1
 864 0522 1A60     		str	r2, [r3]
 346:VS4210/TOA_Protocol.c ****                           						break;
 865              		.loc 1 346 0
 866 0524 414B     		ldr	r3, .L63+28
 867 0526 0322     		movs	r2, #3
 868 0528 1A70     		strb	r2, [r3]
 347:VS4210/TOA_Protocol.c **** case MCU_PROTOCOL_CMD_DOWN_RIGHT:
 869              		.loc 1 347 0
 870 052a 9BE7     		b	.L18
 871              	.L33:
 372:VS4210/TOA_Protocol.c **** 								#endif
 872              		.loc 1 372 0
 873 052c 4B49     		ldr	r1, .L63+76
 874 052e 0220     		movs	r0, #2
 875 0530 FFF7FEFF 		bl	GraphicsPrint
 876              	.LVL41:
 374:VS4210/TOA_Protocol.c **** 								presetNum=protocol_data;
 877              		.loc 1 374 0
 878 0534 374B     		ldr	r3, .L63+4
 879 0536 0B22     		movs	r2, #11
 880 0538 1A70     		strb	r2, [r3]
 375:VS4210/TOA_Protocol.c **** 								TVI_speed=(protocol_data>>8);
 881              		.loc 1 375 0
 882 053a 374B     		ldr	r3, .L63+8
 883 053c 1B68     		ldr	r3, [r3]
 884 053e 374A     		ldr	r2, .L63+12
 885 0540 1370     		strb	r3, [r2]
 376:VS4210/TOA_Protocol.c **** 								TVI_Chksum=0x1F;
 886              		.loc 1 376 0
 887 0542 1B0A     		lsrs	r3, r3, #8
 888 0544 364A     		ldr	r2, .L63+16
 889 0546 1370     		strb	r3, [r2]
 377:VS4210/TOA_Protocol.c **** 								ptztxflag=1;
 890              		.loc 1 377 0
 891 0548 364B     		ldr	r3, .L63+20
 892 054a 1F22     		movs	r2, #31
 893 054c 1A70     		strb	r2, [r3]
 378:VS4210/TOA_Protocol.c **** 								CMDCount=3;
 894              		.loc 1 378 0
 895 054e 364B     		ldr	r3, .L63+24
 896 0550 0122     		movs	r2, #1
 897 0552 1A60     		str	r2, [r3]
 379:VS4210/TOA_Protocol.c ****                               					break;
 898              		.loc 1 379 0
 899 0554 354B     		ldr	r3, .L63+28
 900 0556 0322     		movs	r2, #3
 901 0558 1A70     		strb	r2, [r3]
ARM GAS  /tmp/ccj9oS9N.s 			page 29


 380:VS4210/TOA_Protocol.c **** case MCU_PROTOCOL_CMD_ZOOM_IN:
 902              		.loc 1 380 0
 903 055a 83E7     		b	.L18
 904              	.L34:
 383:VS4210/TOA_Protocol.c **** 								#endif
 905              		.loc 1 383 0
 906 055c 4049     		ldr	r1, .L63+80
 907 055e 0220     		movs	r0, #2
 908 0560 FFF7FEFF 		bl	GraphicsPrint
 909              	.LVL42:
 385:VS4210/TOA_Protocol.c **** 								presetNum=0x00;
 910              		.loc 1 385 0
 911 0564 2B4B     		ldr	r3, .L63+4
 912 0566 1322     		movs	r2, #19
 913 0568 1A70     		strb	r2, [r3]
 386:VS4210/TOA_Protocol.c **** 								TVI_speed=0x00;
 914              		.loc 1 386 0
 915 056a 0023     		movs	r3, #0
 916 056c 2B4A     		ldr	r2, .L63+12
 917 056e 1370     		strb	r3, [r2]
 387:VS4210/TOA_Protocol.c **** 								TVI_Chksum=0xC9;
 918              		.loc 1 387 0
 919 0570 2B4A     		ldr	r2, .L63+16
 920 0572 1370     		strb	r3, [r2]
 388:VS4210/TOA_Protocol.c **** 								ptztxflag=1;
 921              		.loc 1 388 0
 922 0574 2B4B     		ldr	r3, .L63+20
 923 0576 C922     		movs	r2, #201
 924 0578 1A70     		strb	r2, [r3]
 389:VS4210/TOA_Protocol.c **** 								CMDCount=3;
 925              		.loc 1 389 0
 926 057a 2B4B     		ldr	r3, .L63+24
 927 057c 0122     		movs	r2, #1
 928 057e 1A60     		str	r2, [r3]
 390:VS4210/TOA_Protocol.c ****                           					break;
 929              		.loc 1 390 0
 930 0580 2A4B     		ldr	r3, .L63+28
 931 0582 0322     		movs	r2, #3
 932 0584 1A70     		strb	r2, [r3]
 391:VS4210/TOA_Protocol.c **** case MCU_PROTOCOL_CMD_ZOOM_OUT:
 933              		.loc 1 391 0
 934 0586 6DE7     		b	.L18
 935              	.L31:
 394:VS4210/TOA_Protocol.c **** 								#endif
 936              		.loc 1 394 0
 937 0588 3649     		ldr	r1, .L63+84
 938 058a 0220     		movs	r0, #2
 939 058c FFF7FEFF 		bl	GraphicsPrint
 940              	.LVL43:
 396:VS4210/TOA_Protocol.c **** 								presetNum=0x00;
 941              		.loc 1 396 0
 942 0590 204B     		ldr	r3, .L63+4
 943 0592 1222     		movs	r2, #18
 944 0594 1A70     		strb	r2, [r3]
 397:VS4210/TOA_Protocol.c **** 								TVI_speed=0x00;
 945              		.loc 1 397 0
 946 0596 0023     		movs	r3, #0
ARM GAS  /tmp/ccj9oS9N.s 			page 30


 947 0598 204A     		ldr	r2, .L63+12
 948 059a 1370     		strb	r3, [r2]
 398:VS4210/TOA_Protocol.c **** 								TVI_Chksum=0xC8;
 949              		.loc 1 398 0
 950 059c 204A     		ldr	r2, .L63+16
 951 059e 1370     		strb	r3, [r2]
 399:VS4210/TOA_Protocol.c **** 								ptztxflag=1;
 952              		.loc 1 399 0
 953 05a0 204B     		ldr	r3, .L63+20
 954 05a2 C822     		movs	r2, #200
 955 05a4 1A70     		strb	r2, [r3]
 400:VS4210/TOA_Protocol.c **** 								CMDCount=3;
 956              		.loc 1 400 0
 957 05a6 204B     		ldr	r3, .L63+24
 958 05a8 0122     		movs	r2, #1
 959 05aa 1A60     		str	r2, [r3]
 401:VS4210/TOA_Protocol.c ****                           			  		break;
 960              		.loc 1 401 0
 961 05ac 1F4B     		ldr	r3, .L63+28
 962 05ae 0322     		movs	r2, #3
 963 05b0 1A70     		strb	r2, [r3]
 402:VS4210/TOA_Protocol.c **** case MCU_PROTOCOL_CMD_FOCUS_NEAR:	
 964              		.loc 1 402 0
 965 05b2 57E7     		b	.L18
 966              	.L36:
 405:VS4210/TOA_Protocol.c **** 								#endif
 967              		.loc 1 405 0
 968 05b4 2C49     		ldr	r1, .L63+88
 969 05b6 0220     		movs	r0, #2
 970 05b8 FFF7FEFF 		bl	GraphicsPrint
 971              	.LVL44:
 407:VS4210/TOA_Protocol.c **** 								presetNum=0x00;
 972              		.loc 1 407 0
 973 05bc 154B     		ldr	r3, .L63+4
 974 05be 1122     		movs	r2, #17
 975 05c0 1A70     		strb	r2, [r3]
 408:VS4210/TOA_Protocol.c **** 								TVI_speed=0x00;
 976              		.loc 1 408 0
 977 05c2 0023     		movs	r3, #0
 978 05c4 154A     		ldr	r2, .L63+12
 979 05c6 1370     		strb	r3, [r2]
 409:VS4210/TOA_Protocol.c **** 								TVI_Chksum=0xC7;
 980              		.loc 1 409 0
 981 05c8 154A     		ldr	r2, .L63+16
 982 05ca 1370     		strb	r3, [r2]
 410:VS4210/TOA_Protocol.c **** 								ptztxflag=1;
 983              		.loc 1 410 0
 984 05cc 154B     		ldr	r3, .L63+20
 985 05ce C722     		movs	r2, #199
 986 05d0 1A70     		strb	r2, [r3]
 411:VS4210/TOA_Protocol.c **** 								CMDCount=3;
 987              		.loc 1 411 0
 988 05d2 154B     		ldr	r3, .L63+24
 989 05d4 0122     		movs	r2, #1
 990 05d6 1A60     		str	r2, [r3]
 412:VS4210/TOA_Protocol.c ****                                 				break;
 991              		.loc 1 412 0
ARM GAS  /tmp/ccj9oS9N.s 			page 31


 992 05d8 144B     		ldr	r3, .L63+28
 993 05da 0322     		movs	r2, #3
 994 05dc 1A70     		strb	r2, [r3]
 413:VS4210/TOA_Protocol.c **** case MCU_PROTOCOL_CMD_FOCUS_FAR:
 995              		.loc 1 413 0
 996 05de 41E7     		b	.L18
 997              	.L24:
 427:VS4210/TOA_Protocol.c **** 								#endif
 998              		.loc 1 427 0
 999 05e0 2249     		ldr	r1, .L63+92
 1000 05e2 0520     		movs	r0, #5
 1001 05e4 FFF7FEFF 		bl	GraphicsPrint
 1002              	.LVL45:
 429:VS4210/TOA_Protocol.c **** 							presetNum=protocol_data;
 1003              		.loc 1 429 0
 1004 05e8 0A4B     		ldr	r3, .L63+4
 1005 05ea 2122     		movs	r2, #33
 1006 05ec 1A70     		strb	r2, [r3]
 430:VS4210/TOA_Protocol.c **** 							TVI_speed=0;
 1007              		.loc 1 430 0
 1008 05ee 0A4B     		ldr	r3, .L63+8
 1009 05f0 1A68     		ldr	r2, [r3]
 1010 05f2 0A4B     		ldr	r3, .L63+12
 1011 05f4 1A70     		strb	r2, [r3]
 431:VS4210/TOA_Protocol.c **** 							TVI_Chksum=00;
 1012              		.loc 1 431 0
 1013 05f6 0023     		movs	r3, #0
 1014 05f8 094A     		ldr	r2, .L63+16
 1015 05fa 1370     		strb	r3, [r2]
 432:VS4210/TOA_Protocol.c **** 							ptztxflag=1;	
 1016              		.loc 1 432 0
 1017 05fc 094A     		ldr	r2, .L63+20
 1018 05fe 1370     		strb	r3, [r2]
 433:VS4210/TOA_Protocol.c **** 							CMDCount=3;
 1019              		.loc 1 433 0
 1020 0600 094B     		ldr	r3, .L63+24
 1021 0602 0122     		movs	r2, #1
 1022 0604 1A60     		str	r2, [r3]
 434:VS4210/TOA_Protocol.c ****                                     				break;	
 1023              		.loc 1 434 0
 1024 0606 094B     		ldr	r3, .L63+28
 1025 0608 0322     		movs	r2, #3
 1026 060a 1A70     		strb	r2, [r3]
 435:VS4210/TOA_Protocol.c **** case MCU_PROTOCOL_CMD_VS4210_W:
 1027              		.loc 1 435 0
 1028 060c 2AE7     		b	.L18
 1029              	.L64:
 1030 060e 00BF     		.align	2
 1031              	.L63:
 1032 0610 6C000000 		.word	.LC6
 1033 0614 00000000 		.word	TVI_Command
 1034 0618 00000000 		.word	.LANCHOR3
 1035 061c 00000000 		.word	presetNum
 1036 0620 00000000 		.word	TVI_speed
 1037 0624 00000000 		.word	TVI_Chksum
 1038 0628 00000000 		.word	ptztxflag
 1039 062c 00000000 		.word	.LANCHOR4
ARM GAS  /tmp/ccj9oS9N.s 			page 32


 1040 0630 38000000 		.word	.LC3
 1041 0634 48000000 		.word	.LC4
 1042 0638 5C000000 		.word	.LC5
 1043 063c 80000000 		.word	.LC7
 1044 0640 9C000000 		.word	.LC9
 1045 0644 B0000000 		.word	.LC10
 1046 0648 00000000 		.word	.LANCHOR0
 1047 064c BC000000 		.word	.LC11
 1048 0650 C8000000 		.word	.LC12
 1049 0654 D4000000 		.word	.LC13
 1050 0658 E0000000 		.word	.LC14
 1051 065c 10010000 		.word	.LC17
 1052 0660 20010000 		.word	.LC18
 1053 0664 30010000 		.word	.LC19
 1054 0668 40010000 		.word	.LC20
 1055 066c 64010000 		.word	.LC22
 1056              	.L39:
 439:VS4210/TOA_Protocol.c **** 							#endif
 1057              		.loc 1 439 0
 1058 0670 1249     		ldr	r1, .L65
 1059 0672 0420     		movs	r0, #4
 1060 0674 FFF7FEFF 		bl	GraphicsPrint
 1061              	.LVL46:
 441:VS4210/TOA_Protocol.c **** 							dat=	(BYTE)protocol_data; 	
 1062              		.loc 1 441 0
 1063 0678 114B     		ldr	r3, .L65+4
 1064 067a 1968     		ldr	r1, [r3]
 1065 067c C1F30724 		ubfx	r4, r1, #8, #8
 1066              	.LVL47:
 443:VS4210/TOA_Protocol.c **** 							dat=	VXISI2CRead(addr); 	
 1067              		.loc 1 443 0
 1068 0680 C9B2     		uxtb	r1, r1
 1069 0682 2046     		mov	r0, r4
 1070 0684 FFF7FEFF 		bl	VXISI2CWrite
 1071              	.LVL48:
 444:VS4210/TOA_Protocol.c **** 							 Printf("\r\nVS4210  Write addr=%02x  data=%02x",(WORD)addr,(WORD)dat);
 1072              		.loc 1 444 0
 1073 0688 2046     		mov	r0, r4
 1074 068a FFF7FEFF 		bl	VXISI2CRead
 1075              	.LVL49:
 445:VS4210/TOA_Protocol.c **** 
 1076              		.loc 1 445 0
 1077 068e 0246     		mov	r2, r0
 1078 0690 2146     		mov	r1, r4
 1079 0692 0C48     		ldr	r0, .L65+8
 1080              	.LVL50:
 1081 0694 FFF7FEFF 		bl	Printf
 1082              	.LVL51:
 447:VS4210/TOA_Protocol.c **** case MCU_PROTOCOL_CMD_VS4210_R:	
 1083              		.loc 1 447 0
 1084 0698 E4E6     		b	.L18
 1085              	.LVL52:
 1086              	.L17:
 471:VS4210/TOA_Protocol.c **** 						#endif
 1087              		.loc 1 471 0
 1088 069a 0B49     		ldr	r1, .L65+12
 1089 069c 0120     		movs	r0, #1
ARM GAS  /tmp/ccj9oS9N.s 			page 33


 1090 069e FFF7FEFF 		bl	GraphicsPrint
 1091              	.LVL53:
 473:VS4210/TOA_Protocol.c **** 						} 
 1092              		.loc 1 473 0
 1093 06a2 0A4B     		ldr	r3, .L65+16
 1094 06a4 0022     		movs	r2, #0
 1095 06a6 1A70     		strb	r2, [r3]
 1096 06a8 F1E4     		b	.L16
 1097              	.L6:
 495:VS4210/TOA_Protocol.c **** 						#endif
 1098              		.loc 1 495 0
 1099 06aa 0949     		ldr	r1, .L65+20
 1100 06ac 0120     		movs	r0, #1
 1101 06ae FFF7FEFF 		bl	GraphicsPrint
 1102              	.LVL54:
 497:VS4210/TOA_Protocol.c **** 							break;
 1103              		.loc 1 497 0
 1104 06b2 064B     		ldr	r3, .L65+16
 1105 06b4 0022     		movs	r2, #0
 1106 06b6 1A70     		strb	r2, [r3]
 498:VS4210/TOA_Protocol.c **** 			}
 1107              		.loc 1 498 0
 1108 06b8 E9E4     		b	.L16
 1109              	.L66:
 1110 06ba 00BF     		.align	2
 1111              	.L65:
 1112 06bc 78010000 		.word	.LC23
 1113 06c0 00000000 		.word	.LANCHOR3
 1114 06c4 8C010000 		.word	.LC24
 1115 06c8 EC010000 		.word	.LC27
 1116 06cc 00000000 		.word	.LANCHOR0
 1117 06d0 00020000 		.word	.LC28
 1118              	.LBE2:
 1119              		.cfi_endproc
 1120              	.LFE68:
 1122              		.global	CMDCount
 1123              		.global	protocol_data
 1124              		.global	protocol_cmd
 1125              		.global	protocol_data_count
 1126              		.comm	protocol_chksum,1,1
 1127              		.comm	protocol_param,1,1
 1128              		.comm	protocol_len,1,1
 1129              		.comm	protocol_type,1,1
 1130              		.global	protocol_state
 1131              		.comm	protocol_escape_flag,4,4
 1132              		.comm	newInRes,4,4
 1133              		.section	.bss.CMDCount,"aw",%nobits
 1134              		.set	.LANCHOR4,. + 0
 1137              	CMDCount:
 1138 0000 00       		.space	1
 1139              		.section	.bss.protocol_cmd,"aw",%nobits
 1140              		.align	2
 1141              		.set	.LANCHOR2,. + 0
 1144              	protocol_cmd:
 1145 0000 00000000 		.space	4
 1146              		.section	.bss.protocol_data,"aw",%nobits
 1147              		.align	2
ARM GAS  /tmp/ccj9oS9N.s 			page 34


 1148              		.set	.LANCHOR3,. + 0
 1151              	protocol_data:
 1152 0000 00000000 		.space	4
 1153              		.section	.bss.protocol_data_count,"aw",%nobits
 1154              		.set	.LANCHOR1,. + 0
 1157              	protocol_data_count:
 1158 0000 00       		.space	1
 1159              		.section	.bss.protocol_state,"aw",%nobits
 1160              		.set	.LANCHOR0,. + 0
 1163              	protocol_state:
 1164 0000 00       		.space	1
 1165              		.section	.rodata.TOAReceivePaser.str1.4,"aMS",%progbits,1
 1166              		.align	2
 1167              	.LC0:
 1168 0000 0D0A2847 		.ascii	"\015\012(GOT)\000"
 1168      4F542900 
 1169              	.LC1:
 1170 0008 0D0A2870 		.ascii	"\015\012(protocol_data_count>8)\000"
 1170      726F746F 
 1170      636F6C5F 
 1170      64617461 
 1170      5F636F75 
 1171 0022 0000     		.space	2
 1172              	.LC2:
 1173 0024 28434D44 		.ascii	"(CMD:PRESET_LOAD)\000"
 1173      3A505245 
 1173      5345545F 
 1173      4C4F4144 
 1173      2900
 1174 0036 0000     		.space	2
 1175              	.LC3:
 1176 0038 28434D44 		.ascii	"(CMD:AUTO_SCAN)\000"
 1176      3A415554 
 1176      4F5F5343 
 1176      414E2900 
 1177              	.LC4:
 1178 0048 28434D44 		.ascii	"(CMD:GROUP_TOUR)\000"
 1178      3A47524F 
 1178      55505F54 
 1178      4F555229 
 1178      00
 1179 0059 000000   		.space	3
 1180              	.LC5:
 1181 005c 28434D44 		.ascii	"(CMD:OSD_MENU)\000"
 1181      3A4F5344 
 1181      5F4D454E 
 1181      552900
 1182 006b 00       		.space	1
 1183              	.LC6:
 1184 006c 28434D44 		.ascii	"(CMD:FOCUS_ADJUST)\000"
 1184      3A464F43 
 1184      55535F41 
 1184      444A5553 
 1184      542900
 1185 007f 00       		.space	1
 1186              	.LC7:
 1187 0080 2831434D 		.ascii	"(1CMD: ERROR)\000"
ARM GAS  /tmp/ccj9oS9N.s 			page 35


 1187      443A2045 
 1187      52524F52 
 1187      2900
 1188 008e 0000     		.space	2
 1189              	.LC8:
 1190 0090 28434D44 		.ascii	"(CMD:STOP)\000"
 1190      3A53544F 
 1190      502900
 1191 009b 00       		.space	1
 1192              	.LC9:
 1193 009c 28434D44 		.ascii	"(CMD:STOP no work)\000"
 1193      3A53544F 
 1193      50206E6F 
 1193      20776F72 
 1193      6B2900
 1194 00af 00       		.space	1
 1195              	.LC10:
 1196 00b0 28434D44 		.ascii	"(CMD:UP)\000"
 1196      3A555029 
 1196      00
 1197 00b9 000000   		.space	3
 1198              	.LC11:
 1199 00bc 28434D44 		.ascii	"(CMD:RIGHT)\000"
 1199      3A524947 
 1199      48542900 
 1200              	.LC12:
 1201 00c8 28434D44 		.ascii	"(CMD:LEFT)\000"
 1201      3A4C4546 
 1201      542900
 1202 00d3 00       		.space	1
 1203              	.LC13:
 1204 00d4 28434D44 		.ascii	"(CMD:DOWN)\000"
 1204      3A444F57 
 1204      4E2900
 1205 00df 00       		.space	1
 1206              	.LC14:
 1207 00e0 28434D44 		.ascii	"(CMD:UP_RIGHT)\000"
 1207      3A55505F 
 1207      52494748 
 1207      542900
 1208 00ef 00       		.space	1
 1209              	.LC15:
 1210 00f0 28434D44 		.ascii	"(CMD:DOWN_RIGHT)\000"
 1210      3A444F57 
 1210      4E5F5249 
 1210      47485429 
 1210      00
 1211 0101 000000   		.space	3
 1212              	.LC16:
 1213 0104 2855505F 		.ascii	"(UP_LEFT)\000"
 1213      4C454654 
 1213      2900
 1214 010e 0000     		.space	2
 1215              	.LC17:
 1216 0110 28434D44 		.ascii	"(CMD:DOWN_LEFT)\000"
 1216      3A444F57 
 1216      4E5F4C45 
ARM GAS  /tmp/ccj9oS9N.s 			page 36


 1216      46542900 
 1217              	.LC18:
 1218 0120 28434D44 		.ascii	"(CMD:ZOOM_IN)\000"
 1218      3A5A4F4F 
 1218      4D5F494E 
 1218      2900
 1219 012e 0000     		.space	2
 1220              	.LC19:
 1221 0130 28434D44 		.ascii	"(CMD:ZOOM_OUT)\000"
 1221      3A5A4F4F 
 1221      4D5F4F55 
 1221      542900
 1222 013f 00       		.space	1
 1223              	.LC20:
 1224 0140 28434D44 		.ascii	"(CMD:FOCUS_NEAR)\000"
 1224      3A464F43 
 1224      55535F4E 
 1224      45415229 
 1224      00
 1225 0151 000000   		.space	3
 1226              	.LC21:
 1227 0154 28434D44 		.ascii	"(CMD:FOCUS_FAR)\000"
 1227      3A464F43 
 1227      55535F46 
 1227      41522900 
 1228              	.LC22:
 1229 0164 28434D44 		.ascii	"(CMD:PRESET_SAVE)\000"
 1229      3A505245 
 1229      5345545F 
 1229      53415645 
 1229      2900
 1230 0176 0000     		.space	2
 1231              	.LC23:
 1232 0178 0D0A2843 		.ascii	"\015\012(CMD:VS4210_W)\000"
 1232      4D443A56 
 1232      53343231 
 1232      305F5729 
 1232      00
 1233 0189 000000   		.space	3
 1234              	.LC24:
 1235 018c 0D0A5653 		.ascii	"\015\012VS4210  Write addr=%02x  data=%02x\000"
 1235      34323130 
 1235      20205772 
 1235      69746520 
 1235      61646472 
 1236 01b1 000000   		.space	3
 1237              	.LC25:
 1238 01b4 0D0A2843 		.ascii	"\015\012(CMD:VS4210_R)\000"
 1238      4D443A56 
 1238      53343231 
 1238      305F5229 
 1238      00
 1239 01c5 000000   		.space	3
 1240              	.LC26:
 1241 01c8 0D0A5653 		.ascii	"\015\012VS4210  Read addr=%02x  data=%02x\000"
 1241      34323130 
 1241      20205265 
ARM GAS  /tmp/ccj9oS9N.s 			page 37


 1241      61642061 
 1241      6464723D 
 1242              	.LC27:
 1243 01ec 28434845 		.ascii	"(CHECKUSM ERROR)\000"
 1243      434B5553 
 1243      4D204552 
 1243      524F5229 
 1243      00
 1244 01fd 000000   		.space	3
 1245              	.LC28:
 1246 0200 0D0A2832 		.ascii	"\015\012(2CMD: ERROR)\000"
 1246      434D443A 
 1246      20455252 
 1246      4F522900 
 1247              	.LC29:
 1248 0210 28413D25 		.ascii	"(A=%d)\000"
 1248      642900
 1249              		.text
 1250              	.Letext0:
 1251              		.file 2 "/home/ryan/xun/gcc-arm-none-eabi-7-2018-q2-update/arm-none-eabi/include/machine/_default_
 1252              		.file 3 "/home/ryan/xun/gcc-arm-none-eabi-7-2018-q2-update/arm-none-eabi/include/sys/lock.h"
 1253              		.file 4 "/home/ryan/xun/gcc-arm-none-eabi-7-2018-q2-update/arm-none-eabi/include/sys/_types.h"
 1254              		.file 5 "/home/ryan/xun/gcc-arm-none-eabi-7-2018-q2-update/lib/gcc/arm-none-eabi/7.3.1/include/std
 1255              		.file 6 "/home/ryan/xun/gcc-arm-none-eabi-7-2018-q2-update/arm-none-eabi/include/sys/reent.h"
 1256              		.file 7 "/home/ryan/xun/gcc-arm-none-eabi-7-2018-q2-update/arm-none-eabi/include/sys/_stdint.h"
 1257              		.file 8 "VS4210/VXIS_Extern_Define.h"
 1258              		.file 9 "VS4210/VS4210.h"
 1259              		.file 10 "Drivers/CMSIS/Include/core_cm3.h"
 1260              		.file 11 "Drivers/CMSIS/Device/ST/STM32F1xx/Include/system_stm32f1xx.h"
 1261              		.file 12 "Drivers/STM32F1xx_HAL_Driver/Inc/stm32f1xx_hal.h"
 1262              		.file 13 "sw_i2c/VX_swi2c.h"
 1263              		.file 14 "VS4210/VS4210_param_Mode88.h"
 1264              		.file 15 "VS4210/VS4210_param_Modex26.h"
 1265              		.file 16 "TP2824/tpinc/TP2802.h"
 1266              		.file 17 "VS4210/TOA_Protocol.h"
 1267              		.file 18 "VS4210/Printf.h"
 1268              		.file 19 "Inc/main.h"
ARM GAS  /tmp/ccj9oS9N.s 			page 38


DEFINED SYMBOLS
                            *ABS*:0000000000000000 TOA_Protocol.c
     /tmp/ccj9oS9N.s:16     .text.TOAReceivePaser:0000000000000000 $t
     /tmp/ccj9oS9N.s:23     .text.TOAReceivePaser:0000000000000000 TOAReceivePaser
     /tmp/ccj9oS9N.s:83     .text.TOAReceivePaser:0000000000000040 $d
     /tmp/ccj9oS9N.s:91     .text.TOAReceivePaser:000000000000004e $t
     /tmp/ccj9oS9N.s:495    .text.TOAReceivePaser:00000000000002cc $d
                            *COM*:0000000000000001 protocol_chksum
     /tmp/ccj9oS9N.s:519    .text.TOAReceivePaser:0000000000000324 $t
     /tmp/ccj9oS9N.s:1032   .text.TOAReceivePaser:0000000000000610 $d
     /tmp/ccj9oS9N.s:1058   .text.TOAReceivePaser:0000000000000670 $t
     /tmp/ccj9oS9N.s:1112   .text.TOAReceivePaser:00000000000006bc $d
     /tmp/ccj9oS9N.s:1137   .bss.CMDCount:0000000000000000 CMDCount
     /tmp/ccj9oS9N.s:1151   .bss.protocol_data:0000000000000000 protocol_data
     /tmp/ccj9oS9N.s:1144   .bss.protocol_cmd:0000000000000000 protocol_cmd
     /tmp/ccj9oS9N.s:1157   .bss.protocol_data_count:0000000000000000 protocol_data_count
                            *COM*:0000000000000001 protocol_param
                            *COM*:0000000000000001 protocol_len
                            *COM*:0000000000000001 protocol_type
     /tmp/ccj9oS9N.s:1163   .bss.protocol_state:0000000000000000 protocol_state
                            *COM*:0000000000000004 protocol_escape_flag
                            *COM*:0000000000000004 newInRes
     /tmp/ccj9oS9N.s:1138   .bss.CMDCount:0000000000000000 $d
     /tmp/ccj9oS9N.s:1140   .bss.protocol_cmd:0000000000000000 $d
     /tmp/ccj9oS9N.s:1147   .bss.protocol_data:0000000000000000 $d
     /tmp/ccj9oS9N.s:1158   .bss.protocol_data_count:0000000000000000 $d
     /tmp/ccj9oS9N.s:1164   .bss.protocol_state:0000000000000000 $d
     /tmp/ccj9oS9N.s:1166   .rodata.TOAReceivePaser.str1.4:0000000000000000 $d

UNDEFINED SYMBOLS
RS2_ready
RS2_rx
Printf
GraphicsPrint
Get_2824cIrq
VXISI2CRead
ptztxflag
PtzTxChNum
TVI_Command
presetNum
TVI_speed
TVI_Chksum
RS2_tx
VXISI2CWrite
